\BOOKMARK [1][-]{section.1}{1 導入}{}% 1
\BOOKMARK [1][-]{section.2}{2 準拠事項}{}% 2
\BOOKMARK [1][-]{section.3}{3 具象構文表記法}{}% 3
\BOOKMARK [1][-]{section.4}{4 データ型定義}{}% 4
\BOOKMARK [2][-]{subsection.4.1}{4.1 基本データ型}{section.4}% 5
\BOOKMARK [3][-]{subsubsection.4.1.1}{4.1.1 ブール型}{subsection.4.1}% 6
\BOOKMARK [3][-]{subsubsection.4.1.2}{4.1.2 数値型}{subsection.4.1}% 7
\BOOKMARK [3][-]{subsubsection.4.1.3}{4.1.3 文字型}{subsection.4.1}% 8
\BOOKMARK [3][-]{subsubsection.4.1.4}{4.1.4 引用型}{subsection.4.1}% 9
\BOOKMARK [3][-]{subsubsection.4.1.5}{4.1.5 トークン型}{subsection.4.1}% 10
\BOOKMARK [2][-]{subsection.4.2}{4.2 合成型}{section.4}% 11
\BOOKMARK [3][-]{subsubsection.4.2.1}{4.2.1 集合型}{subsection.4.2}% 12
\BOOKMARK [3][-]{subsubsection.4.2.2}{4.2.2 列型}{subsection.4.2}% 13
\BOOKMARK [3][-]{subsubsection.4.2.3}{4.2.3 写像型}{subsection.4.2}% 14
\BOOKMARK [3][-]{subsubsection.4.2.4}{4.2.4 組型}{subsection.4.2}% 15
\BOOKMARK [3][-]{subsubsection.4.2.5}{4.2.5 レコード型}{subsection.4.2}% 16
\BOOKMARK [3][-]{subsubsection.4.2.6}{4.2.6 合併型と選択型}{subsection.4.2}% 17
\BOOKMARK [3][-]{subsubsection.4.2.7}{4.2.7 関数型}{subsection.4.2}% 18
\BOOKMARK [2][-]{subsection.4.3}{4.3 不変条件}{section.4}% 19
\BOOKMARK [1][-]{section.5}{5 アルゴリズム定義}{}% 20
\BOOKMARK [1][-]{section.6}{6 関数定義}{}% 21
\BOOKMARK [2][-]{subsection.6.1}{6.1 多相関数}{section.6}% 22
\BOOKMARK [2][-]{subsection.6.2}{6.2 高階関数}{section.6}% 23
\BOOKMARK [1][-]{section.7}{7 式}{}% 24
\BOOKMARK [2][-]{subsection.7.1}{7.1 let式}{section.7}% 25
\BOOKMARK [2][-]{subsection.7.2}{7.2 def式}{section.7}% 26
\BOOKMARK [2][-]{subsection.7.3}{7.3 単項式または2項式}{section.7}% 27
\BOOKMARK [2][-]{subsection.7.4}{7.4 条件式}{section.7}% 28
\BOOKMARK [2][-]{subsection.7.5}{7.5 限量式}{section.7}% 29
\BOOKMARK [2][-]{subsection.7.6}{7.6 iota式}{section.7}% 30
\BOOKMARK [2][-]{subsection.7.7}{7.7 集合式}{section.7}% 31
\BOOKMARK [2][-]{subsection.7.8}{7.8 列式}{section.7}% 32
\BOOKMARK [2][-]{subsection.7.9}{7.9 写像式}{section.7}% 33
\BOOKMARK [2][-]{subsection.7.10}{7.10 組構成子式}{section.7}% 34
\BOOKMARK [2][-]{subsection.7.11}{7.11 レコード式}{section.7}% 35
\BOOKMARK [2][-]{subsection.7.12}{7.12 適用式}{section.7}% 36
\BOOKMARK [2][-]{subsection.7.13}{7.13 ラムダ式}{section.7}% 37
\BOOKMARK [2][-]{subsection.7.14}{7.14 narrow式}{section.7}% 38
\BOOKMARK [2][-]{subsection.7.15}{7.15 is式}{section.7}% 39
\BOOKMARK [2][-]{subsection.7.16}{7.16 リテラルと名称}{section.7}% 40
\BOOKMARK [2][-]{subsection.7.17}{7.17 未定義式}{section.7}% 41
\BOOKMARK [2][-]{subsection.7.18}{7.18 事前条件式}{section.7}% 42
\BOOKMARK [1][-]{section.8}{8 パターン}{}% 43
\BOOKMARK [1][-]{section.9}{9 束縛}{}% 44
\BOOKMARK [1][-]{section.10}{10 値\(定数\)定義}{}% 45
\BOOKMARK [1][-]{section.11}{11 状態定義}{}% 46
\BOOKMARK [1][-]{section.12}{12 操作定義}{}% 47
\BOOKMARK [1][-]{section.13}{13 文}{}% 48
\BOOKMARK [2][-]{subsection.13.1}{13.1 let文}{section.13}% 49
\BOOKMARK [2][-]{subsection.13.2}{13.2 def文}{section.13}% 50
\BOOKMARK [2][-]{subsection.13.3}{13.3 ブロック文}{section.13}% 51
\BOOKMARK [2][-]{subsection.13.4}{13.4 代入文}{section.13}% 52
\BOOKMARK [2][-]{subsection.13.5}{13.5 条件文}{section.13}% 53
\BOOKMARK [2][-]{subsection.13.6}{13.6 forループ文}{section.13}% 54
\BOOKMARK [2][-]{subsection.13.7}{13.7 whileループ文}{section.13}% 55
\BOOKMARK [2][-]{subsection.13.8}{13.8 非決定文}{section.13}% 56
\BOOKMARK [2][-]{subsection.13.9}{13.9 call文}{section.13}% 57
\BOOKMARK [2][-]{subsection.13.10}{13.10 return文}{section.13}% 58
\BOOKMARK [2][-]{subsection.13.11}{13.11 例外処理文}{section.13}% 59
\BOOKMARK [2][-]{subsection.13.12}{13.12 error文}{section.13}% 60
\BOOKMARK [2][-]{subsection.13.13}{13.13 恒等文}{section.13}% 61
\BOOKMARK [2][-]{subsection.13.14}{13.14 仕様記述文}{section.13}% 62
\BOOKMARK [1][-]{section.14}{14 トップレベル仕様記述}{}% 63
\BOOKMARK [2][-]{subsection.14.1}{14.1 フラット仕様記述}{section.14}% 64
\BOOKMARK [2][-]{subsection.14.2}{14.2 構造仕様記述}{section.14}% 65
\BOOKMARK [3][-]{subsubsection.14.2.1}{14.2.1 モジュールのレイアウト}{subsection.14.2}% 66
\BOOKMARK [3][-]{subsubsection.14.2.2}{14.2.2 輸出節}{subsection.14.2}% 67
\BOOKMARK [3][-]{subsubsection.14.2.3}{14.2.3 輸入節}{subsection.14.2}% 68
\BOOKMARK [1][-]{section.15}{15 動的リンクモジュール}{}% 69
\BOOKMARK [1][-]{section.16}{16 VDM-SLと ISO /VDM-SL の相違点}{}% 70
\BOOKMARK [1][-]{section.17}{17 静的意味}{}% 71
\BOOKMARK [1][-]{appendix.A}{A VDM-SL構文}{}% 72
\BOOKMARK [2][-]{subsection.A.1}{A.1 文書}{appendix.A}% 73
\BOOKMARK [2][-]{subsection.A.2}{A.2 モジュール}{appendix.A}% 74
\BOOKMARK [2][-]{subsection.A.3}{A.3 定義}{appendix.A}% 75
\BOOKMARK [3][-]{subsubsection.A.3.1}{A.3.1 型定義}{subsection.A.3}% 76
\BOOKMARK [3][-]{subsubsection.A.3.2}{A.3.2 状態定義}{subsection.A.3}% 77
\BOOKMARK [3][-]{subsubsection.A.3.3}{A.3.3 値定義}{subsection.A.3}% 78
\BOOKMARK [3][-]{subsubsection.A.3.4}{A.3.4 関数定義}{subsection.A.3}% 79
\BOOKMARK [3][-]{subsubsection.A.3.5}{A.3.5 操作定義}{subsection.A.3}% 80
\BOOKMARK [2][-]{subsection.A.4}{A.4 式}{appendix.A}% 81
\BOOKMARK [3][-]{subsubsection.A.4.1}{A.4.1 括弧式}{subsection.A.4}% 82
\BOOKMARK [3][-]{subsubsection.A.4.2}{A.4.2 ローカル束縛式}{subsection.A.4}% 83
\BOOKMARK [3][-]{subsubsection.A.4.3}{A.4.3 条件式}{subsection.A.4}% 84
\BOOKMARK [3][-]{subsubsection.A.4.4}{A.4.4 単項式}{subsection.A.4}% 85
\BOOKMARK [3][-]{subsubsection.A.4.5}{A.4.5 2項式}{subsection.A.4}% 86
\BOOKMARK [3][-]{subsubsection.A.4.6}{A.4.6 限量式}{subsection.A.4}% 87
\BOOKMARK [3][-]{subsubsection.A.4.7}{A.4.7 iota式}{subsection.A.4}% 88
\BOOKMARK [3][-]{subsubsection.A.4.8}{A.4.8 集合式}{subsection.A.4}% 89
\BOOKMARK [3][-]{subsubsection.A.4.9}{A.4.9 列式}{subsection.A.4}% 90
\BOOKMARK [3][-]{subsubsection.A.4.10}{A.4.10 写像式}{subsection.A.4}% 91
\BOOKMARK [3][-]{subsubsection.A.4.11}{A.4.11 組構成子式}{subsection.A.4}% 92
\BOOKMARK [3][-]{subsubsection.A.4.12}{A.4.12 レコード式}{subsection.A.4}% 93
\BOOKMARK [3][-]{subsubsection.A.4.13}{A.4.13 適用式}{subsection.A.4}% 94
\BOOKMARK [3][-]{subsubsection.A.4.14}{A.4.14 ラムダ式}{subsection.A.4}% 95
\BOOKMARK [3][-]{subsubsection.A.4.15}{A.4.15 narrow式}{subsection.A.4}% 96
\BOOKMARK [3][-]{subsubsection.A.4.16}{A.4.16 is式}{subsection.A.4}% 97
\BOOKMARK [3][-]{subsubsection.A.4.17}{A.4.17 未定義式}{subsection.A.4}% 98
\BOOKMARK [3][-]{subsubsection.A.4.18}{A.4.18 事前条件式}{subsection.A.4}% 99
\BOOKMARK [3][-]{subsubsection.A.4.19}{A.4.19 名称}{subsection.A.4}% 100
\BOOKMARK [2][-]{subsection.A.5}{A.5 状態指示子}{appendix.A}% 101
\BOOKMARK [2][-]{subsection.A.6}{A.6 文}{appendix.A}% 102
\BOOKMARK [3][-]{subsubsection.A.6.1}{A.6.1 ローカル束縛文}{subsection.A.6}% 103
\BOOKMARK [3][-]{subsubsection.A.6.2}{A.6.2 ブロック文と代入文}{subsection.A.6}% 104
\BOOKMARK [3][-]{subsubsection.A.6.3}{A.6.3 条件文}{subsection.A.6}% 105
\BOOKMARK [3][-]{subsubsection.A.6.4}{A.6.4 ループ文}{subsection.A.6}% 106
\BOOKMARK [3][-]{subsubsection.A.6.5}{A.6.5 非決定文}{subsection.A.6}% 107
\BOOKMARK [3][-]{subsubsection.A.6.6}{A.6.6 call文とreturn文}{subsection.A.6}% 108
\BOOKMARK [3][-]{subsubsection.A.6.7}{A.6.7 仕様記述文}{subsection.A.6}% 109
\BOOKMARK [3][-]{subsubsection.A.6.8}{A.6.8 例外処理文}{subsection.A.6}% 110
\BOOKMARK [3][-]{subsubsection.A.6.9}{A.6.9 error文}{subsection.A.6}% 111
\BOOKMARK [3][-]{subsubsection.A.6.10}{A.6.10 恒等文}{subsection.A.6}% 112
\BOOKMARK [2][-]{subsection.A.7}{A.7 パターンと束縛}{appendix.A}% 113
\BOOKMARK [3][-]{subsubsection.A.7.1}{A.7.1 パターン}{subsection.A.7}% 114
\BOOKMARK [3][-]{subsubsection.A.7.2}{A.7.2 束縛}{subsection.A.7}% 115
\BOOKMARK [1][-]{appendix.B}{B 語彙}{}% 116
\BOOKMARK [2][-]{subsection.B.1}{B.1 文字}{appendix.B}% 117
\BOOKMARK [2][-]{subsection.B.2}{B.2 記号}{appendix.B}% 118
\BOOKMARK [1][-]{appendix.C}{C 演算子優先順位}{}% 119
\BOOKMARK [2][-]{subsection.C.1}{C.1 結合子のファミリー}{appendix.C}% 120
\BOOKMARK [2][-]{subsection.C.2}{C.2 適用子のファミリー}{appendix.C}% 121
\BOOKMARK [2][-]{subsection.C.3}{C.3 評価子のファミリー}{appendix.C}% 122
\BOOKMARK [2][-]{subsection.C.4}{C.4 関係子のファミリー}{appendix.C}% 123
\BOOKMARK [2][-]{subsection.C.5}{C.5 連結子のファミリー}{appendix.C}% 124
\BOOKMARK [2][-]{subsection.C.6}{C.6 構成子のファミリー}{appendix.C}% 125
\BOOKMARK [2][-]{subsection.C.7}{C.7 グループ化}{appendix.C}% 126
\BOOKMARK [2][-]{subsection.C.8}{C.8 型演算子}{appendix.C}% 127
\BOOKMARK [1][-]{appendix.D}{D 2つの具象構文間の相違}{}% 128
\BOOKMARK [1][-]{appendix.E}{E 標準ライブラリ}{}% 129
\BOOKMARK [2][-]{subsection.E.1}{E.1 数学ライブラリ}{appendix.E}% 130
\BOOKMARK [2][-]{subsection.E.2}{E.2 IOライブラリ}{appendix.E}% 131
\BOOKMARK [2][-]{subsection.E.3}{E.3 VDMUtilライブラリ}{appendix.E}% 132
\BOOKMARK [1][-]{subsection.E.3}{Index}{}% 133
