\BOOKMARK [1][-]{section.1}{1 導入}{}% 1
\BOOKMARK [2][-]{subsection.1.1}{1.1 本書について}{section.1}% 2
\BOOKMARK [2][-]{subsection.1.2}{1.2 言語の歴史}{section.1}% 3
\BOOKMARK [2][-]{subsection.1.3}{1.3 本書の構成}{section.1}% 4
\BOOKMARK [1][-]{section.2}{2 準拠事項}{}% 5
\BOOKMARK [1][-]{section.3}{3 具象構文表記法}{}% 6
\BOOKMARK [1][-]{section.4}{4 データ型定義}{}% 7
\BOOKMARK [2][-]{subsection.4.1}{4.1 基本データ型}{section.4}% 8
\BOOKMARK [3][-]{subsubsection.4.1.1}{4.1.1 ブール型}{subsection.4.1}% 9
\BOOKMARK [3][-]{subsubsection.4.1.2}{4.1.2 数値型}{subsection.4.1}% 10
\BOOKMARK [3][-]{subsubsection.4.1.3}{4.1.3 文字型}{subsection.4.1}% 11
\BOOKMARK [3][-]{subsubsection.4.1.4}{4.1.4 引用型}{subsection.4.1}% 12
\BOOKMARK [3][-]{subsubsection.4.1.5}{4.1.5 トークン型}{subsection.4.1}% 13
\BOOKMARK [2][-]{subsection.4.2}{4.2 合成型}{section.4}% 14
\BOOKMARK [3][-]{subsubsection.4.2.1}{4.2.1 集合型}{subsection.4.2}% 15
\BOOKMARK [3][-]{subsubsection.4.2.2}{4.2.2 列型}{subsection.4.2}% 16
\BOOKMARK [3][-]{subsubsection.4.2.3}{4.2.3 写像型}{subsection.4.2}% 17
\BOOKMARK [3][-]{subsubsection.4.2.4}{4.2.4 組型}{subsection.4.2}% 18
\BOOKMARK [3][-]{subsubsection.4.2.5}{4.2.5 レコード型}{subsection.4.2}% 19
\BOOKMARK [3][-]{subsubsection.4.2.6}{4.2.6 合併型と選択型}{subsection.4.2}% 20
\BOOKMARK [3][-]{subsubsection.4.2.7}{4.2.7 オブジェクト参照型}{subsection.4.2}% 21
\BOOKMARK [3][-]{subsubsection.4.2.8}{4.2.8 関数型}{subsection.4.2}% 22
\BOOKMARK [2][-]{subsection.4.3}{4.3 不変条件}{section.4}% 23
\BOOKMARK [1][-]{section.5}{5 アルゴリズム定義}{}% 24
\BOOKMARK [1][-]{section.6}{6 関数定義}{}% 25
\BOOKMARK [2][-]{subsection.6.1}{6.1 多相関数}{section.6}% 26
\BOOKMARK [2][-]{subsection.6.2}{6.2 高階関数}{section.6}% 27
\BOOKMARK [1][-]{section.7}{7 式}{}% 28
\BOOKMARK [2][-]{subsection.7.1}{7.1 let式}{section.7}% 29
\BOOKMARK [2][-]{subsection.7.2}{7.2 def式}{section.7}% 30
\BOOKMARK [2][-]{subsection.7.3}{7.3 単項式または2項式}{section.7}% 31
\BOOKMARK [2][-]{subsection.7.4}{7.4 条件式}{section.7}% 32
\BOOKMARK [2][-]{subsection.7.5}{7.5 限量式}{section.7}% 33
\BOOKMARK [2][-]{subsection.7.6}{7.6 iota式}{section.7}% 34
\BOOKMARK [2][-]{subsection.7.7}{7.7 集合式}{section.7}% 35
\BOOKMARK [2][-]{subsection.7.8}{7.8 列式}{section.7}% 36
\BOOKMARK [2][-]{subsection.7.9}{7.9 写像式}{section.7}% 37
\BOOKMARK [2][-]{subsection.7.10}{7.10 組構成子式}{section.7}% 38
\BOOKMARK [2][-]{subsection.7.11}{7.11 レコード式}{section.7}% 39
\BOOKMARK [2][-]{subsection.7.12}{7.12 適用式}{section.7}% 40
\BOOKMARK [2][-]{subsection.7.13}{7.13 new式}{section.7}% 41
\BOOKMARK [2][-]{subsection.7.14}{7.14 self式}{section.7}% 42
\BOOKMARK [2][-]{subsection.7.15}{7.15 スレッドID式}{section.7}% 43
\BOOKMARK [2][-]{subsection.7.16}{7.16 ラムダ式}{section.7}% 44
\BOOKMARK [2][-]{subsection.7.17}{7.17 narrow式}{section.7}% 45
\BOOKMARK [2][-]{subsection.7.18}{7.18 is式}{section.7}% 46
\BOOKMARK [2][-]{subsection.7.19}{7.19 基底クラス構成要素}{section.7}% 47
\BOOKMARK [2][-]{subsection.7.20}{7.20 クラス構成要素}{section.7}% 48
\BOOKMARK [2][-]{subsection.7.21}{7.21 同基底クラス構成要素}{section.7}% 49
\BOOKMARK [2][-]{subsection.7.22}{7.22 同クラス構成要素}{section.7}% 50
\BOOKMARK [2][-]{subsection.7.23}{7.23 履歴式}{section.7}% 51
\BOOKMARK [2][-]{subsection.7.24}{7.24 リテラルと名称}{section.7}% 52
\BOOKMARK [2][-]{subsection.7.25}{7.25 未定義式}{section.7}% 53
\BOOKMARK [2][-]{subsection.7.26}{7.26 事前条件式}{section.7}% 54
\BOOKMARK [1][-]{section.8}{8 パターン}{}% 55
\BOOKMARK [1][-]{section.9}{9 束縛}{}% 56
\BOOKMARK [1][-]{section.10}{10 値\(定数\)定義}{}% 57
\BOOKMARK [1][-]{section.11}{11 インスタンス変数}{}% 58
\BOOKMARK [1][-]{section.12}{12 操作定義}{}% 59
\BOOKMARK [2][-]{subsection.12.1}{12.1 構成子}{section.12}% 60
\BOOKMARK [1][-]{section.13}{13 文}{}% 61
\BOOKMARK [2][-]{subsection.13.1}{13.1 let文}{section.13}% 62
\BOOKMARK [2][-]{subsection.13.2}{13.2 def文}{section.13}% 63
\BOOKMARK [2][-]{subsection.13.3}{13.3 ブロック文}{section.13}% 64
\BOOKMARK [2][-]{subsection.13.4}{13.4 代入文}{section.13}% 65
\BOOKMARK [2][-]{subsection.13.5}{13.5 条件文}{section.13}% 66
\BOOKMARK [2][-]{subsection.13.6}{13.6 forループ文}{section.13}% 67
\BOOKMARK [2][-]{subsection.13.7}{13.7 whileループ文}{section.13}% 68
\BOOKMARK [2][-]{subsection.13.8}{13.8 非決定文}{section.13}% 69
\BOOKMARK [2][-]{subsection.13.9}{13.9 call文}{section.13}% 70
\BOOKMARK [2][-]{subsection.13.10}{13.10 return文}{section.13}% 71
\BOOKMARK [2][-]{subsection.13.11}{13.11 例外処理文}{section.13}% 72
\BOOKMARK [2][-]{subsection.13.12}{13.12 error文}{section.13}% 73
\BOOKMARK [2][-]{subsection.13.13}{13.13 恒等文}{section.13}% 74
\BOOKMARK [2][-]{subsection.13.14}{13.14 start文とstartlist文}{section.13}% 75
\BOOKMARK [2][-]{subsection.13.15}{13.15 仕様記述文}{section.13}% 76
\BOOKMARK [1][-]{section.14}{14 トップレベル仕様記述}{}% 77
\BOOKMARK [2][-]{subsection.14.1}{14.1 クラス}{section.14}% 78
\BOOKMARK [2][-]{subsection.14.2}{14.2 継承}{section.14}% 79
\BOOKMARK [2][-]{subsection.14.3}{14.3 クラス要素のインターフェイスと利用可能性}{section.14}% 80
\BOOKMARK [1][-]{section.15}{15 同期制約}{}% 81
\BOOKMARK [2][-]{subsection.15.1}{15.1 許可述語}{section.15}% 82
\BOOKMARK [3][-]{subsubsection.15.1.1}{15.1.1 履歴保護}{subsection.15.1}% 83
\BOOKMARK [3][-]{subsubsection.15.1.2}{15.1.2 オブジェクト状態保護}{subsection.15.1}% 84
\BOOKMARK [3][-]{subsubsection.15.1.3}{15.1.3 キュー条件保護}{subsection.15.1}% 85
\BOOKMARK [3][-]{subsubsection.15.1.4}{15.1.4 保護の評価}{subsection.15.1}% 86
\BOOKMARK [2][-]{subsection.15.2}{15.2 同期制約の継承}{section.15}% 87
\BOOKMARK [3][-]{subsubsection.15.2.1}{15.2.1 排他制御制約}{subsection.15.2}% 88
\BOOKMARK [1][-]{section.16}{16 スレッド}{}% 89
\BOOKMARK [2][-]{subsection.16.1}{16.1 手続きスレッド定義}{section.16}% 90
\BOOKMARK [1][-]{section.17}{17 traces定義}{}% 91
\BOOKMARK [1][-]{section.18}{18 VDM++と ISO /VDM-SL の相違点}{}% 92
\BOOKMARK [1][-]{section.19}{19 静的意味}{}% 93
\BOOKMARK [1][-]{section.20}{20 スコープ衝突}{}% 94
\BOOKMARK [1][-]{appendix.A}{A VDM++構文}{}% 95
\BOOKMARK [2][-]{subsection.A.1}{A.1 文書}{appendix.A}% 96
\BOOKMARK [2][-]{subsection.A.2}{A.2 クラス}{appendix.A}% 97
\BOOKMARK [2][-]{subsection.A.3}{A.3 定義}{appendix.A}% 98
\BOOKMARK [3][-]{subsubsection.A.3.1}{A.3.1 型定義}{subsection.A.3}% 99
\BOOKMARK [3][-]{subsubsection.A.3.2}{A.3.2 値定義}{subsection.A.3}% 100
\BOOKMARK [3][-]{subsubsection.A.3.3}{A.3.3 関数定義}{subsection.A.3}% 101
\BOOKMARK [3][-]{subsubsection.A.3.4}{A.3.4 操作定義}{subsection.A.3}% 102
\BOOKMARK [3][-]{subsubsection.A.3.5}{A.3.5 インスタンス変数定義}{subsection.A.3}% 103
\BOOKMARK [3][-]{subsubsection.A.3.6}{A.3.6 同期定義}{subsection.A.3}% 104
\BOOKMARK [3][-]{subsubsection.A.3.7}{A.3.7 スレッド定義}{subsection.A.3}% 105
\BOOKMARK [3][-]{subsubsection.A.3.8}{A.3.8 traces定義}{subsection.A.3}% 106
\BOOKMARK [2][-]{subsection.A.4}{A.4 式}{appendix.A}% 107
\BOOKMARK [3][-]{subsubsection.A.4.1}{A.4.1 括弧式}{subsection.A.4}% 108
\BOOKMARK [3][-]{subsubsection.A.4.2}{A.4.2 ローカル束縛式}{subsection.A.4}% 109
\BOOKMARK [3][-]{subsubsection.A.4.3}{A.4.3 条件式}{subsection.A.4}% 110
\BOOKMARK [3][-]{subsubsection.A.4.4}{A.4.4 単項式}{subsection.A.4}% 111
\BOOKMARK [3][-]{subsubsection.A.4.5}{A.4.5 2項式}{subsection.A.4}% 112
\BOOKMARK [3][-]{subsubsection.A.4.6}{A.4.6 限量式}{subsection.A.4}% 113
\BOOKMARK [3][-]{subsubsection.A.4.7}{A.4.7 iota式}{subsection.A.4}% 114
\BOOKMARK [3][-]{subsubsection.A.4.8}{A.4.8 集合式}{subsection.A.4}% 115
\BOOKMARK [3][-]{subsubsection.A.4.9}{A.4.9 列式}{subsection.A.4}% 116
\BOOKMARK [3][-]{subsubsection.A.4.10}{A.4.10 写像式}{subsection.A.4}% 117
\BOOKMARK [3][-]{subsubsection.A.4.11}{A.4.11 組構成子式}{subsection.A.4}% 118
\BOOKMARK [3][-]{subsubsection.A.4.12}{A.4.12 レコード式}{subsection.A.4}% 119
\BOOKMARK [3][-]{subsubsection.A.4.13}{A.4.13 適用式}{subsection.A.4}% 120
\BOOKMARK [3][-]{subsubsection.A.4.14}{A.4.14 ラムダ式}{subsection.A.4}% 121
\BOOKMARK [3][-]{subsubsection.A.4.15}{A.4.15 narrow式}{subsection.A.4}% 122
\BOOKMARK [3][-]{subsubsection.A.4.16}{A.4.16 new式}{subsection.A.4}% 123
\BOOKMARK [3][-]{subsubsection.A.4.17}{A.4.17 self式}{subsection.A.4}% 124
\BOOKMARK [3][-]{subsubsection.A.4.18}{A.4.18 スレッドID式}{subsection.A.4}% 125
\BOOKMARK [3][-]{subsubsection.A.4.19}{A.4.19 is式}{subsection.A.4}% 126
\BOOKMARK [3][-]{subsubsection.A.4.20}{A.4.20 未定義式}{subsection.A.4}% 127
\BOOKMARK [3][-]{subsubsection.A.4.21}{A.4.21 事前条件式}{subsection.A.4}% 128
\BOOKMARK [3][-]{subsubsection.A.4.22}{A.4.22 基底クラス構成要素}{subsection.A.4}% 129
\BOOKMARK [3][-]{subsubsection.A.4.23}{A.4.23 クラス構成要素}{subsection.A.4}% 130
\BOOKMARK [3][-]{subsubsection.A.4.24}{A.4.24 同基底クラス構成要素}{subsection.A.4}% 131
\BOOKMARK [3][-]{subsubsection.A.4.25}{A.4.25 同クラス構成要素}{subsection.A.4}% 132
\BOOKMARK [3][-]{subsubsection.A.4.26}{A.4.26 履歴式}{subsection.A.4}% 133
\BOOKMARK [3][-]{subsubsection.A.4.27}{A.4.27 名称}{subsection.A.4}% 134
\BOOKMARK [2][-]{subsection.A.5}{A.5 状態指示子}{appendix.A}% 135
\BOOKMARK [2][-]{subsection.A.6}{A.6 文}{appendix.A}% 136
\BOOKMARK [3][-]{subsubsection.A.6.1}{A.6.1 ローカル束縛文}{subsection.A.6}% 137
\BOOKMARK [3][-]{subsubsection.A.6.2}{A.6.2 ブロック文と代入文}{subsection.A.6}% 138
\BOOKMARK [3][-]{subsubsection.A.6.3}{A.6.3 条件文}{subsection.A.6}% 139
\BOOKMARK [3][-]{subsubsection.A.6.4}{A.6.4 ループ文}{subsection.A.6}% 140
\BOOKMARK [3][-]{subsubsection.A.6.5}{A.6.5 非決定文}{subsection.A.6}% 141
\BOOKMARK [3][-]{subsubsection.A.6.6}{A.6.6 call文とreturn文}{subsection.A.6}% 142
\BOOKMARK [3][-]{subsubsection.A.6.7}{A.6.7 仕様記述文}{subsection.A.6}% 143
\BOOKMARK [3][-]{subsubsection.A.6.8}{A.6.8 start文とstartlist文}{subsection.A.6}% 144
\BOOKMARK [3][-]{subsubsection.A.6.9}{A.6.9 例外処理文}{subsection.A.6}% 145
\BOOKMARK [3][-]{subsubsection.A.6.10}{A.6.10 error文}{subsection.A.6}% 146
\BOOKMARK [3][-]{subsubsection.A.6.11}{A.6.11 恒等文}{subsection.A.6}% 147
\BOOKMARK [2][-]{subsection.A.7}{A.7 パターンと束縛}{appendix.A}% 148
\BOOKMARK [3][-]{subsubsection.A.7.1}{A.7.1 パターン}{subsection.A.7}% 149
\BOOKMARK [3][-]{subsubsection.A.7.2}{A.7.2 束縛}{subsection.A.7}% 150
\BOOKMARK [1][-]{appendix.B}{B 語彙}{}% 151
\BOOKMARK [2][-]{subsection.B.1}{B.1 文字}{appendix.B}% 152
\BOOKMARK [2][-]{subsection.B.2}{B.2 記号}{appendix.B}% 153
\BOOKMARK [1][-]{appendix.C}{C 演算子優先順位}{}% 154
\BOOKMARK [2][-]{subsection.C.1}{C.1 結合子のファミリー}{appendix.C}% 155
\BOOKMARK [2][-]{subsection.C.2}{C.2 適用子のファミリー}{appendix.C}% 156
\BOOKMARK [2][-]{subsection.C.3}{C.3 評価子のファミリー}{appendix.C}% 157
\BOOKMARK [2][-]{subsection.C.4}{C.4 関係子のファミリー}{appendix.C}% 158
\BOOKMARK [2][-]{subsection.C.5}{C.5 連結子のファミリー}{appendix.C}% 159
\BOOKMARK [2][-]{subsection.C.6}{C.6 構成子のファミリー}{appendix.C}% 160
\BOOKMARK [2][-]{subsection.C.7}{C.7 グループ化}{appendix.C}% 161
\BOOKMARK [2][-]{subsection.C.8}{C.8 型演算子}{appendix.C}% 162
\BOOKMARK [1][-]{appendix.D}{D 2つの具象構文間の相違}{}% 163
\BOOKMARK [1][-]{appendix.E}{E 標準ライブラリ}{}% 164
\BOOKMARK [2][-]{subsection.E.1}{E.1 数学ライブラリ}{appendix.E}% 165
\BOOKMARK [2][-]{subsection.E.2}{E.2 IOライブラリ}{appendix.E}% 166
\BOOKMARK [2][-]{subsection.E.3}{E.3 VDMUtilライブラリ}{appendix.E}% 167
\BOOKMARK [1][-]{subsection.E.3}{Index}{}% 168
