This is e-pTeX, Version 3.14159265-p3.7.1-161114-2.6 (utf8.euc) (TeX Live 2017) (preloaded format=platex 2017.7.6)  25 MAY 2018 19:05
entering extended mode
 restricted \write18 enabled.
 %&-line parsing enabled.
**langmansl_a4J.tex
(./langmansl_a4J.tex
pLaTeX2e <2017/05/05> (based on LaTeX2e <2017-04-15>)
Babel <3.12> and hyphenation patterns for 84 language(s) loaded.
(/opt/texlive/2016/texmf-dist/tex/platex/base/jarticle.cls
Document Class: jarticle 2017/03/05 v1.7e Standard pLaTeX class
\c@@paper=\count82
(/opt/texlive/2016/texmf-dist/tex/platex/base/jsize12.clo
File: jsize12.clo 2017/03/05 v1.7e Standard pLaTeX file (size option)
)
\c@part=\count83
\c@section=\count84
\c@subsection=\count85
\c@subsubsection=\count86
\c@paragraph=\count87
\c@subparagraph=\count88
\c@figure=\count89
\c@table=\count90
\abovecaptionskip=\skip41
\belowcaptionskip=\skip42
\symmincho=\mathgroup4
LaTeX Font Info:    Overwriting symbol font `mincho' in version `bold'
(Font)                  JY1/mc/m/n --> JY1/gt/m/n on input line 613.
\toclineskip=\dimen118
\@lnumwidth=\dimen119
\bibindent=\dimen120
\heisei=\count91
) (./toolbox.sty
Package: toolbox 1998/10/05 Toolbox Style. V1.2

(/opt/texlive/2016/texmf-dist/tex/latex/fancyhdr/fancyhdr.sty
Package: fancyhdr 2017/06/30 v3.9a Extensive control of page headers and footer
s
\f@nch@headwidth=\skip43
\f@nch@O@elh=\skip44
\f@nch@O@erh=\skip45
\f@nch@O@olh=\skip46
\f@nch@O@orh=\skip47
\f@nch@O@elf=\skip48
\f@nch@O@erf=\skip49
\f@nch@O@olf=\skip50
\f@nch@O@orf=\skip51
)
(/opt/texlive/2016/texmf-dist/tex/latex/graphics/graphicx.sty
Package: graphicx 2017/06/01 v1.1a Enhanced LaTeX Graphics (DPC,SPQR)

(/opt/texlive/2016/texmf-dist/tex/latex/graphics/keyval.sty
Package: keyval 2014/10/28 v1.15 key=value parser (DPC)
\KV@toks@=\toks15
)
(/opt/texlive/2016/texmf-dist/tex/latex/graphics/graphics.sty
Package: graphics 2017/06/25 v1.2c Standard LaTeX Graphics (DPC,SPQR)

(/opt/texlive/2016/texmf-dist/tex/latex/graphics/trig.sty
Package: trig 2016/01/03 v1.10 sin cos tan (DPC)
)
(/opt/texlive/2016/texmf-dist/tex/latex/graphics-cfg/graphics.cfg
File: graphics.cfg 2016/06/04 v1.11 sample graphics configuration
)
Package graphics Info: Driver file: dvips.def on input line 99.

(/opt/texlive/2016/texmf-dist/tex/latex/graphics-def/dvips.def
File: dvips.def 2017/06/20 v3.1d Graphics/color driver for dvips
))
\Gin@req@height=\dimen121
\Gin@req@width=\dimen122
)
(/opt/texlive/2016/texmf-dist/tex/latex/graphics/color.sty
Package: color 2016/07/10 v1.1e Standard LaTeX Color (DPC)

(/opt/texlive/2016/texmf-dist/tex/latex/graphics-cfg/color.cfg
File: color.cfg 2016/01/02 v1.6 sample color configuration
)
Package color Info: Driver file: dvips.def on input line 147.

(/opt/texlive/2016/texmf-dist/tex/latex/graphics/dvipsnam.def
File: dvipsnam.def 2016/06/17 v3.0m Driver-dependent file (DPC,SPQR)
))
(/opt/texlive/2016/texmf-dist/tex/latex/psnfss/pifont.sty
Package: pifont 2005/04/12 PSNFSS-v9.2a Pi font support (SPQR) 

(I search kanjifont definition file: . . ) (I search font definition file: . .
. . . . . )
LaTeX Font Info:    Try loading font information for U+pzd on input line 63.
 (/opt/texlive/2016/texmf-dist/tex/latex/psnfss/upzd.fd
File: upzd.fd 2001/06/04 font definitions for U/pzd.
)
(I search kanjifont definition file: . . ) (I search font definition file: . .
. . . . . )
LaTeX Font Info:    Try loading font information for U+psy on input line 64.
 (/opt/texlive/2016/texmf-dist/tex/latex/psnfss/upsy.fd
File: upsy.fd 2001/06/04 font definitions for U/psy.
))
(/opt/texlive/2016/texmf-dist/tex/latex/graphics/rotating.sty
Package: rotating 2016/08/11 v2.16d rotated objects in LaTeX

(/opt/texlive/2016/texmf-dist/tex/latex/base/ifthen.sty
Package: ifthen 2014/09/29 v1.1c Standard LaTeX ifthen package (DPC)
)
\c@r@tfl@t=\count92
\rotFPtop=\skip52
\rotFPbot=\skip53
\rot@float@box=\box42
\rot@mess@toks=\toks16
)
\ToolboxLogo=\box43
File: QU-logo.eps Graphic file (type eps)
 <QU-logo.eps>
\aabox=\box44
)
(./vdmsl-2e.sty
BSI VDM SL style option <96/05/07> version 1.1.35b for LaTeX2e
This version of the macros contains some changes
which are not backwards compatible with previous
versions. See sections 6.4.10, 12.4.1 and 12.4.2
of the user guide.
Also see sections 5.4.1, 5.5.1, 5.5.7 and 5.6.1
\symAMSa=\mathgroup5
\symAMSb=\mathgroup6
LaTeX Font Info:    Redeclaring math alphabet \mathit on input line 114.
LaTeX Font Info:    Overwriting math alphabet `\mathit' in version `normal'
(Font)                  OT1/cmr/m/it --> OT1/cmr/m/it on input line 114.
LaTeX Font Info:    Overwriting math alphabet `\mathit' in version `bold'
(Font)                  OT1/cmr/bx/it --> OT1/cmr/m/it on input line 114.
\w@Rindent=\dimen123
\c@module=\count93
\c@outer=\count94
\c@inner=\count95
\w@outer=\dimen124
\w@inner=\dimen125
\wi@ln=\dimen126
\w@small@indent=\dimen127
\w@Indent=\dimen128
\w@IIndent=\dimen129
\w@IIIndent=\dimen130
\w@DIndent=\dimen131
\wi@indent=\dimen132
\endMacroSkip=\skip54
\wi@id=\dimen133
\wi@blo=\dimen134
\wi@sep=\dimen135
\wi@old@indent=\dimen136
\wi@w@blo=\dimen137
\t@bl@one=\toks17
\tmp@box=\box45
\t@ModuleName=\toks18
\preModuleSkip=\skip55
\postModuleSkip=\skip56
\preInterfaceSkip=\skip57
\postInterfaceSkip=\skip58
\preFromSkip=\skip59
\preInstanceSkip=\skip60
\preModulesignatureSkip=\skip61
\preDefinitionsSkip=\skip62
\postDefinitionsSkip=\skip63
\preTypesdefSkip=\skip64
\postTypesdefSkip=\skip65
\preTypeSkip=\skip66
\postTypeSkip=\skip67
\preStatedefSkip=\skip68
\postStatedefSkip=\skip69
\preInvfnSkip=\skip70
\postInvfnSkip=\skip71
\preInitfnSkip=\skip72
\preValuesdefSkip=\skip73
\postValuesdefSkip=\skip74
\preValdefSkip=\skip75
\postValdefSkip=\skip76
\preValueSkip=\skip77
\postValueSkip=\skip78
\preFuncdefSkip=\skip79
\postFuncdefSkip=\skip80
\preFndefSkip=\skip81
\postFndefSkip=\skip82
\preFnSkip=\skip83
\postFnSkip=\skip84
\t@fnop@name=\toks19
\postSignatureSkip=\skip85
\prePrecondSkip=\skip86
\prePostcondSkip=\skip87
\preOperdefSkip=\skip88
\postOperdefSkip=\skip89
\preOpdefSkip=\skip90
\postOpdefSkip=\skip91
\preOpSkip=\skip92
\postOpSkip=\skip93
\wi@wr=\dimen138
\preExceptionsSkip=\skip94
\preStmtSkip=\skip95
\postStmtSkip=\skip96
\preExprSkip=\skip97
\postExprSkip=\skip98
\wi@q@expr=\dimen139
\car@out=\dimen140
\coun@car@out=\count96
\old@indent=\dimen141
\old@expr=\dimen142
\w@AnnIndent=\dimen143
\wi@ann=\dimen144
\wi@ainn=\dimen145
\AnnSkip=\skip99
\preAnnotationsSkip=\skip100
\postAnnotationsSkip=\skip101
\@expr@box=\box46
\wi@expr=\dimen146
\preProofSkip=\skip102
\postProofSkip=\skip103
\w@ProofIndent=\dimen147
\w@ProofNumber=\dimen148
\@indentLevel=\count97
\@indentCount=\count98
) (/opt/texlive/2016/texmf-dist/tex/latex/base/makeidx.sty
Package: makeidx 2014/09/29 v1.0m Standard LaTeX package
)
(/opt/texlive/2016/texmf-dist/tex/latex/base/alltt.sty
Package: alltt 1997/06/16 v2.0g defines alltt environment
)
(/opt/texlive/2016/texmf-dist/tex/latex/tools/array.sty
Package: array 2016/10/06 v2.4d Tabular extension package (FMi)
\col@sep=\dimen149
\extrarowheight=\dimen150
\NC@list=\toks20
\extratabsurround=\skip104
\backup@length=\skip105
)
(/opt/texlive/2016/texmf-dist/tex/latex/tools/longtable.sty
Package: longtable 2014/10/28 v4.11 Multi-page Table package (DPC)
\LTleft=\skip106
\LTright=\skip107
\LTpre=\skip108
\LTpost=\skip109
\LTchunksize=\count99
\LTcapwidth=\dimen151
\LT@head=\box47
\LT@firsthead=\box48
\LT@foot=\box49
\LT@lastfoot=\box50
\LT@cols=\count100
\LT@rows=\count101
\c@LT@tables=\count102
\c@LT@chunks=\count103
\LT@p@ftn=\toks21
)
(/opt/texlive/2016/texmf-dist/tex/generic/oberdiek/atbegshi.sty
Package: atbegshi 2016/06/09 v1.18 At begin shipout hook (HO)

(/opt/texlive/2016/texmf-dist/tex/generic/oberdiek/infwarerr.sty
Package: infwarerr 2016/05/16 v1.4 Providing info/warning/error messages (HO)
)
(/opt/texlive/2016/texmf-dist/tex/generic/oberdiek/ltxcmds.sty
Package: ltxcmds 2016/05/16 v1.23 LaTeX kernel commands for general use (HO)
)
(/opt/texlive/2016/texmf-dist/tex/generic/oberdiek/ifpdf.sty
Package: ifpdf 2017/03/15 v3.2 Provides the ifpdf switch
))
(/opt/texlive/2016/texmf-dist/tex/latex/hyperref/hyperref.sty
Package: hyperref 2017/03/14 v6.85a Hypertext links for LaTeX

(/opt/texlive/2016/texmf-dist/tex/generic/oberdiek/hobsub-hyperref.sty
Package: hobsub-hyperref 2016/05/16 v1.14 Bundle oberdiek, subset hyperref (HO)


(/opt/texlive/2016/texmf-dist/tex/generic/oberdiek/hobsub-generic.sty
Package: hobsub-generic 2016/05/16 v1.14 Bundle oberdiek, subset generic (HO)
Package: hobsub 2016/05/16 v1.14 Construct package bundles (HO)
Package hobsub Info: Skipping package `infwarerr' (already loaded).
Package hobsub Info: Skipping package `ltxcmds' (already loaded).
Package: ifluatex 2016/05/16 v1.4 Provides the ifluatex switch (HO)
Package ifluatex Info: LuaTeX not detected.
Package: ifvtex 2016/05/16 v1.6 Detect VTeX and its facilities (HO)
Package ifvtex Info: VTeX not detected.
Package: intcalc 2016/05/16 v1.2 Expandable calculations with integers (HO)
Package hobsub Info: Skipping package `ifpdf' (already loaded).
Package: etexcmds 2016/05/16 v1.6 Avoid name clashes with e-TeX commands (HO)
Package etexcmds Info: Could not find \expanded.
(etexcmds)             That can mean that you are not using pdfTeX 1.50 or
(etexcmds)             that some package has redefined \expanded.
(etexcmds)             In the latter case, load this package earlier.
Package: kvsetkeys 2016/05/16 v1.17 Key value parser (HO)
Package: kvdefinekeys 2016/05/16 v1.4 Define keys (HO)
Package: pdftexcmds 2017/03/19 v0.25 Utility functions of pdfTeX for LuaTeX (HO
)
Package pdftexcmds Info: LuaTeX not detected.
Package pdftexcmds Info: pdfTeX >= 1.30 not detected.
Package pdftexcmds Info: \pdf@primitive is available.
Package pdftexcmds Info: \pdf@ifprimitive is available.
Package pdftexcmds Info: \pdfdraftmode not found.
Package: pdfescape 2016/05/16 v1.14 Implements pdfTeX's escape features (HO)
Package: bigintcalc 2016/05/16 v1.4 Expandable calculations on big integers (HO
)
Package: bitset 2016/05/16 v1.2 Handle bit-vector datatype (HO)
Package: uniquecounter 2016/05/16 v1.3 Provide unlimited unique counter (HO)
)
Package hobsub Info: Skipping package `hobsub' (already loaded).
Package: letltxmacro 2016/05/16 v1.5 Let assignment for LaTeX macros (HO)
Package: hopatch 2016/05/16 v1.3 Wrapper for package hooks (HO)
Package: xcolor-patch 2016/05/16 xcolor patch
Package: atveryend 2016/05/16 v1.9 Hooks at the very end of document (HO)
Package atveryend Info: \enddocument detected (standard20110627).
Package hobsub Info: Skipping package `atbegshi' (already loaded).
Package: refcount 2016/05/16 v3.5 Data extraction from label references (HO)
Package: hycolor 2016/05/16 v1.8 Color options for hyperref/bookmark (HO)
)
(/home/yomori/lib/tex/macros/ifxetex.sty
Package: ifxetex 2008/09/18 v0.4 Provides ifxetex conditional
)
(/opt/texlive/2016/texmf-dist/tex/latex/oberdiek/auxhook.sty
Package: auxhook 2016/05/16 v1.4 Hooks for auxiliary files (HO)
)
(/opt/texlive/2016/texmf-dist/tex/latex/oberdiek/kvoptions.sty
Package: kvoptions 2016/05/16 v3.12 Key value format for package options (HO)
)
\@linkdim=\dimen152
\Hy@linkcounter=\count104
\Hy@pagecounter=\count105

(/opt/texlive/2016/texmf-dist/tex/latex/hyperref/pd1enc.def
File: pd1enc.def 2017/03/14 v6.85a Hyperref: PDFDocEncoding definition (HO)
)
\Hy@SavedSpaceFactor=\count106

(/opt/texlive/2016/texmf-dist/tex/latex/latexconfig/hyperref.cfg
File: hyperref.cfg 2002/06/06 v1.2 hyperref configuration of TeXLive
)
Package hyperref Info: Option `bookmarks' set `true' on input line 4374.
Package hyperref Info: Option `bookmarksnumbered' set `true' on input line 4374
.
Package hyperref Info: Option `colorlinks' set `true' on input line 4374.
Package hyperref Info: Option `plainpages' set `true' on input line 4374.
Package hyperref Info: Hyper figures OFF on input line 4498.
Package hyperref Info: Link nesting OFF on input line 4503.
Package hyperref Info: Hyper index ON on input line 4506.
Package hyperref Info: Plain pages ON on input line 4511.
Package hyperref Info: Backreferencing OFF on input line 4518.
Package hyperref Info: Implicit mode ON; LaTeX internals redefined.
Package hyperref Info: Bookmarks ON on input line 4751.
\c@Hy@tempcnt=\count107

(/opt/texlive/2016/texmf-dist/tex/latex/url/url.sty
\Urlmuskip=\muskip10
Package: url 2013/09/16  ver 3.4  Verb mode for urls, etc.
)
LaTeX Info: Redefining \url on input line 5104.
\XeTeXLinkMargin=\dimen153
\Fld@menulength=\count108
\Field@Width=\dimen154
\Fld@charsize=\dimen155
Package hyperref Info: Hyper figures OFF on input line 6358.
Package hyperref Info: Link nesting OFF on input line 6363.
Package hyperref Info: Hyper index ON on input line 6366.
Package hyperref Info: backreferencing OFF on input line 6373.
Package hyperref Info: Link coloring ON on input line 6376.
Package hyperref Info: Link coloring with OCG OFF on input line 6383.
Package hyperref Info: PDF/A mode OFF on input line 6388.
LaTeX Info: Redefining \ref on input line 6428.
LaTeX Info: Redefining \pageref on input line 6432.
\Hy@abspage=\count109
\c@Item=\count110
\c@Hfootnote=\count111
)

Package hyperref Message: Driver: hdvipdfm.

(/opt/texlive/2016/texmf-dist/tex/latex/hyperref/hdvipdfm.def
File: hdvipdfm.def 2017/03/14 v6.85a Hyperref driver for dvipdfm
\pdfm@box=\box51
\c@Hy@AnnotLevel=\count112
\HyField@AnnotCount=\count113
\Fld@listcount=\count114
\c@bookmark@seq@number=\count115

(/opt/texlive/2016/texmf-dist/tex/latex/oberdiek/rerunfilecheck.sty
Package: rerunfilecheck 2016/05/16 v1.8 Rerun checks for auxiliary files (HO)
Package uniquecounter Info: New unique counter `rerunfilecheck' on input line 2
82.
)
\Hy@SectionHShift=\skip110
)
\nonstandlen=\skip111
\@indexfile=\write3
\openout3 = `langmansl_a4J.idx'.


Writing index file langmansl_a4J.idx
(./langmansl_a4J.aux)
\openout1 = `langmansl_a4J.aux'.

LaTeX Font Info:    Checking defaults for OML/cmm/m/it on input line 142.
LaTeX Font Info:    ... okay on input line 142.
LaTeX Font Info:    Checking defaults for T1/cmr/m/n on input line 142.
LaTeX Font Info:    ... okay on input line 142.
LaTeX Font Info:    Checking defaults for OT1/cmr/m/n on input line 142.
LaTeX Font Info:    ... okay on input line 142.
LaTeX Font Info:    Checking defaults for OMS/cmsy/m/n on input line 142.
LaTeX Font Info:    ... okay on input line 142.
LaTeX Font Info:    Checking defaults for OMX/cmex/m/n on input line 142.
LaTeX Font Info:    ... okay on input line 142.
LaTeX Font Info:    Checking defaults for U/cmr/m/n on input line 142.
LaTeX Font Info:    ... okay on input line 142.
LaTeX Font Info:    Checking defaults for JY1/mc/m/n on input line 142.
LaTeX Font Info:    ... okay on input line 142.
LaTeX Font Info:    Checking defaults for JT1/mc/m/n on input line 142.
LaTeX Font Info:    ... okay on input line 142.
LaTeX Font Info:    Checking defaults for PD1/pdf/m/n on input line 142.
LaTeX Font Info:    ... okay on input line 142.
\AtBeginShipoutBox=\box52
Package hyperref Info: Link coloring ON on input line 142.

(/opt/texlive/2016/texmf-dist/tex/latex/hyperref/nameref.sty
Package: nameref 2016/05/21 v2.44 Cross-referencing by name of section

(/opt/texlive/2016/texmf-dist/tex/generic/oberdiek/gettitlestring.sty
Package: gettitlestring 2016/05/16 v1.5 Cleanup title references (HO)
)
\c@section@level=\count116
)
LaTeX Info: Redefining \ref on input line 142.
LaTeX Info: Redefining \pageref on input line 142.
LaTeX Info: Redefining \nameref on input line 142.

(./langmansl_a4J.out) (./langmansl_a4J.out)
\@outlinefile=\write4
\openout4 = `langmansl_a4J.out'.


(I search kanjifont definition file: . . ) (I search font definition file: . .
. . . . . . )
LaTeX Font Info:    Font shape `JT1/mc/bx/n' in size <52> not available
(Font)              Font shape `JT1/gt/m/n' tried instead on input line 147.
LaTeX Font Info:    Font shape `JY1/mc/bx/n' in size <52> not available
(Font)              Font shape `JY1/gt/m/n' tried instead on input line 147.
LaTeX Font Info:    Try loading font information for OT1+phv on input line 147.

 (/opt/texlive/2016/texmf-dist/tex/latex/psnfss/ot1phv.fd
File: ot1phv.fd 2001/06/04 scalable font definitions for OT1/phv.
)
LaTeX Font Info:    Font shape `OT1/phv/bx/n' in size <52> not available
(Font)              Font shape `OT1/phv/b/n' tried instead on input line 147.
LaTeX Font Info:    Font shape `JT1/mc/bx/n' in size <22> not available
(Font)              Font shape `JT1/gt/m/n' tried instead on input line 147.
LaTeX Font Info:    Font shape `JY1/mc/bx/n' in size <22> not available
(Font)              Font shape `JY1/gt/m/n' tried instead on input line 147.
LaTeX Font Info:    Font shape `OT1/phv/bx/n' in size <22> not available
(Font)              Font shape `OT1/phv/b/n' tried instead on input line 147.
LaTeX Font Info:    External font `cmex10' loaded for size
(Font)              <12> on input line 147.
LaTeX Font Info:    External font `cmex10' loaded for size
(Font)              <8> on input line 147.
LaTeX Font Info:    External font `cmex10' loaded for size
(Font)              <6> on input line 147.
File: QUcover-logo.eps Graphic file (type eps)

<QUcover-logo.eps>
LaTeX Font Info:    Font shape `JT1/mc/bx/n' in size <12> not available
(Font)              Font shape `JT1/gt/m/n' tried instead on input line 147.
LaTeX Font Info:    Font shape `JY1/mc/bx/n' in size <12> not available
(Font)              Font shape `JY1/gt/m/n' tried instead on input line 147.
LaTeX Font Info:    Font shape `OT1/phv/bx/n' in size <12> not available
(Font)              Font shape `OT1/phv/b/n' tried instead on input line 147.
File: vdmtools-logo.eps Graphic file (type eps)
 <vdmtools-logo.eps> [1

]

LaTeX Font Warning: Font shape `JT1/mc/m/sl' undefined
(Font)              using `JT1/mc/m/n' instead on input line 147.


LaTeX Font Warning: Font shape `JY1/mc/m/sl' undefined
(Font)              using `JY1/mc/m/n' instead on input line 147.


Overfull \hbox (16.44855pt too wide) in paragraph at lines 147--147
[][] 
 []


LaTeX Font Warning: Font shape `JT1/mc/m/it' undefined
(Font)              using `JT1/mc/m/n' instead on input line 147.


LaTeX Font Warning: Font shape `JY1/mc/m/it' undefined
(Font)              using `JY1/mc/m/n' instead on input line 147.

LaTeX Font Info:    Try loading font information for OMS+cmr on input line 147.

(/opt/texlive/2016/texmf-dist/tex/latex/base/omscmr.fd
File: omscmr.fd 2014/09/29 v2.5h Standard LaTeX font definitions
)
LaTeX Font Info:    Font shape `OMS/cmr/m/n' in size <14.4> not available
(Font)              Font shape `OMS/cmsy/m/n' tried instead on input line 147.

Overfull \hbox (9.3202pt too wide) in paragraph at lines 147--147
[][] 
 []

[2]
LaTeX Font Info:    Font shape `JT1/mc/bx/n' in size <17.28> not available
(Font)              Font shape `JT1/gt/m/n' tried instead on input line 147.
LaTeX Font Info:    Font shape `JY1/mc/bx/n' in size <17.28> not available
(Font)              Font shape `JY1/gt/m/n' tried instead on input line 147.
 (./langmansl_a4J.toc [1] [2] [3] [4])
\tf@toc=\write5
\openout5 = `langmansl_a4J.toc'.

 [5] [6]
\kwlen=\skip112
LaTeX Font Info:    External font `cmex10' loaded for size
(Font)              <7> on input line 196.
LaTeX Font Info:    External font `cmex10' loaded for size
(Font)              <5> on input line 196.
 [1] [2]
LaTeX Font Info:    Font shape `OMS/cmr/m/n' in size <12> not available
(Font)              Font shape `OMS/cmsy/m/n' tried instead on input line 273.
 [3]
LaTeX Font Info:    Font shape `JT1/mc/bx/n' in size <14.4> not available
(Font)              Font shape `JT1/gt/m/n' tried instead on input line 300.
LaTeX Font Info:    Font shape `JY1/mc/bx/n' in size <14.4> not available
(Font)              Font shape `JY1/gt/m/n' tried instead on input line 300.
 [4] [5] [6]
[7] [8] [9] [10] [11]
LaTeX Font Info:    Try loading font information for OMS+cmtt on input line 647
.
LaTeX Font Info:    No file OMScmtt.fd. on input line 647.


LaTeX Font Warning: Font shape `OMS/cmtt/m/n' undefined
(Font)              using `OMS/cmsy/m/n' instead
(Font)              for symbol `textbraceleft' on input line 647.

[12] [13] [14] [15]
Overfull \hbox (5.10075pt too wide) in paragraph at lines 767--768
[]\OT1/cmtt/m/n/12 s1 = \OMS/cmtt/m/n/12 f\OT1/cmtt/m/n/12 <France>,<Denmark>,<
SouthAfrica>,<SaudiArabia>\OMS/cmtt/m/n/12 g\JY1/mc/m/sl/12 、 \OT1/cmtt/m/n/12
 s2 = \OMS/cmtt/m/n/12 f\OT1/cmtt/m/n/12 2,
 []

[16] [17]
Overfull \hbox (1.12549pt too wide) in paragraph at lines 884--887
[] \OT1/cmtt/m/n/12 l3 = [<England>, <Rumania>, <Colombia>, <Tunisia>] \JY1/mc/
m/sl/12 とすると以下
 []

[18]
Overfull \hbox (25.424pt too wide) in alignment at lines 888--911
 [] [] [] 
 []

[19]
Overfull \hbox (10.21962pt too wide) in paragraph at lines 965--992
[][][][][][][][][][][][][][][][][][][][][][][][][][][][][][][][] 
 []

[20] [21]
Underfull \hbox (badness 10000) in paragraph at lines 1027--1027
[]\OT1/cmtt/m/n/12 <SouthAfrica>,
 []


Underfull \hbox (badness 10000) in paragraph at lines 1050--1050
[]\OT1/cmtt/m/n/12 <SouthAfrica> |-> 2,
 []

[22] [23] [24] [25] [26] [27] [28] [29] [30] [31] [32] [33] [34] [35] [36]
[37] [38] [39]
Overfull \hbox (7.0728pt too wide) in paragraph at lines 1908--1908
[]  \OT1/cmtt/m/n/12 plus_bag[@elem] : @elem * (\OT1/cmss/m/n/12 map \OT1/cmtt/
m/n/12 @elem \OT1/cmss/m/n/12 to nat1\OT1/cmtt/m/n/12 ) +> (\OT1/cmss/m/n/12 ma
p \OT1/cmtt/m/n/12 @elem \OT1/cmss/m/n/12 to nat1\OT1/cmtt/m/n/12 )[] 
 []


Overfull \hbox (0.59569pt too wide) in paragraph at lines 1938--1941
\JY1/mc/m/it/12 このとき \OT1/cmtt/m/n/12 nat[]filter (\OT1/cmss/m/n/12 lambda 
\OT1/cmtt/m/n/12 x:\OT1/cmss/m/n/12 nat \OT1/cmtt/m/n/12 & x \OT1/cmss/m/n/12 m
od \OT1/cmtt/m/n/12 2 = 0, [1,2,3,4,5]) $\OMS/cmtt/m/n/12 ^^Q$ \OT1/cmtt/m/n/12
 [2,4]\OT1/cmr/m/n/12 .
 []

[40] [41] [42] [43] [44] [45] [46] [47] [48]
Overfull \hbox (1.05553pt too wide) in paragraph at lines 2285--2285
 []      \OT1/cmss/m/n/12 mk[]\OT1/cmtt/m/n/12 Infix(\OT1/cmss/m/n/12 mk[]\OT1/
cmtt/m/n/12 (e1,op,e2)) -> "Infix of"[]^[]print_Expr(e1)^","[] 
 []

[49] [50] [51] [52] [53]
Overfull \hbox (9.60081pt too wide) in paragraph at lines 2503--2527
[][] 
 []

[54] [55]
Overfull \hbox (53.61186pt too wide) in paragraph at lines 2620--2620
[]\OT1/cmss/m/n/12 mk[]\OT1/cmtt/m/n/12 Score(<Brazil>,2,0,1,6), 
 []


Overfull \hbox (53.61186pt too wide) in paragraph at lines 2620--2620
[]\OT1/cmss/m/n/12 mk[]\OT1/cmtt/m/n/12 Score(<Norway>,1,2,0,5)] 
 []


Overfull \hbox (8.8489pt too wide) in paragraph at lines 2601--2627
[][] 
 []

[56] [57]
Overfull \hbox (38.02896pt too wide) in paragraph at lines 2673--2692
[][] 
 []

[58] [59] [60] [61] [62] [63] [64] [65] [66]
Overfull \hbox (6.17627pt too wide) in paragraph at lines 3091--3091
 []    []  \OT1/cmss/m/n/12 mk[]\OT1/cmtt/m/n/12 sigma(numbers, index) == index
 \OT1/cmss/m/n/12 not in set el-ems \OT1/cmtt/m/n/12 numbers[] 
 []

[67] [68] [69] [70] [71]
Overfull \hbox (10.99986pt too wide) in paragraph at lines 3350--3350
 []             \OT1/cmss/m/n/12 oth-ers    \OT1/cmtt/m/n/12 -> "Neither France
 nor Brazil are winners"[] 
 []

[72] [73] [74]
Overfull \hbox (35.67334pt too wide) in paragraph at lines 3433--3433
 []    \OT1/cmtt/m/n/12 m1 \OT1/cmss/m/n/12 mu-nion \OT1/cmtt/m/n/12 m2 -> map2
seq[@T1, @T2] (m1) ^  map2seq[@T1, @T2] (m2)[] 
 []

[75] [76] [77] [78] [79] [80] [81] [82] [83]
Overfull \hbox (18.79192pt too wide) in paragraph at lines 3874--3921
[][] [] 
 []


Underfull \hbox (badness 10000) in paragraph at lines 3929--3930
[]|\OT1/cmss/m/n/12 post[]\OT1/cmtt/m/n/12 Op1(1,2,\OT1/cmss/m/n/12 mk[]\OT1/cm
tt/m/n/12 St(1),
 []


Underfull \hbox (badness 10000) in paragraph at lines 3933--3934
[]|\OT1/cmss/m/n/12 post[]\OT1/cmtt/m/n/12 Op2(2,\OT1/cmss/m/n/12 mk[]\OT1/cmtt
/m/n/12 St(1),
 []


Underfull \hbox (badness 10000) in paragraph at lines 3937--3938
[]|\OT1/cmss/m/n/12 post[]\OT1/cmtt/m/n/12 Op3(\OT1/cmss/m/n/12 mk[]\OT1/cmtt/m
/n/12 St(1),
 []

[84] [85] [86] [87] [88] [89]
Overfull \hbox (5.26212pt too wide) in paragraph at lines 4145--4145
 []     \OT1/cmtt/m/n/12 runners_up = \OMS/cmtt/m/n/12 f \OT1/cmtt/m/n/12 gp |-
> GroupRunnerUp(gp) | gp \OT1/cmss/m/n/12 in set dom \OT1/cmtt/m/n/12 gps\OMS/c
mtt/m/n/12 g[] 
 []

[90] [91] [92] [93] [94] [95] [96] [97] [98] [99] [100] [101] [102] [103]
[104] [105] [106] [107] [108] [109] [110] [111] [112] [113] [114] [115]
[116] [117] [118] [119]
Overfull \hbox (2.2588pt too wide) in paragraph at lines 5419--5423
\JY1/mc/m/it/12 れる 。 輸入しているモジ ュ ール内では 、 これ以上 \OT1/cmtt/m/
n/12 DefModule`name\OT1/cmr/m/n/12 (\OT1/cmtt/m/n/12 DefModule
 []

[120]

LaTeX Font Warning: Font shape `JT1/gt/m/it' undefined
(Font)              using `JT1/gt/m/n' instead on input line 5481.


LaTeX Font Warning: Font shape `JY1/gt/m/it' undefined
(Font)              using `JY1/gt/m/n' instead on input line 5481.

[121] [122] [123] [124] [125] [126] [127] [128] (./langmansl_a4J.bbl
Underfull \hbox (badness 1168) in paragraph at lines 24--29
[]\OT1/cmr/m/n/12 Cliff B. Jones.  \OT1/cmr/m/it/12 Sys-tem-atic Soft-ware De-v
el-op-ment Us-ing VDM\OT1/cmr/m/n/12 .
 []

) [129] [130] [131] [132] [133] [134] [135] [136] [137] [138] [139] [140]
[141] [142] [143] [144] [145] [146] [147]
LaTeX Font Info:    Font shape `JT1/mc/bx/n' in size <10> not available
(Font)              Font shape `JT1/gt/m/n' tried instead on input line 6838.
LaTeX Font Info:    Font shape `JY1/mc/bx/n' in size <10> not available
(Font)              Font shape `JY1/gt/m/n' tried instead on input line 6838.
 [148] [149] [150] [151] [152]
[153] [154] [155] [156]
Overfull \hbox (5.69052pt too wide) in paragraph at lines 7394--7402
[][] 
 []


LaTeX Warning: Float too large for page by 50.15775pt on input line 7407.

[157] [158] [159

] [160] [161] [162] [163] [164] [165] [166] [167] [168]
[169]
Overfull \hbox (23.2843pt too wide) in paragraph at lines 8076--8103
 [] 
 []

[170] [171]
LaTeX Font Info:    Font shape `OT1/cmtt/bx/n' in size <12> not available
(Font)              Font shape `OT1/cmtt/m/n' tried instead on input line 8197.

 [172]
Overfull \hbox (28.35036pt too wide) in paragraph at lines 8250--8250
[]        \OT1/cmtt/m/n/12 (\OT1/cmss/m/n/12 def \OT1/cmtt/m/n/12 - = IO`fecho(
logfilename, URLtoString(url)^[]"\n"[], <append>);[] 
 []

[173]
Overfull \hbox (11.84102pt too wide) in paragraph at lines 8263--8266
[]\OT1/cmr/m/n/12 VDMUtil \JY1/mc/m/it/12 ライブラリは 、 \OT1/cmtt/m/n/12 VDMU
til.vdm \JY1/mc/m/it/12 フ ァ イルに定義され 、 []\OT1/cmtt/m/n/12 $TOOLBOXHOME
/stdlib/
 []


Overfull \hbox (46.8022pt too wide) in paragraph at lines 8272--8274
[]
 []

[174] [175] (./langmansl_a4J.ind [176

] [177] [178] [179] [180] [181] [182]
[183])
Package atveryend Info: Empty hook `BeforeClearDocument' on input line 8450.
Package atveryend Info: Empty hook `AfterLastShipout' on input line 8450.
 (./langmansl_a4J.aux)
Package atveryend Info: Empty hook `AtVeryEndDocument' on input line 8450.
Package atveryend Info: Executing hook `AtEndAfterFileList' on input line 8450.

Package rerunfilecheck Info: File `langmansl_a4J.out' has not changed.
(rerunfilecheck)             Checksum: 507CBC9D3935EC813333956978407BF6;9342.


LaTeX Font Warning: Some font shapes were not available, defaults substituted.

Package atveryend Info: Empty hook `AtVeryVeryEnd' on input line 8450.
 ) 
Here is how much of TeX's memory you used:
 6662 strings out of 493648
 90791 string characters out of 6151003
 213390 words of memory out of 5000000
 10127 multiletter control sequences out of 15000+600000
 27291 words of font info for 102 fonts, out of 8000000 for 9000
 929 hyphenation exceptions out of 8191
 36i,17n,49p,394b,564s stack positions out of 5000i,500n,10000p,200000b,80000s

Output written on langmansl_a4J.dvi (191 pages, 947168 bytes).
