This is e-pTeX, Version 3.14159265-p3.7.1-161114-2.6 (utf8.euc) (TeX Live 2017) (preloaded format=platex 2017.7.6)  25 MAY 2018 17:29
entering extended mode
 restricted \write18 enabled.
 %&-line parsing enabled.
**usermansl_a4E.tex
(./usermansl_a4E.tex
pLaTeX2e <2017/05/05> (based on LaTeX2e <2017-04-15>)
Babel <3.12> and hyphenation patterns for 84 language(s) loaded.
(/opt/texlive/2016/texmf-dist/tex/latex/base/article.cls
Document Class: article 2014/09/29 v1.4h Standard LaTeX document class
(/opt/texlive/2016/texmf-dist/tex/latex/base/size12.clo
File: size12.clo 2014/09/29 v1.4h Standard LaTeX file (size option)
)
\c@part=\count82
\c@section=\count83
\c@subsection=\count84
\c@subsubsection=\count85
\c@paragraph=\count86
\c@subparagraph=\count87
\c@figure=\count88
\c@table=\count89
\abovecaptionskip=\skip41
\belowcaptionskip=\skip42
\bibindent=\dimen118
)
(/opt/texlive/2016/texmf-dist/tex/latex/graphics/graphicx.sty
Package: graphicx 2017/06/01 v1.1a Enhanced LaTeX Graphics (DPC,SPQR)

(/opt/texlive/2016/texmf-dist/tex/latex/graphics/keyval.sty
Package: keyval 2014/10/28 v1.15 key=value parser (DPC)
\KV@toks@=\toks15
)
(/opt/texlive/2016/texmf-dist/tex/latex/graphics/graphics.sty
Package: graphics 2017/06/25 v1.2c Standard LaTeX Graphics (DPC,SPQR)

(/opt/texlive/2016/texmf-dist/tex/latex/graphics/trig.sty
Package: trig 2016/01/03 v1.10 sin cos tan (DPC)
)
(/opt/texlive/2016/texmf-dist/tex/latex/graphics-cfg/graphics.cfg
File: graphics.cfg 2016/06/04 v1.11 sample graphics configuration
)
Package graphics Info: Driver file: dvipdfmx.def on input line 99.

(/opt/texlive/2016/texmf-dist/tex/latex/graphics-def/dvipdfmx.def
File: dvipdfmx.def 2017/06/24 v5.0g Graphics/color driver for dvipdfmx
))
\Gin@req@height=\dimen119
\Gin@req@width=\dimen120
)
(/opt/texlive/2016/texmf-dist/tex/latex/graphics/color.sty
Package: color 2016/07/10 v1.1e Standard LaTeX Color (DPC)

(/opt/texlive/2016/texmf-dist/tex/latex/graphics-cfg/color.cfg
File: color.cfg 2016/01/02 v1.6 sample color configuration
)
Package color Info: Driver file: dvipdfmx.def on input line 147.

(/opt/texlive/2016/texmf-dist/tex/latex/graphics/dvipsnam.def
File: dvipsnam.def 2016/06/17 v3.0m Driver-dependent file (DPC,SPQR)
))
(/opt/texlive/2016/texmf-dist/tex/latex/hyperref/hyperref.sty
Package: hyperref 2017/03/14 v6.85a Hypertext links for LaTeX

(/opt/texlive/2016/texmf-dist/tex/generic/oberdiek/hobsub-hyperref.sty
Package: hobsub-hyperref 2016/05/16 v1.14 Bundle oberdiek, subset hyperref (HO)


(/opt/texlive/2016/texmf-dist/tex/generic/oberdiek/hobsub-generic.sty
Package: hobsub-generic 2016/05/16 v1.14 Bundle oberdiek, subset generic (HO)
Package: hobsub 2016/05/16 v1.14 Construct package bundles (HO)
Package: infwarerr 2016/05/16 v1.4 Providing info/warning/error messages (HO)
Package: ltxcmds 2016/05/16 v1.23 LaTeX kernel commands for general use (HO)
Package: ifluatex 2016/05/16 v1.4 Provides the ifluatex switch (HO)
Package ifluatex Info: LuaTeX not detected.
Package: ifvtex 2016/05/16 v1.6 Detect VTeX and its facilities (HO)
Package ifvtex Info: VTeX not detected.
Package: intcalc 2016/05/16 v1.2 Expandable calculations with integers (HO)
Package: ifpdf 2017/03/15 v3.2 Provides the ifpdf switch
Package: etexcmds 2016/05/16 v1.6 Avoid name clashes with e-TeX commands (HO)
Package etexcmds Info: Could not find \expanded.
(etexcmds)             That can mean that you are not using pdfTeX 1.50 or
(etexcmds)             that some package has redefined \expanded.
(etexcmds)             In the latter case, load this package earlier.
Package: kvsetkeys 2016/05/16 v1.17 Key value parser (HO)
Package: kvdefinekeys 2016/05/16 v1.4 Define keys (HO)
Package: pdftexcmds 2017/03/19 v0.25 Utility functions of pdfTeX for LuaTeX (HO
)
Package pdftexcmds Info: LuaTeX not detected.
Package pdftexcmds Info: pdfTeX >= 1.30 not detected.
Package pdftexcmds Info: \pdf@primitive is available.
Package pdftexcmds Info: \pdf@ifprimitive is available.
Package pdftexcmds Info: \pdfdraftmode not found.
Package: pdfescape 2016/05/16 v1.14 Implements pdfTeX's escape features (HO)
Package: bigintcalc 2016/05/16 v1.4 Expandable calculations on big integers (HO
)
Package: bitset 2016/05/16 v1.2 Handle bit-vector datatype (HO)
Package: uniquecounter 2016/05/16 v1.3 Provide unlimited unique counter (HO)
)
Package hobsub Info: Skipping package `hobsub' (already loaded).
Package: letltxmacro 2016/05/16 v1.5 Let assignment for LaTeX macros (HO)
Package: hopatch 2016/05/16 v1.3 Wrapper for package hooks (HO)
Package: xcolor-patch 2016/05/16 xcolor patch
Package: atveryend 2016/05/16 v1.9 Hooks at the very end of document (HO)
Package atveryend Info: \enddocument detected (standard20110627).
Package: atbegshi 2016/06/09 v1.18 At begin shipout hook (HO)
Package: refcount 2016/05/16 v3.5 Data extraction from label references (HO)
Package: hycolor 2016/05/16 v1.8 Color options for hyperref/bookmark (HO)
)
(/home/yomori/lib/tex/macros/ifxetex.sty
Package: ifxetex 2008/09/18 v0.4 Provides ifxetex conditional
)
(/opt/texlive/2016/texmf-dist/tex/latex/oberdiek/auxhook.sty
Package: auxhook 2016/05/16 v1.4 Hooks for auxiliary files (HO)
)
(/opt/texlive/2016/texmf-dist/tex/latex/oberdiek/kvoptions.sty
Package: kvoptions 2016/05/16 v3.12 Key value format for package options (HO)
)
\@linkdim=\dimen121
\Hy@linkcounter=\count90
\Hy@pagecounter=\count91

(/opt/texlive/2016/texmf-dist/tex/latex/hyperref/pd1enc.def
File: pd1enc.def 2017/03/14 v6.85a Hyperref: PDFDocEncoding definition (HO)
)
\Hy@SavedSpaceFactor=\count92

(/opt/texlive/2016/texmf-dist/tex/latex/latexconfig/hyperref.cfg
File: hyperref.cfg 2002/06/06 v1.2 hyperref configuration of TeXLive
)
Package hyperref Info: Option `bookmarks' set `true' on input line 4374.
Package hyperref Info: Option `bookmarksnumbered' set `true' on input line 4374
.
Package hyperref Info: Option `colorlinks' set `true' on input line 4374.
Package hyperref Info: Option `plainpages' set `true' on input line 4374.
Package hyperref Info: Hyper figures OFF on input line 4498.
Package hyperref Info: Link nesting OFF on input line 4503.
Package hyperref Info: Hyper index ON on input line 4506.
Package hyperref Info: Plain pages ON on input line 4511.
Package hyperref Info: Backreferencing OFF on input line 4518.
Package hyperref Info: Implicit mode ON; LaTeX internals redefined.
Package hyperref Info: Bookmarks ON on input line 4751.
\c@Hy@tempcnt=\count93

(/opt/texlive/2016/texmf-dist/tex/latex/url/url.sty
\Urlmuskip=\muskip10
Package: url 2013/09/16  ver 3.4  Verb mode for urls, etc.
)
LaTeX Info: Redefining \url on input line 5104.
\XeTeXLinkMargin=\dimen122
\Fld@menulength=\count94
\Field@Width=\dimen123
\Fld@charsize=\dimen124
Package hyperref Info: Hyper figures OFF on input line 6358.
Package hyperref Info: Link nesting OFF on input line 6363.
Package hyperref Info: Hyper index ON on input line 6366.
Package hyperref Info: backreferencing OFF on input line 6373.
Package hyperref Info: Link coloring ON on input line 6376.
Package hyperref Info: Link coloring with OCG OFF on input line 6383.
Package hyperref Info: PDF/A mode OFF on input line 6388.
LaTeX Info: Redefining \ref on input line 6428.
LaTeX Info: Redefining \pageref on input line 6432.
\Hy@abspage=\count95
\c@Item=\count96
\c@Hfootnote=\count97
)

Package hyperref Message: Driver: hdvipdfm.

(/opt/texlive/2016/texmf-dist/tex/latex/hyperref/hdvipdfm.def
File: hdvipdfm.def 2017/03/14 v6.85a Hyperref driver for dvipdfm
\pdfm@box=\box42
\c@Hy@AnnotLevel=\count98
\HyField@AnnotCount=\count99
\Fld@listcount=\count100
\c@bookmark@seq@number=\count101

(/opt/texlive/2016/texmf-dist/tex/latex/oberdiek/rerunfilecheck.sty
Package: rerunfilecheck 2016/05/16 v1.8 Rerun checks for auxiliary files (HO)
Package uniquecounter Info: New unique counter `rerunfilecheck' on input line 2
82.
)
\Hy@SectionHShift=\skip43
)
(/opt/texlive/2016/texmf-dist/tex/latex/base/alltt.sty
Package: alltt 1997/06/16 v2.0g defines alltt environment
)
(/opt/texlive/2016/texmf-dist/tex/latex/base/makeidx.sty
Package: makeidx 2014/09/29 v1.0m Standard LaTeX package
)
(/opt/texlive/2016/texmf-dist/tex/latex/base/ifthen.sty
Package: ifthen 2014/09/29 v1.1c Standard LaTeX ifthen package (DPC)
)
(/opt/texlive/2016/texmf-dist/tex/latex/tools/verbatim.sty
Package: verbatim 2014/10/28 v1.5q LaTeX2e package for verbatim enhancements
\every@verbatim=\toks16
\verbatim@line=\toks17
\verbatim@in@stream=\read1
)
(/opt/texlive/2016/texmf-dist/tex/latex/cite/cite.sty
LaTeX Info: Redefining \cite on input line 302.
LaTeX Info: Redefining \nocite on input line 332.
Package: cite 2015/02/27  v 5.5
) (./toolbox.sty
Package: toolbox 1998/10/05 Toolbox Style. V1.2

(/opt/texlive/2016/texmf-dist/tex/latex/fancyhdr/fancyhdr.sty
Package: fancyhdr 2017/06/30 v3.9a Extensive control of page headers and footer
s
\f@nch@headwidth=\skip44
\f@nch@O@elh=\skip45
\f@nch@O@erh=\skip46
\f@nch@O@olh=\skip47
\f@nch@O@orh=\skip48
\f@nch@O@elf=\skip49
\f@nch@O@erf=\skip50
\f@nch@O@olf=\skip51
\f@nch@O@orf=\skip52
)
(/opt/texlive/2016/texmf-dist/tex/latex/psnfss/pifont.sty
Package: pifont 2005/04/12 PSNFSS-v9.2a Pi font support (SPQR) 

(I search kanjifont definition file: . . ) (I search font definition file: . .
. . . . . . )
LaTeX Font Info:    Try loading font information for U+pzd on input line 63.
 (/opt/texlive/2016/texmf-dist/tex/latex/psnfss/upzd.fd
File: upzd.fd 2001/06/04 font definitions for U/pzd.
)
(I search kanjifont definition file: . . ) (I search font definition file: . .
. . . . . . )
LaTeX Font Info:    Try loading font information for U+psy on input line 64.
 (/opt/texlive/2016/texmf-dist/tex/latex/psnfss/upsy.fd
File: upsy.fd 2001/06/04 font definitions for U/psy.
))
(/opt/texlive/2016/texmf-dist/tex/latex/graphics/rotating.sty
Package: rotating 2016/08/11 v2.16d rotated objects in LaTeX
\c@r@tfl@t=\count102
\rotFPtop=\skip53
\rotFPbot=\skip54
\rot@float@box=\box43
\rot@mess@toks=\toks18
)
\ToolboxLogo=\box44
File: QU-logo.eps Graphic file (type eps)
<QU-logo.eps>
\aabox=\box45
) (./vdmsl-2e.sty
BSI VDM SL style option <96/05/07> version 1.1.35b for LaTeX2e
This version of the macros contains some changes
which are not backwards compatible with previous
versions. See sections 6.4.10, 12.4.1 and 12.4.2
of the user guide.
Also see sections 5.4.1, 5.5.1, 5.5.7 and 5.6.1
\symAMSa=\mathgroup4
\symAMSb=\mathgroup5
LaTeX Font Info:    Redeclaring math alphabet \mathit on input line 114.
LaTeX Font Info:    Overwriting math alphabet `\mathit' in version `normal'
(Font)                  OT1/cmr/m/it --> OT1/cmr/m/it on input line 114.
LaTeX Font Info:    Overwriting math alphabet `\mathit' in version `bold'
(Font)                  OT1/cmr/bx/it --> OT1/cmr/m/it on input line 114.
\w@Rindent=\dimen125
\c@module=\count103
\c@outer=\count104
\c@inner=\count105
\w@outer=\dimen126
\w@inner=\dimen127
\wi@ln=\dimen128
\w@small@indent=\dimen129
\w@Indent=\dimen130
\w@IIndent=\dimen131
\w@IIIndent=\dimen132
\w@DIndent=\dimen133
\wi@indent=\dimen134
\endMacroSkip=\skip55
\wi@id=\dimen135
\wi@blo=\dimen136
\wi@sep=\dimen137
\wi@old@indent=\dimen138
\wi@w@blo=\dimen139
\t@bl@one=\toks19
\tmp@box=\box46
\t@ModuleName=\toks20
\preModuleSkip=\skip56
\postModuleSkip=\skip57
\preInterfaceSkip=\skip58
\postInterfaceSkip=\skip59
\preFromSkip=\skip60
\preInstanceSkip=\skip61
\preModulesignatureSkip=\skip62
\preDefinitionsSkip=\skip63
\postDefinitionsSkip=\skip64
\preTypesdefSkip=\skip65
\postTypesdefSkip=\skip66
\preTypeSkip=\skip67
\postTypeSkip=\skip68
\preStatedefSkip=\skip69
\postStatedefSkip=\skip70
\preInvfnSkip=\skip71
\postInvfnSkip=\skip72
\preInitfnSkip=\skip73
\preValuesdefSkip=\skip74
\postValuesdefSkip=\skip75
\preValdefSkip=\skip76
\postValdefSkip=\skip77
\preValueSkip=\skip78
\postValueSkip=\skip79
\preFuncdefSkip=\skip80
\postFuncdefSkip=\skip81
\preFndefSkip=\skip82
\postFndefSkip=\skip83
\preFnSkip=\skip84
\postFnSkip=\skip85
\t@fnop@name=\toks21
\postSignatureSkip=\skip86
\prePrecondSkip=\skip87
\prePostcondSkip=\skip88
\preOperdefSkip=\skip89
\postOperdefSkip=\skip90
\preOpdefSkip=\skip91
\postOpdefSkip=\skip92
\preOpSkip=\skip93
\postOpSkip=\skip94
\wi@wr=\dimen140
\preExceptionsSkip=\skip95
\preStmtSkip=\skip96
\postStmtSkip=\skip97
\preExprSkip=\skip98
\postExprSkip=\skip99
\wi@q@expr=\dimen141
\car@out=\dimen142
\coun@car@out=\count106
\old@indent=\dimen143
\old@expr=\dimen144
\w@AnnIndent=\dimen145
\wi@ann=\dimen146
\wi@ainn=\dimen147
\AnnSkip=\skip100
\preAnnotationsSkip=\skip101
\postAnnotationsSkip=\skip102
\@expr@box=\box47
\wi@expr=\dimen148
\preProofSkip=\skip103
\postProofSkip=\skip104
\w@ProofIndent=\dimen149
\w@ProofNumber=\dimen150
\@indentLevel=\count107
\@indentCount=\count108
) (/opt/texlive/2016/texmf-dist/tex/platex/base/ascmac.sty
Package: ascmac 2016/08/21 v2.0c ascmac wrapper (community edition) 

(/opt/texlive/2016/texmf-dist/tex/platex/base/tascmac.sty
Package: tascmac 2016/08/21 v2.0c ascmac package (community edition) 
\@savetbaselineshift=\dimen151
\@saveybaselineshift=\dimen152
\scb@x=\box48
\scscb@x=\box49
\@bw=\dimen153
\@nbox=\box50
\@nbody=\box51
\@scw=\dimen154
\@itemh=\dimen155
\@iboxpos=\toks22
\@iboxstr=\box52
\@bwsp=\box53
\@@bwsp=\box54
\@bcal=\count109
\shaderule=\dimen156
))
\@indexfile=\write3
\openout3 = `usermansl_a4E.idx'.


Writing index file usermansl_a4E.idx
(/opt/texlive/2016/texmf-dist/tex/latex/tools/longtable.sty
Package: longtable 2014/10/28 v4.11 Multi-page Table package (DPC)
\LTleft=\skip105
\LTright=\skip106
\LTpre=\skip107
\LTpost=\skip108
\LTchunksize=\count110
\LTcapwidth=\dimen157
\LT@head=\box55
\LT@firsthead=\box56
\LT@foot=\box57
\LT@lastfoot=\box58
\LT@cols=\count111
\LT@rows=\count112
\c@LT@tables=\count113
\c@LT@chunks=\count114
\LT@p@ftn=\toks23
)
(/opt/texlive/2016/texmf-dist/tex/latex/float/float.sty
Package: float 2001/11/08 v1.3d Float enhancements (AL)
\c@float@type=\count115
\float@exts=\toks24
\float@box=\box59
\@float@everytoks=\toks25
\@floatcapt=\box60
)
\keywwidth=\skip109
 (./usermansl_a4E.aux)
\openout1 = `usermansl_a4E.aux'.

LaTeX Font Info:    Checking defaults for OML/cmm/m/it on input line 168.
LaTeX Font Info:    ... okay on input line 168.
LaTeX Font Info:    Checking defaults for T1/cmr/m/n on input line 168.
LaTeX Font Info:    ... okay on input line 168.
LaTeX Font Info:    Checking defaults for OT1/cmr/m/n on input line 168.
LaTeX Font Info:    ... okay on input line 168.
LaTeX Font Info:    Checking defaults for OMS/cmsy/m/n on input line 168.
LaTeX Font Info:    ... okay on input line 168.
LaTeX Font Info:    Checking defaults for OMX/cmex/m/n on input line 168.
LaTeX Font Info:    ... okay on input line 168.
LaTeX Font Info:    Checking defaults for U/cmr/m/n on input line 168.
LaTeX Font Info:    ... okay on input line 168.
LaTeX Font Info:    Checking defaults for JY1/mc/m/n on input line 168.
LaTeX Font Info:    ... okay on input line 168.
LaTeX Font Info:    Checking defaults for JT1/mc/m/n on input line 168.
LaTeX Font Info:    ... okay on input line 168.
LaTeX Font Info:    Checking defaults for PD1/pdf/m/n on input line 168.
LaTeX Font Info:    ... okay on input line 168.
\AtBeginShipoutBox=\box61
Package hyperref Info: Link coloring ON on input line 168.

(/opt/texlive/2016/texmf-dist/tex/latex/hyperref/nameref.sty
Package: nameref 2016/05/21 v2.44 Cross-referencing by name of section

(/opt/texlive/2016/texmf-dist/tex/generic/oberdiek/gettitlestring.sty
Package: gettitlestring 2016/05/16 v1.5 Cleanup title references (HO)
)
\c@section@level=\count116
)
LaTeX Info: Redefining \ref on input line 168.
LaTeX Info: Redefining \pageref on input line 168.
LaTeX Info: Redefining \nameref on input line 168.

(./usermansl_a4E.out) (./usermansl_a4E.out)
\@outlinefile=\write4
\openout4 = `usermansl_a4E.out'.


(I search kanjifont definition file: . . ) (I search font definition file: . .
. . . . . . )
LaTeX Font Info:    Font shape `JT1/mc/bx/n' in size <52> not available
(Font)              Font shape `JT1/gt/m/n' tried instead on input line 171.
LaTeX Font Info:    Font shape `JY1/mc/bx/n' in size <52> not available
(Font)              Font shape `JY1/gt/m/n' tried instead on input line 171.
LaTeX Font Info:    Try loading font information for OT1+phv on input line 171.

 (/opt/texlive/2016/texmf-dist/tex/latex/psnfss/ot1phv.fd
File: ot1phv.fd 2001/06/04 scalable font definitions for OT1/phv.
)
LaTeX Font Info:    Font shape `OT1/phv/bx/n' in size <52> not available
(Font)              Font shape `OT1/phv/b/n' tried instead on input line 171.
LaTeX Font Info:    Font shape `JT1/mc/bx/n' in size <22> not available
(Font)              Font shape `JT1/gt/m/n' tried instead on input line 171.
LaTeX Font Info:    Font shape `JY1/mc/bx/n' in size <22> not available
(Font)              Font shape `JY1/gt/m/n' tried instead on input line 171.
LaTeX Font Info:    Font shape `OT1/phv/bx/n' in size <22> not available
(Font)              Font shape `OT1/phv/b/n' tried instead on input line 171.
LaTeX Font Info:    External font `cmex10' loaded for size
(Font)              <12> on input line 171.
LaTeX Font Info:    External font `cmex10' loaded for size
(Font)              <8> on input line 171.
LaTeX Font Info:    External font `cmex10' loaded for size
(Font)              <6> on input line 171.
File: QUcover-logo.eps Graphic file (type eps)
<QUcover-logo.eps>
LaTeX Font Info:    Font shape `JT1/mc/bx/n' in size <12> not available
(Font)              Font shape `JT1/gt/m/n' tried instead on input line 171.
LaTeX Font Info:    Font shape `JY1/mc/bx/n' in size <12> not available
(Font)              Font shape `JY1/gt/m/n' tried instead on input line 171.
LaTeX Font Info:    Font shape `OT1/phv/bx/n' in size <12> not available
(Font)              Font shape `OT1/phv/b/n' tried instead on input line 171.
File: vdmtools-logo.eps Graphic file (type eps)
<vdmtools-logo.eps>

[1

]

LaTeX Font Warning: Font shape `JT1/mc/m/sl' undefined
(Font)              using `JT1/mc/m/n' instead on input line 171.


LaTeX Font Warning: Font shape `JY1/mc/m/sl' undefined
(Font)              using `JY1/mc/m/n' instead on input line 171.


Overfull \hbox (4.90196pt too wide) in paragraph at lines 171--171
[][][][] 
 []


LaTeX Font Warning: Font shape `JT1/mc/m/it' undefined
(Font)              using `JT1/mc/m/n' instead on input line 171.


LaTeX Font Warning: Font shape `JY1/mc/m/it' undefined
(Font)              using `JY1/mc/m/n' instead on input line 171.

LaTeX Font Info:    Try loading font information for OMS+cmr on input line 171.

(/opt/texlive/2016/texmf-dist/tex/latex/base/omscmr.fd
File: omscmr.fd 2014/09/29 v2.5h Standard LaTeX font definitions
)
LaTeX Font Info:    Font shape `OMS/cmr/m/n' in size <14.4> not available
(Font)              Font shape `OMS/cmsy/m/n' tried instead on input line 171.
 [2]
LaTeX Font Info:    Font shape `JT1/mc/bx/n' in size <17.28> not available
(Font)              Font shape `JT1/gt/m/n' tried instead on input line 171.
LaTeX Font Info:    Font shape `JY1/mc/bx/n' in size <17.28> not available
(Font)              Font shape `JY1/gt/m/n' tried instead on input line 171.

(./usermansl_a4E.toc [1]
LaTeX Font Info:    Font shape `JT1/mc/bx/n' in size <8> not available
(Font)              Font shape `JT1/gt/m/n' tried instead on input line 73.
LaTeX Font Info:    Font shape `JY1/mc/bx/n' in size <8> not available
(Font)              Font shape `JY1/gt/m/n' tried instead on input line 73.
 [2])
\tf@toc=\write5
\openout5 = `usermansl_a4E.toc'.

 [3] [4]

LaTeX Font Warning: Font shape `JT1/gt/m/it' undefined
(Font)              using `JT1/gt/m/n' instead on input line 202.


LaTeX Font Warning: Font shape `JY1/gt/m/it' undefined
(Font)              using `JY1/gt/m/n' instead on input line 202.

LaTeX Font Info:    Font shape `JT1/mc/bx/n' in size <14.4> not available
(Font)              Font shape `JT1/gt/m/n' tried instead on input line 206.
LaTeX Font Info:    Font shape `JY1/mc/bx/n' in size <14.4> not available
(Font)              Font shape `JY1/gt/m/n' tried instead on input line 206.
[1] [2] [3]
File: figures/vdmtools_sl.png Graphic file (type bmp)
<figures/vdmtools_sl.png>
 [4] [5]
LaTeX Font Info:    External font `cmex10' loaded for size
(Font)              <7> on input line 435.
LaTeX Font Info:    External font `cmex10' loaded for size
(Font)              <5> on input line 435.
 [6]
File: figures/startgui-slENG.png Graphic file (type bmp)
<figures/startgui-slENG.png>
File: figures/help.png Graphic file (type bmp)
<figures/help.png>
File: figures/qt.png Graphic file (type bmp)
<figures/qt.png>
 [7] [8]
File: figures/plus.png Graphic file (type bmp)
<figures/plus.png>
File: figures/addFiles-slENG.png Graphic file (type bmp)
<figures/addFiles-slENG.png>
 [9]
File: figures/addedFiles-slENG.png Graphic file (type bmp)
<figures/addedFiles-slENG.png>
 [10]
File: figures/syntaxcheck.png Graphic file (type bmp)
<figures/syntaxcheck.png>
 [11]
File: figures/errorList-slENG.png Graphic file (type bmp)
<figures/errorList-slENG.png>
File: figures/sourceWindow-sl.png Graphic file (type bmp)
<figures/sourceWindow-sl.png>
 [12] [13]
File: figures/externaleditor.png Graphic file (type bmp)
<figures/externaleditor.png>
File: figures/syntaxcheckdone.png Graphic file (type bmp)
<figures/syntaxcheckdone.png>
File: figures/moduleViewENG.png Graphic file (type bmp)
<figures/moduleViewENG.png>
 [14]
File: figures/typecheck.png Graphic file (type bmp)
<figures/typecheck.png>
File: figures/typecheckdone.png Graphic file (type bmp)
<figures/typecheckdone.png>
File: figures/typecheckerror.png Graphic file (type bmp)
<figures/typecheckerror.png>
File: figures/typecheckdone.png Graphic file (type bmp)
<figures/typecheckdone.png>
 [15]
File: figures/typeError1-slENG.png Graphic file (type bmp)
<figures/typeError1-slENG.png>
File: figures/sourceWindow-type-slENG.png Graphic file (type bmp)
<figures/sourceWindow-type-slENG.png>
File: figures/typeError2-slENG.png Graphic file (type bmp)
<figures/typeError2-slENG.png>
File: figures/syntaxcheckdone.png Graphic file (type bmp)
<figures/syntaxcheckdone.png>
File: figures/syntaxcheckmodified.png Graphic file (type bmp)
<figures/syntaxcheckmodified.png>
File: figures/syntaxcheckdone.png Graphic file (type bmp)
<figures/syntaxcheckdone.png>
File: figures/typecheckdone.png Graphic file (type bmp)
<figures/typecheckdone.png>
 [16] [17]
[18]
File: figures/interpreter.png Graphic file (type bmp)
<figures/interpreter.png>
File: figures/interpreterWindowENG.png Graphic file (type bmp)
<figures/interpreterWindowENG.png>
 [19]
File: figures/runI.png Graphic file (type bmp)
<figures/runI.png>
File: figures/evalExpr-slENG.png Graphic file (type bmp)
<figures/evalExpr-slENG.png>

Overfull \hbox (14.22638pt too wide) in paragraph at lines 1204--1207
 [] 
 []

[20] [21]
File: figures/continueI.png Graphic file (type bmp)
<figures/continueI.png>
File: figures/upI.png Graphic file (type bmp)
<figures/upI.png>
File: figures/downI.png Graphic file (type bmp)
<figures/downI.png>
File: figures/singlestepI.png Graphic file (type bmp)
<figures/singlestepI.png>
 [22]
File: figures/debugging-slENG.png Graphic file (type bmp)
<figures/debugging-slENG.png>
 [23]
File: figures/projectoptions.png Graphic file (type bmp)
<figures/projectoptions.png>
File: figures/interpreterOptions-slENG.png Graphic file (type bmp)
<figures/interpreterOptions-slENG.png>
 [24]
File: figures/dynamicTCError-slENG.png Graphic file (type bmp)
<figures/dynamicTCError-slENG.png>
 [25]
File: figures/integritycheck.png Graphic file (type bmp)
<figures/integritycheck.png>
 [26]
File: figures/integWin-slENG.png Graphic file (type bmp)
<figures/integWin-slENG.png>
File: figures/right.png Graphic file (type bmp)
<figures/right.png>
File: figures/filter.png Graphic file (type bmp)
<figures/filter.png>
 [27]
File: figures/checkmark.png Graphic file (type bmp)
<figures/checkmark.png>
 [28] [29] [30]
File: figures/testCov-slENG.png Graphic file (type bmp)
<figures/testCov-slENG.png>
 [31]
File: figures/prettyprint.png Graphic file (type bmp)
<figures/prettyprint.png>
 [32]
File: figures/cplusplus.png Graphic file (type bmp)
<figures/cplusplus.png>
 [33] [34]
File: figures/startgui-slENG.png Graphic file (type bmp)
<figures/startgui-slENG.png>

[35]
File: figures/browser.png Graphic file (type bmp)
<figures/browser.png>
File: figures/projectView-slENG.png Graphic file (type bmp)
<figures/projectView-slENG.png>
File: figures/syntaxcheckdone.png Graphic file (type bmp)
<figures/syntaxcheckdone.png>
File: figures/typecheckdone.png Graphic file (type bmp)
<figures/typecheckdone.png>
File: figures/cplusplusdone.png Graphic file (type bmp)
<figures/cplusplusdone.png>
File: figures/prettyprintdone.png Graphic file (type bmp)
<figures/prettyprintdone.png>
File: figures/syntaxcheckerror.png Graphic file (type bmp)
<figures/syntaxcheckerror.png>
File: figures/typecheckerror.png Graphic file (type bmp)
<figures/typecheckerror.png>
File: figures/cpluspluserror.png Graphic file (type bmp)
<figures/cpluspluserror.png>
File: figures/prettyprinterror.png Graphic file (type bmp)
<figures/prettyprinterror.png>
File: figures/syntaxcheckmodified.png Graphic file (type bmp)
<figures/syntaxcheckmodified.png>

Overfull \hbox (11.34036pt too wide) in paragraph at lines 2024--2030
[]\OT1/cmr/m/n/12 Various op-er-a-tions for ma-nip-u-lat-ing projects, in-clud-
ing open-ing and sav-ing projects,
 []

File: figures/projectMenuToolbar-sl.png Graphic file (type bmp)
<figures/projectMenuToolbar-sl.png>
[36]
File: figures/projectnew.png Graphic file (type bmp)
<figures/projectnew.png>
File: figures/load.png Graphic file (type bmp)
<figures/load.png>
File: figures/projectsave.png Graphic file (type bmp)
<figures/projectsave.png>
 [37]
File: figures/projectsaveas.png Graphic file (type bmp)
<figures/projectsaveas.png>
File: figures/plus.png Graphic file (type bmp)
<figures/plus.png>
File: figures/minus.png Graphic file (type bmp)
<figures/minus.png>
File: figures/projectoptions.png Graphic file (type bmp)
<figures/projectoptions.png>
LaTeX Font Info:    Font shape `OMS/cmr/m/n' in size <12> not available
(Font)              Font shape `OMS/cmsy/m/n' tried instead on input line 2095.

File: figures/tooloptions.png Graphic file (type bmp)
<figures/tooloptions.png>
 [38]
File: figures/actionsMenuToolbar-slENG.png Graphic file (type bmp)
<figures/actionsMenuToolbar-slENG.png>
File: figures/syntaxcheck.png Graphic file (type bmp)
<figures/syntaxcheck.png>
 [39]
File: figures/typecheck.png Graphic file (type bmp)
<figures/typecheck.png>
File: figures/integritycheck.png Graphic file (type bmp)
<figures/integritycheck.png>
File: figures/cplusplus.png Graphic file (type bmp)
<figures/cplusplus.png>
File: figures/prettyprint.png Graphic file (type bmp)
<figures/prettyprint.png>
File: figures/log.png Graphic file (type bmp)
<figures/log.png>
File: figures/errorList-slENG.png Graphic file (type bmp)
<figures/errorList-slENG.png>
File: figures/error.png Graphic file (type bmp)
<figures/error.png>
File: figures/sourceWindow-sl.png Graphic file (type bmp)
<figures/sourceWindow-sl.png>
File: figures/sourceWindow-sl.png Graphic file (type bmp)
<figures/sourceWindow-sl.png>
File: figures/fileclose.png Graphic file (type bmp)
<figures/fileclose.png>
File: figures/filecloseall.png Graphic file (type bmp)
<figures/filecloseall.png>
File: figures/fileclose.png Graphic file (type bmp)
<figures/fileclose.png>
File: figures/filecloseall.png Graphic file (type bmp)
<figures/filecloseall.png>
 [40]
File: figures/source.png Graphic file (type bmp)
<figures/source.png>
File: figures/externaleditor.png Graphic file (type bmp)
<figures/externaleditor.png>
 [41]
File: figures/interpreter.png Graphic file (type bmp)
<figures/interpreter.png>
File: figures/help.png Graphic file (type bmp)
<figures/help.png>
File: figures/qt.png Graphic file (type bmp)
<figures/qt.png>
 [42] [43] [44]
File: figures/syntaxcheck.png Graphic file (type bmp)
<figures/syntaxcheck.png>
 [45] [46] [47] [48] [49]
File: figures/typecheck.png Graphic file (type bmp)
<figures/typecheck.png>
File: figures/projectoptions.png Graphic file (type bmp)
<figures/projectoptions.png>
File: figures/tcOptions-slENG.png Graphic file (type bmp)
<figures/tcOptions-slENG.png>
 [50]
LaTeX Font Info:    Try loading font information for OMS+cmtt on input line 283
0.
LaTeX Font Info:    No file OMScmtt.fd. on input line 2830.


LaTeX Font Warning: Font shape `OMS/cmtt/m/n' undefined
(Font)              using `OMS/cmsy/m/n' instead
(Font)              for symbol `textbraceleft' on input line 2830.

[51] [52] [53]
File: figures/interpreter.png Graphic file (type bmp)
<figures/interpreter.png>
File: figures/runI.png Graphic file (type bmp)
<figures/runI.png>
 [54]
File: figures/stepI.png Graphic file (type bmp)
<figures/stepI.png>
File: figures/stepintoI.png Graphic file (type bmp)
<figures/stepintoI.png>
File: figures/singlestepI.png Graphic file (type bmp)
<figures/singlestepI.png>
File: figures/continueI.png Graphic file (type bmp)
<figures/continueI.png>
File: figures/stopI.png Graphic file (type bmp)
<figures/stopI.png>
File: figures/upI.png Graphic file (type bmp)
<figures/upI.png>
File: figures/downI.png Graphic file (type bmp)
<figures/downI.png>
File: figures/pauseI.png Graphic file (type bmp)
<figures/pauseI.png>
File: figures/runI.png Graphic file (type bmp)
<figures/runI.png>
 [55]
File: figures/stepI.png Graphic file (type bmp)
<figures/stepI.png>
File: figures/singlestepI.png Graphic file (type bmp)
<figures/singlestepI.png>
File: figures/upI.png Graphic file (type bmp)
<figures/upI.png>
File: figures/continueI.png Graphic file (type bmp)
<figures/continueI.png>
File: figures/stopI.png Graphic file (type bmp)
<figures/stopI.png>
 [56]
LaTeX Font Info:    Font shape `OT1/cmtt/bx/n' in size <12> not available
(Font)              Font shape `OT1/cmtt/m/n' tried instead on input line 3184.

 [57] [58]
File: figures/interpreterOptions-slENG.png Graphic file (type bmp)
<figures/interpreterOptions-slENG.png>

Overfull \hbox (0.91945pt too wide) in paragraph at lines 3367--3372
[]\OT1/cmr/m/n/12 If this check is en-abled the type of ex-pres-sions will be c
hecked
 []

[59] [60]
Overfull \hbox (7.33525pt too wide) in paragraph at lines 3491--3492
[]\OT1/cmtt/m/n/12 vdmde -i [-DIPQ] [-R testcoverage] [-O res-file] argfile spe
cfile(s) 
 []

[61] [62] [63] [64] [65] [66]
File: figures/integritycheck.png Graphic file (type bmp)
<figures/integritycheck.png>
File: figures/integWin-slENG.png Graphic file (type bmp)
<figures/integWin-slENG.png>
File: figures/up.png Graphic file (type bmp)
<figures/up.png>
File: figures/down.png Graphic file (type bmp)
<figures/down.png>
File: figures/checkmark.png Graphic file (type bmp)
<figures/checkmark.png>
 [67]
File: figures/filter.png Graphic file (type bmp)
<figures/filter.png>
File: figures/right.png Graphic file (type bmp)
<figures/right.png>
File: figures/left.png Graphic file (type bmp)
<figures/left.png>
File: figures/filter.png Graphic file (type bmp)
<figures/filter.png>
File: figures/filter.png Graphic file (type bmp)
<figures/filter.png>
 [68]

LaTeX Font Warning: Font shape `JT1/mc/m/sc' undefined
(Font)              using `JT1/mc/m/n' instead on input line 4014.


LaTeX Font Warning: Font shape `JY1/mc/m/sc' undefined
(Font)              using `JY1/mc/m/n' instead on input line 4014.

File: figures/prettyprint.png Graphic file (type bmp)
<figures/prettyprint.png>
[69]
File: figures/ppOptions-slENG.png Graphic file (type bmp)
<figures/ppOptions-slENG.png>
 [70] [71] [72]
File: figures/cplusplus.png Graphic file (type bmp)
<figures/cplusplus.png>

Overfull \hbox (0.79778pt too wide) in paragraph at lines 4223--4227
[]\OT1/cmr/m/n/12 Causes the code gen-er-a-tor to gen-er-ate code con-
 []

File: figures/ccgOptions-slENG.png Graphic file (type bmp)
<figures/ccgOptions-slENG.png>
[73] [74]
File: figures/testenv.png Graphic file (type bmp)
<figures/testenv.png>
 [75] [76] [77]
File: figures/guitcov-slENG.png Graphic file (type bmp)
<figures/guitcov-slENG.png>
LaTeX Font Info:    External font `cmex10' loaded for size
(Font)              <10.95> on input line 4525.
 [78]
LaTeX Font Info:    Try loading font information for OMS+cmss on input line 464
5.
LaTeX Font Info:    No file OMScmss.fd. on input line 4645.


LaTeX Font Warning: Font shape `OMS/cmss/m/n' undefined
(Font)              using `OMS/cmsy/m/n' instead
(Font)              for symbol `textbraceleft' on input line 4645.

[79] [80]
Overfull \hbox (22.0492pt too wide) in paragraph at lines 4698--4704
[]\OT1/cmr/m/n/12 In the gen-er-ated L[]T[]X code the macros $\OT1/cmtt/m/n/12 
\color{covered}$ \OT1/cmr/m/n/12 and $\OT1/cmtt/m/n/12 \color{not-[]covered}$
 []

[81] (./usermansl_a4E.bbl) [82] (./glossary_en.tex
Overfull \hbox (23.5731pt too wide) in paragraph at lines 36--39
\OT1/cmr/m/n/12 namic se-man-tics of the lan-guage. That is, it can ex-e-cute a
 pro-gram/specification. 
 []


Overfull \hbox (1.05392pt too wide) in paragraph at lines 51--54
[]\OT1/cmr/m/n/12 The pretty printer pro-cesses a file and pro-duces a pretty p
rinted
 []

[83]
LaTeX Font Info:    Font shape `JT1/mc/bx/n' in size <10.95> not available
(Font)              Font shape `JT1/gt/m/n' tried instead on input line 104.
LaTeX Font Info:    Font shape `JY1/mc/bx/n' in size <10.95> not available
(Font)              Font shape `JY1/gt/m/n' tried instead on input line 104.
) [84] [85] [86]
LaTeX Font Info:    External font `cmex10' loaded for size
(Font)              <17.28> on input line 4847.
LaTeX Font Info:    External font `cmex10' loaded for size
(Font)              <14.4> on input line 4880.
LaTeX Font Info:    Font shape `JT1/mc/bx/n' in size <10> not available
(Font)              Font shape `JT1/gt/m/n' tried instead on input line 4880.
LaTeX Font Info:    Font shape `JY1/mc/bx/n' in size <10> not available
(Font)              Font shape `JY1/gt/m/n' tried instead on input line 4880.
 [87] [88] [89]
File: figures/tooloptions.png Graphic file (type bmp)
<figures/tooloptions.png>
File: figures/toolOptions-fontENG.png Graphic file (type bmp)
<figures/toolOptions-fontENG.png>
 [90]
File: figures/tooloptions.png Graphic file (type bmp)
<figures/tooloptions.png>
 [91]
File: figures/toolOptions-epENG.png Graphic file (type bmp)
<figures/toolOptions-epENG.png>
 [92] [93]
File: sort-ex/test/vdmloop.bat  (verbatim)
File: sort-ex/test/vdmtest.bat  (verbatim)
 [94]
File: sort-ex/test/vdmloop  (verbatim)

Overfull \hbox (13.51025pt too wide) in paragraph at lines 5259--5259
[]\OT1/cmtt/m/n/12 ## Runs a collection of VDM-SL test examples for the sorting
 example.[] 
 []

File: sort-ex/test/vdmtest  (verbatim)
[95] [96]
Overfull \hbox (19.35883pt too wide) in paragraph at lines 5269--5269
[]\OT1/cmr/bx/n/17.28 Troubleshooting Prob-lems with Mi-crosoft Word 
 []

[97] (./usermansl_a4E.ind [98] [99] [100] [101] [102] [103] [104

] [105]
[106

])
Package atveryend Info: Empty hook `BeforeClearDocument' on input line 5323.
Package atveryend Info: Empty hook `AfterLastShipout' on input line 5323.
 (./usermansl_a4E.aux)
Package atveryend Info: Empty hook `AtVeryEndDocument' on input line 5323.
Package atveryend Info: Executing hook `AtEndAfterFileList' on input line 5323.

Package rerunfilecheck Info: File `usermansl_a4E.out' has not changed.
(rerunfilecheck)             Checksum: 0FC7D804EDE50AB8F5BCE9E86657D404;6247.


LaTeX Font Warning: Some font shapes were not available, defaults substituted.

Package atveryend Info: Empty hook `AtVeryVeryEnd' on input line 5323.
 ) 
Here is how much of TeX's memory you used:
 7071 strings out of 493648
 99288 string characters out of 6151003
 211948 words of memory out of 5000000
 10446 multiletter control sequences out of 15000+600000
 32125 words of font info for 121 fonts, out of 8000000 for 9000
 929 hyphenation exceptions out of 8191
 36i,17n,49p,286b,489s stack positions out of 5000i,500n,10000p,200000b,80000s

Output written on usermansl_a4E.dvi (112 pages, 411776 bytes).
