This is e-pTeX, Version 3.14159265-p3.6-141210-2.6 (utf8.euc) (TeX Live 2015) (preloaded format=platex 2016.8.15)  4 OCT 2016 19:56
entering extended mode
 restricted \write18 enabled.
 %&-line parsing enabled.
**roselinkpp_a4J.tex
(./roselinkpp_a4J.tex
pLaTeX2e <2006/11/10> (based on LaTeX2e <2015/01/01> patch level 0)
Babel <3.9l> and hyphenation patterns for 79 languages loaded.
(/opt/texlive/2015/texmf-dist/tex/platex/base/jarticle.cls
Document Class: jarticle 2006/06/27 v1.6 Standard pLaTeX class
\c@@paper=\count81
(/opt/texlive/2015/texmf-dist/tex/platex/base/jsize12.clo
File: jsize12.clo 2006/06/27 v1.6 Standard pLaTeX file (size option)
)
\c@part=\count82
\c@section=\count83
\c@subsection=\count84
\c@subsubsection=\count85
\c@paragraph=\count86
\c@subparagraph=\count87
\c@figure=\count88
\c@table=\count89
\abovecaptionskip=\skip41
\belowcaptionskip=\skip42
\symmincho=\mathgroup4
LaTeX Font Info:    Overwriting symbol font `mincho' in version `bold'
(Font)                  JY1/mc/m/n --> JY1/gt/m/n on input line 601.
\toclineskip=\dimen118
\@lnumwidth=\dimen119
\bibindent=\dimen120
\heisei=\count90
)
(/opt/texlive/2015/texmf-dist/tex/latex/graphics/graphicx.sty
Package: graphicx 2014/10/28 v1.0g Enhanced LaTeX Graphics (DPC,SPQR)

(/opt/texlive/2015/texmf-dist/tex/latex/graphics/keyval.sty
Package: keyval 2014/10/28 v1.15 key=value parser (DPC)
\KV@toks@=\toks15
)
(/opt/texlive/2015/texmf-dist/tex/latex/graphics/graphics.sty
Package: graphics 2014/10/28 v1.0p Standard LaTeX Graphics (DPC,SPQR)

(/opt/texlive/2015/texmf-dist/tex/latex/graphics/trig.sty
Package: trig 1999/03/16 v1.09 sin cos tan (DPC)
)
(/opt/texlive/2015/texmf-dist/tex/latex/latexconfig/graphics.cfg
File: graphics.cfg 2010/04/23 v1.9 graphics configuration of TeX Live
)
Package graphics Info: Driver file: dvipdfmx.def on input line 94.

(/opt/texlive/2015/texmf-dist/tex/latex/dvipdfmx-def/dvipdfmx.def
File: dvipdfmx.def 2015/03/26 v4.04 LaTeX color/graphics driver for dvipdfmx (T
eX Live/ChoF)
))
\Gin@req@height=\dimen121
\Gin@req@width=\dimen122
)
(/opt/texlive/2015/texmf-dist/tex/latex/graphics/color.sty
Package: color 2014/10/28 v1.1a Standard LaTeX Color (DPC)

(/opt/texlive/2015/texmf-dist/tex/latex/latexconfig/color.cfg
File: color.cfg 2007/01/18 v1.5 color configuration of teTeX/TeXLive
)
Package color Info: Driver file: dvipdfmx.def on input line 142.

(/opt/texlive/2015/texmf-dist/tex/latex/graphics/dvipsnam.def
File: dvipsnam.def 2014/10/14 v3.0j Driver-dependent file (DPC,SPQR)
))
(/opt/texlive/2015/texmf-dist/tex/latex/hyperref/hyperref.sty
Package: hyperref 2012/11/06 v6.83m Hypertext links for LaTeX

(/opt/texlive/2015/texmf-dist/tex/generic/oberdiek/hobsub-hyperref.sty
Package: hobsub-hyperref 2012/05/28 v1.13 Bundle oberdiek, subset hyperref (HO)


(/opt/texlive/2015/texmf-dist/tex/generic/oberdiek/hobsub-generic.sty
Package: hobsub-generic 2012/05/28 v1.13 Bundle oberdiek, subset generic (HO)
Package: hobsub 2012/05/28 v1.13 Construct package bundles (HO)
Package: infwarerr 2010/04/08 v1.3 Providing info/warning/error messages (HO)
Package: ltxcmds 2011/11/09 v1.22 LaTeX kernel commands for general use (HO)
Package: ifluatex 2010/03/01 v1.3 Provides the ifluatex switch (HO)
Package ifluatex Info: LuaTeX not detected.
Package: ifvtex 2010/03/01 v1.5 Detect VTeX and its facilities (HO)
Package ifvtex Info: VTeX not detected.
Package: intcalc 2007/09/27 v1.1 Expandable calculations with integers (HO)
Package: ifpdf 2011/01/30 v2.3 Provides the ifpdf switch (HO)
Package ifpdf Info: pdfTeX in PDF mode is not detected.
Package: etexcmds 2011/02/16 v1.5 Avoid name clashes with e-TeX commands (HO)
Package etexcmds Info: Could not find \expanded.
(etexcmds)             That can mean that you are not using pdfTeX 1.50 or
(etexcmds)             that some package has redefined \expanded.
(etexcmds)             In the latter case, load this package earlier.
Package: kvsetkeys 2012/04/25 v1.16 Key value parser (HO)
Package: kvdefinekeys 2011/04/07 v1.3 Define keys (HO)
Package: pdftexcmds 2011/11/29 v0.20 Utility functions of pdfTeX for LuaTeX (HO
)
Package pdftexcmds Info: LuaTeX not detected.
Package pdftexcmds Info: pdfTeX >= 1.30 not detected.
Package pdftexcmds Info: \pdf@primitive is not available.
Package pdftexcmds Info: \pdf@ifprimitive is not available.
Package pdftexcmds Info: \pdfdraftmode not found.
Package: pdfescape 2011/11/25 v1.13 Implements pdfTeX's escape features (HO)
Package: bigintcalc 2012/04/08 v1.3 Expandable calculations on big integers (HO
)
Package: bitset 2011/01/30 v1.1 Handle bit-vector datatype (HO)
Package: uniquecounter 2011/01/30 v1.2 Provide unlimited unique counter (HO)
)
Package hobsub Info: Skipping package `hobsub' (already loaded).
Package: letltxmacro 2010/09/02 v1.4 Let assignment for LaTeX macros (HO)
Package: hopatch 2012/05/28 v1.2 Wrapper for package hooks (HO)
Package: xcolor-patch 2011/01/30 xcolor patch
Package: atveryend 2011/06/30 v1.8 Hooks at the very end of document (HO)
Package atveryend Info: \enddocument detected (standard20110627).
Package: atbegshi 2011/10/05 v1.16 At begin shipout hook (HO)
Package: refcount 2011/10/16 v3.4 Data extraction from label references (HO)
Package: hycolor 2011/01/30 v1.7 Color options for hyperref/bookmark (HO)
)
(/home/yomori/lib/tex/macros/ifxetex.sty
Package: ifxetex 2008/09/18 v0.4 Provides ifxetex conditional
)
(/opt/texlive/2015/texmf-dist/tex/latex/oberdiek/auxhook.sty
Package: auxhook 2011/03/04 v1.3 Hooks for auxiliary files (HO)
)
(/opt/texlive/2015/texmf-dist/tex/latex/oberdiek/kvoptions.sty
Package: kvoptions 2011/06/30 v3.11 Key value format for package options (HO)
)
\@linkdim=\dimen123
\Hy@linkcounter=\count91
\Hy@pagecounter=\count92

(/opt/texlive/2015/texmf-dist/tex/latex/hyperref/pd1enc.def
File: pd1enc.def 2012/11/06 v6.83m Hyperref: PDFDocEncoding definition (HO)
)
\Hy@SavedSpaceFactor=\count93

(/opt/texlive/2015/texmf-dist/tex/latex/latexconfig/hyperref.cfg
File: hyperref.cfg 2002/06/06 v1.2 hyperref configuration of TeXLive
)
Package hyperref Info: Option `bookmarks' set `true' on input line 4319.
Package hyperref Info: Option `bookmarksnumbered' set `true' on input line 4319
.
Package hyperref Info: Option `colorlinks' set `true' on input line 4319.
Package hyperref Info: Option `plainpages' set `true' on input line 4319.
Package hyperref Info: Hyper figures OFF on input line 4443.
Package hyperref Info: Link nesting OFF on input line 4448.
Package hyperref Info: Hyper index ON on input line 4451.
Package hyperref Info: Plain pages ON on input line 4456.
Package hyperref Info: Backreferencing OFF on input line 4463.
Package hyperref Info: Implicit mode ON; LaTeX internals redefined.
Package hyperref Info: Bookmarks ON on input line 4688.
\c@Hy@tempcnt=\count94

(/opt/texlive/2015/texmf-dist/tex/latex/url/url.sty
\Urlmuskip=\muskip10
Package: url 2013/09/16  ver 3.4  Verb mode for urls, etc.
)
LaTeX Info: Redefining \url on input line 5041.
\XeTeXLinkMargin=\dimen124
\Fld@menulength=\count95
\Field@Width=\dimen125
\Fld@charsize=\dimen126
Package hyperref Info: Hyper figures OFF on input line 6295.
Package hyperref Info: Link nesting OFF on input line 6300.
Package hyperref Info: Hyper index ON on input line 6303.
Package hyperref Info: backreferencing OFF on input line 6310.
Package hyperref Info: Link coloring ON on input line 6313.
Package hyperref Info: Link coloring with OCG OFF on input line 6320.
Package hyperref Info: PDF/A mode OFF on input line 6325.
LaTeX Info: Redefining \ref on input line 6365.
LaTeX Info: Redefining \pageref on input line 6369.
\Hy@abspage=\count96
\c@Item=\count97
\c@Hfootnote=\count98
)

Package hyperref Message: Driver: hdvipdfm.

(/opt/texlive/2015/texmf-dist/tex/latex/hyperref/hdvipdfm.def
File: hdvipdfm.def 2012/11/06 v6.83m Hyperref driver for dvipdfm
\pdfm@box=\box41
\c@Hy@AnnotLevel=\count99
\HyField@AnnotCount=\count100
\Fld@listcount=\count101
\c@bookmark@seq@number=\count102

(/opt/texlive/2015/texmf-dist/tex/latex/oberdiek/rerunfilecheck.sty
Package: rerunfilecheck 2011/04/15 v1.7 Rerun checks for auxiliary files (HO)
Package rerunfilecheck Info: Feature \pdfmdfivesum is not available
(rerunfilecheck)             (e.g. pdfTeX or LuaTeX with package `pdftexcmds').

(rerunfilecheck)             Therefore file contents cannot be checked efficien
tly
(rerunfilecheck)             and the loading of the package is aborted.
)
\Hy@SectionHShift=\skip43
)
(./toolbox.sty
Package: toolbox 1998/10/05 Toolbox Style. V1.2
 (/opt/texlive/2015/texmf-dist/tex/latex/fancyhdr/fancyhdr.sty
\fancy@headwidth=\skip44
\f@ncyO@elh=\skip45
\f@ncyO@erh=\skip46
\f@ncyO@olh=\skip47
\f@ncyO@orh=\skip48
\f@ncyO@elf=\skip49
\f@ncyO@erf=\skip50
\f@ncyO@olf=\skip51
\f@ncyO@orf=\skip52
)
(/opt/texlive/2015/texmf-dist/tex/latex/psnfss/pifont.sty
Package: pifont 2005/04/12 PSNFSS-v9.2a Pi font support (SPQR) 

(I search kanjifont definition file: . . ) (I search font definition file: . .
. . . . . . )
LaTeX Font Info:    Try loading font information for U+pzd on input line 63.
 (/opt/texlive/2015/texmf-dist/tex/latex/psnfss/upzd.fd
File: upzd.fd 2001/06/04 font definitions for U/pzd.
)
(I search kanjifont definition file: . . ) (I search font definition file: . .
. . . . . . )
LaTeX Font Info:    Try loading font information for U+psy on input line 64.
 (/opt/texlive/2015/texmf-dist/tex/latex/psnfss/upsy.fd
File: upsy.fd 2001/06/04 font definitions for U/psy.
))
(/opt/texlive/2015/texmf-dist/tex/latex/rotating/rotating.sty
Package: rotating 2009/03/28 v2.16a rotated objects in LaTeX

(/opt/texlive/2015/texmf-dist/tex/latex/base/ifthen.sty
Package: ifthen 2014/09/29 v1.1c Standard LaTeX ifthen package (DPC)
)
\c@r@tfl@t=\count103
\rotFPtop=\skip53
\rotFPbot=\skip54
\rot@float@box=\box42
\rot@mess@toks=\toks16
)
\ToolboxLogo=\box43
File: QU-logo.eps Graphic file (type eps)
 <QU-logo.eps>
\aabox=\box44
)
(./vdmsl-2e.sty
BSI VDM SL style option <96/05/07> version 1.1.35b for LaTeX2e
This version of the macros contains some changes
which are not backwards compatible with previous
versions. See sections 6.4.10, 12.4.1 and 12.4.2
of the user guide.
Also see sections 5.4.1, 5.5.1, 5.5.7 and 5.6.1
\symAMSa=\mathgroup5
\symAMSb=\mathgroup6
LaTeX Font Info:    Redeclaring math alphabet \mathit on input line 114.
LaTeX Font Info:    Overwriting math alphabet `\mathit' in version `normal'
(Font)                  OT1/cmr/m/it --> OT1/cmr/m/it on input line 114.
LaTeX Font Info:    Overwriting math alphabet `\mathit' in version `bold'
(Font)                  OT1/cmr/bx/it --> OT1/cmr/m/it on input line 114.
\w@Rindent=\dimen127
\c@module=\count104
\c@outer=\count105
\c@inner=\count106
\w@outer=\dimen128
\w@inner=\dimen129
\wi@ln=\dimen130
\w@small@indent=\dimen131
\w@Indent=\dimen132
\w@IIndent=\dimen133
\w@IIIndent=\dimen134
\w@DIndent=\dimen135
\wi@indent=\dimen136
\endMacroSkip=\skip55
\wi@id=\dimen137
\wi@blo=\dimen138
\wi@sep=\dimen139
\wi@old@indent=\dimen140
\wi@w@blo=\dimen141
\t@bl@one=\toks17
\tmp@box=\box45
\t@ModuleName=\toks18
\preModuleSkip=\skip56
\postModuleSkip=\skip57
\preInterfaceSkip=\skip58
\postInterfaceSkip=\skip59
\preFromSkip=\skip60
\preInstanceSkip=\skip61
\preModulesignatureSkip=\skip62
\preDefinitionsSkip=\skip63
\postDefinitionsSkip=\skip64
\preTypesdefSkip=\skip65
\postTypesdefSkip=\skip66
\preTypeSkip=\skip67
\postTypeSkip=\skip68
\preStatedefSkip=\skip69
\postStatedefSkip=\skip70
\preInvfnSkip=\skip71
\postInvfnSkip=\skip72
\preInitfnSkip=\skip73
\preValuesdefSkip=\skip74
\postValuesdefSkip=\skip75
\preValdefSkip=\skip76
\postValdefSkip=\skip77
\preValueSkip=\skip78
\postValueSkip=\skip79
\preFuncdefSkip=\skip80
\postFuncdefSkip=\skip81
\preFndefSkip=\skip82
\postFndefSkip=\skip83
\preFnSkip=\skip84
\postFnSkip=\skip85
\t@fnop@name=\toks19
\postSignatureSkip=\skip86
\prePrecondSkip=\skip87
\prePostcondSkip=\skip88
\preOperdefSkip=\skip89
\postOperdefSkip=\skip90
\preOpdefSkip=\skip91
\postOpdefSkip=\skip92
\preOpSkip=\skip93
\postOpSkip=\skip94
\wi@wr=\dimen142
\preExceptionsSkip=\skip95
\preStmtSkip=\skip96
\postStmtSkip=\skip97
\preExprSkip=\skip98
\postExprSkip=\skip99
\wi@q@expr=\dimen143
\car@out=\dimen144
\coun@car@out=\count107
\old@indent=\dimen145
\old@expr=\dimen146
\w@AnnIndent=\dimen147
\wi@ann=\dimen148
\wi@ainn=\dimen149
\AnnSkip=\skip100
\preAnnotationsSkip=\skip101
\postAnnotationsSkip=\skip102
\@expr@box=\box46
\wi@expr=\dimen150
\preProofSkip=\skip103
\postProofSkip=\skip104
\w@ProofIndent=\dimen151
\w@ProofNumber=\dimen152
\@indentLevel=\count108
\@indentCount=\count109
) (/opt/texlive/2015/texmf-dist/tex/latex/base/makeidx.sty
Package: makeidx 2014/09/29 v1.0m Standard LaTeX package
)
(/opt/texlive/2015/texmf-dist/tex/latex/base/alltt.sty
Package: alltt 1997/06/16 v2.0g defines alltt environment
)
(/home/yomori/lib/tex/macros/here.sty)
(/opt/texlive/2015/texmf-dist/tex/latex/float/float.sty
Package: float 2001/11/08 v1.3d Float enhancements (AL)
\c@float@type=\count110
\float@exts=\toks20
\float@box=\box47
\@float@everytoks=\toks21
\@floatcapt=\box48
)
(/opt/texlive/2015/texmf-dist/tex/latex/tools/longtable.sty
Package: longtable 2014/10/28 v4.11 Multi-page Table package (DPC)
\LTleft=\skip105
\LTright=\skip106
\LTpre=\skip107
\LTpost=\skip108
\LTchunksize=\count111
\LTcapwidth=\dimen153
\LT@head=\box49
\LT@firsthead=\box50
\LT@foot=\box51
\LT@lastfoot=\box52
\LT@cols=\count112
\LT@rows=\count113
\c@LT@tables=\count114
\c@LT@chunks=\count115
\LT@p@ftn=\toks22
)
(./verbatimfiles.sty
\c@lineno=\count116
) (./vpp.sty
VDM++ style option <00/07/19> version 1.6
\@rbl=\dimen154
LaTeX Font Info:    External font `cmex10' loaded for size
(Font)              <12> on input line 87.
LaTeX Font Info:    External font `cmex10' loaded for size
(Font)              <8> on input line 87.
LaTeX Font Info:    External font `cmex10' loaded for size
(Font)              <6> on input line 87.
\preClassSkip=\skip109
\postClassSkip=\skip110
\preInhDefSkip=\skip111
\postInhDefSkip=\skip112
\preInstVarSkip=\skip113
\postInstVarSkip=\skip114
\preVarDclSkip=\skip115
\postVarDclSkip=\skip116
\preInstInitSkip=\skip117
\postInstInitSkip=\skip118
\preinstInvfnSkip=\skip119
\postinstInvfnSkip=\skip120
\preMethDefSkip=\skip121
\postMethDefSkip=\skip122
\preMethodSkip=\skip123
\postMethodSkip=\skip124
\t@fnop@name=\toks23
\@sbl=\dimen155
\@topology=\dimen156
\preSyncDefSkip=\skip125
\postSyncDefSkip=\skip126
\preThreadSkip=\skip127
\postThreadSkip=\skip128
\preThreadSkip=\skip129
\postThreadSkip=\skip130
\preTimePostSkip=\skip131
\postTimePostSkip=\skip132
\preTimeVarSkip=\skip133
\postTimeVarSkip=\skip134
\preTimeVarDclSkip=\skip135
\postTimeVarDclSkip=\skip136
\preAssumptionSkip=\skip137
\postAssumptionSkip=\skip138
\preEffectSkip=\skip139
\postEffectSkip=\skip140
)
\@indexfile=\write3
\openout3 = `roselinkpp_a4J.idx'.


Writing index file roselinkpp_a4J.idx
(./roselinkpp_a4J.aux

LaTeX Warning: Label `fig:queue' multiply defined.

)
\openout1 = `roselinkpp_a4J.aux'.

LaTeX Font Info:    Checking defaults for OML/cmm/m/it on input line 84.
LaTeX Font Info:    ... okay on input line 84.
LaTeX Font Info:    Checking defaults for T1/cmr/m/n on input line 84.
LaTeX Font Info:    ... okay on input line 84.
LaTeX Font Info:    Checking defaults for OT1/cmr/m/n on input line 84.
LaTeX Font Info:    ... okay on input line 84.
LaTeX Font Info:    Checking defaults for OMS/cmsy/m/n on input line 84.
LaTeX Font Info:    ... okay on input line 84.
LaTeX Font Info:    Checking defaults for OMX/cmex/m/n on input line 84.
LaTeX Font Info:    ... okay on input line 84.
LaTeX Font Info:    Checking defaults for U/cmr/m/n on input line 84.
LaTeX Font Info:    ... okay on input line 84.
LaTeX Font Info:    Checking defaults for JY1/mc/m/n on input line 84.
LaTeX Font Info:    ... okay on input line 84.
LaTeX Font Info:    Checking defaults for JT1/mc/m/n on input line 84.
LaTeX Font Info:    ... okay on input line 84.
LaTeX Font Info:    Checking defaults for PD1/pdf/m/n on input line 84.
LaTeX Font Info:    ... okay on input line 84.
\AtBeginShipoutBox=\box53
Package hyperref Info: Link coloring ON on input line 84.
 (/opt/texlive/2015/texmf-dist/tex/latex/hyperref/nameref.sty
Package: nameref 2012/10/27 v2.43 Cross-referencing by name of section

(/opt/texlive/2015/texmf-dist/tex/generic/oberdiek/gettitlestring.sty
Package: gettitlestring 2010/12/03 v1.4 Cleanup title references (HO)
)
\c@section@level=\count117
)
LaTeX Info: Redefining \ref on input line 84.
LaTeX Info: Redefining \pageref on input line 84.
LaTeX Info: Redefining \nameref on input line 84.

(./roselinkpp_a4J.out) (./roselinkpp_a4J.out)
\@outlinefile=\write4
\openout4 = `roselinkpp_a4J.out'.


(I search kanjifont definition file: . . ) (I search font definition file: . .
. . . . . . )
LaTeX Font Info:    Font shape `JT1/mc/bx/n' in size <52> not available
(Font)              Font shape `JT1/gt/m/n' tried instead on input line 86.
LaTeX Font Info:    Font shape `JY1/mc/bx/n' in size <52> not available
(Font)              Font shape `JY1/gt/m/n' tried instead on input line 86.
LaTeX Font Info:    Try loading font information for OT1+phv on input line 86.
 (/opt/texlive/2015/texmf-dist/tex/latex/psnfss/ot1phv.fd
File: ot1phv.fd 2001/06/04 scalable font definitions for OT1/phv.
)
LaTeX Font Info:    Font shape `OT1/phv/bx/n' in size <52> not available
(Font)              Font shape `OT1/phv/b/n' tried instead on input line 86.
LaTeX Font Info:    Font shape `JT1/mc/bx/n' in size <22> not available
(Font)              Font shape `JT1/gt/m/n' tried instead on input line 86.
LaTeX Font Info:    Font shape `JY1/mc/bx/n' in size <22> not available
(Font)              Font shape `JY1/gt/m/n' tried instead on input line 86.
LaTeX Font Info:    Font shape `OT1/phv/bx/n' in size <22> not available
(Font)              Font shape `OT1/phv/b/n' tried instead on input line 86.
File: QUcover-logo.eps Graphic file (type eps)

<QUcover-logo.eps>
LaTeX Font Info:    Font shape `JT1/mc/bx/n' in size <12> not available
(Font)              Font shape `JT1/gt/m/n' tried instead on input line 86.
LaTeX Font Info:    Font shape `JY1/mc/bx/n' in size <12> not available
(Font)              Font shape `JY1/gt/m/n' tried instead on input line 86.
LaTeX Font Info:    Font shape `OT1/phv/bx/n' in size <12> not available
(Font)              Font shape `OT1/phv/b/n' tried instead on input line 86.
File: vdmtools-logo.eps Graphic file (type eps)
 <vdmtools-logo.eps> [1

]

LaTeX Font Warning: Font shape `JT1/mc/m/sl' undefined
(Font)              using `JT1/mc/m/n' instead on input line 86.


LaTeX Font Warning: Font shape `JY1/mc/m/sl' undefined
(Font)              using `JY1/mc/m/n' instead on input line 86.


Overfull \hbox (4.90196pt too wide) in paragraph at lines 86--86
[][] 
 []


LaTeX Font Warning: Font shape `JT1/mc/m/it' undefined
(Font)              using `JT1/mc/m/n' instead on input line 86.


LaTeX Font Warning: Font shape `JY1/mc/m/it' undefined
(Font)              using `JY1/mc/m/n' instead on input line 86.

LaTeX Font Info:    Try loading font information for OMS+cmr on input line 86.
(/opt/texlive/2015/texmf-dist/tex/latex/base/omscmr.fd
File: omscmr.fd 2014/09/29 v2.5h Standard LaTeX font definitions
)
LaTeX Font Info:    Font shape `OMS/cmr/m/n' in size <14.4> not available
(Font)              Font shape `OMS/cmsy/m/n' tried instead on input line 86.
 [2]
LaTeX Font Info:    Font shape `JT1/mc/bx/n' in size <17.28> not available
(Font)              Font shape `JT1/gt/m/n' tried instead on input line 86.
LaTeX Font Info:    Font shape `JY1/mc/bx/n' in size <17.28> not available
(Font)              Font shape `JY1/gt/m/n' tried instead on input line 86.

(./roselinkpp_a4J.toc)
\tf@toc=\write5
\openout5 = `roselinkpp_a4J.toc'.

 [1] [2] [1] [2]
LaTeX Font Info:    Font shape `JT1/gt/bx/n' in size <12> not available
(Font)              Font shape `JT1/gt/m/n' tried instead on input line 149.
LaTeX Font Info:    Font shape `JY1/gt/bx/n' in size <12> not available
(Font)              Font shape `JY1/gt/m/n' tried instead on input line 149.


LaTeX Font Warning: Font shape `JT1/gt/bx/it' undefined
(Font)              using `JT1/gt/bx/n' instead on input line 149.


LaTeX Font Warning: Font shape `JY1/gt/bx/it' undefined
(Font)              using `JY1/gt/bx/n' instead on input line 149.


Overfull \hbox (7.94997pt too wide) in paragraph at lines 149--150
[]\JY1/mc/m/it/12 　 \OT1/cmr/m/n/12 UML
 []

LaTeX Font Info:    Font shape `JT1/gt/bx/it' in size <12> not available
(Font)              Font shape `JT1/gt/m/n' tried instead on input line 150.
LaTeX Font Info:    Font shape `JY1/gt/bx/it' in size <12> not available
(Font)              Font shape `JY1/gt/m/n' tried instead on input line 150.

Overfull \hbox (34.6595pt too wide) in paragraph at lines 150--151
[]\JY1/mc/m/it/12 既存の \OT1/cmr/m/n/12 VDM++
 []


Overfull \hbox (11.9103pt too wide) in paragraph at lines 151--153
[]\JY1/mc/m/it/12 システム開発中に 、 システムの \OT1/cmr/m/n/12 VDM++
 []

[3]
LaTeX Font Info:    Font shape `JT1/mc/bx/n' in size <14.4> not available
(Font)              Font shape `JT1/gt/m/n' tried instead on input line 171.
LaTeX Font Info:    Font shape `JY1/mc/bx/n' in size <14.4> not available
(Font)              Font shape `JY1/gt/m/n' tried instead on input line 171.
File: figures/vppuml_arch.png Graphic file (type bmp)
 <figures/vppuml_arch.png> [4]
File: figures/rose.png Graphic file (type bmp)
 <figures/rose.png>
File: figures/invokeRose.png Graphic file (type bmp)
 <figures/invokeRose.png>
File: figures/roseWindow.png Graphic file (type bmp)

<figures/roseWindow.png> [5]
LaTeX Font Info:    Font shape `OMS/cmr/m/n' in size <12> not available
(Font)              Font shape `OMS/cmsy/m/n' tried instead on input line 226.
 [6]
File: figures/sortClasses.png Graphic file (type bmp)
 <figures/sortClasses.png> [7]
File: figures/button1rosemanual.png Graphic file (type bmp)

<figures/button1rosemanual.png>
File: figures/button2rosemanual.png Graphic file (type bmp)
 <figures/button2rosemanual.png>
File: figures/button3rosemanual.png Graphic file (type bmp)

<figures/button3rosemanual.png>
File: figures/button4rosemanual.png Graphic file (type bmp)
 <figures/button4rosemanual.png>
File: figures/classRepository.png Graphic file (type bmp)

<figures/classRepository.png> [8]
File: figures/sortervdm.png Graphic file (type bmp)
 <figures/sortervdm.png>
File: figures/sorteruml.png Graphic file (type bmp)

<figures/sorteruml.png> [9]
File: figures/classListUml.png Graphic file (type bmp)
 <figures/classListUml.png> [10]
File: figures/seldir.png Graphic file (type bmp)

<figures/seldir.png> [11]
File: figures/explSortUml.png Graphic file (type bmp)
 <figures/explSortUml.png>
File: figures/explSortVdm.png Graphic file (type bmp)
 <figures/explSortVdm.png>

LaTeX Font Warning: Font shape `JT1/gt/m/it' undefined
(Font)              using `JT1/gt/m/n' instead on input line 389.


LaTeX Font Warning: Font shape `JY1/gt/m/it' undefined
(Font)              using `JY1/gt/m/n' instead on input line 389.

[12] [13]
File: figures/bothChanged.png Graphic file (type bmp)
 <figures/bothChanged.png> [14]
File: figures/differences.png Graphic file (type bmp)
 <figures/differences.png>
File: figures/button3rosemanual.png Graphic file (type bmp)

<figures/button3rosemanual.png>
File: figures/button1rosemanual.png Graphic file (type bmp)
 <figures/button1rosemanual.png>
File: figures/button2rosemanual.png Graphic file (type bmp)

<figures/button2rosemanual.png>
File: figures/button4rosemanual.png Graphic file (type bmp)
 <figures/button4rosemanual.png>
File: figures/button3rosemanual.png Graphic file (type bmp)

<figures/button3rosemanual.png>
File: figures/button1rosemanual.png Graphic file (type bmp)
 <figures/button1rosemanual.png>
File: figures/button2rosemanual.png Graphic file (type bmp)

<figures/button2rosemanual.png>
File: figures/button4rosemanual.png Graphic file (type bmp)
 <figures/button4rosemanual.png>
File: figures/button2rosemanual.png Graphic file (type bmp)

<figures/button2rosemanual.png>
File: figures/button1rosemanual.png Graphic file (type bmp)
 <figures/button1rosemanual.png>
File: figures/button3rosemanual.png Graphic file (type bmp)

<figures/button3rosemanual.png>
File: figures/button4rosemanual.png Graphic file (type bmp)
 <figures/button4rosemanual.png>
File: figures/button1rosemanual.png Graphic file (type bmp)

<figures/button1rosemanual.png>
File: figures/button2rosemanual.png Graphic file (type bmp)
 <figures/button2rosemanual.png>
File: figures/button4rosemanual.png Graphic file (type bmp)

<figures/button4rosemanual.png>
File: figures/button1rosemanual.png Graphic file (type bmp)
 <figures/button1rosemanual.png>
File: figures/button2rosemanual.png Graphic file (type bmp)

<figures/button2rosemanual.png>
File: figures/button4rosemanual.png Graphic file (type bmp)
 <figures/button4rosemanual.png>
File: figures/button2rosemanual.png Graphic file (type bmp)

<figures/button2rosemanual.png>
File: figures/button4rosemanual.png Graphic file (type bmp)
 <figures/button4rosemanual.png>
File: figures/button3rosemanual.png Graphic file (type bmp)

<figures/button3rosemanual.png>
File: figures/button1rosemanual.png Graphic file (type bmp)
 <figures/button1rosemanual.png>
File: figures/button2rosemanual.png Graphic file (type bmp)

<figures/button2rosemanual.png>
File: figures/button4rosemanual.png Graphic file (type bmp)
 <figures/button4rosemanual.png>
Overfull \hbox (37.18407pt too wide) in paragraph at lines 480--510
 [] 
 []


LaTeX Warning: Float too large for page by 80.01414pt on input line 512.

[15] [16] [17]
File: figures/updatedRtf.png Graphic file (type bmp)
 <figures/updatedRtf.png> [18] [19]
File: figures/classDiagram.png Graphic file (type bmp)
 <figures/classDiagram.png>
[20] [21]
File: figures/relations.png Graphic file (type bmp)
 <figures/relations.png> [22]
File: figures/sortMachineClass.png Graphic file (type bmp)
 <figures/sortMachineClass.png>
File: figures/button5rosemanual.png Graphic file (type bmp)

<figures/button5rosemanual.png> [23] [24]
File: figures/stereotype.png Graphic file (type bmp)
 <figures/stereotype.png> [25]
LaTeX Font Info:    Try loading font information for OMS+cmtt on input line 747
.
LaTeX Font Info:    No file OMScmtt.fd. on input line 747.


LaTeX Font Warning: Font shape `OMS/cmtt/m/n' undefined
(Font)              using `OMS/cmsy/m/n' instead
(Font)              for symbol `textbraceleft' on input line 747.

[26] [27] (./class.vpp
Overfull \hbox (4.5751pt too wide) in paragraph at lines 17--17
[]  \OT1/cmtt/m/n/12 public Dequeue : () ==> Item[] 
 []


Overfull \hbox (23.10011pt too wide) in paragraph at lines 22--22
[]  \OT1/cmtt/m/n/12 public Merge (q1 : seq of Item,[] 
 []


Overfull \hbox (121.90016pt too wide) in paragraph at lines 23--23
[]                \OT1/cmtt/m/n/12 q2 : seq of Item) q : seq of Item[] 
 []


Overfull \hbox (35.45012pt too wide) in paragraph at lines 24--24
[]  \OT1/cmtt/m/n/12 pre IsSorted(q1) and IsSorted(q2)[] 
 []


Overfull \hbox (16.92511pt too wide) in paragraph at lines 27--27
[]  \OT1/cmtt/m/n/12 IsSorted : seq of Item +> bool[] 
 []


Overfull \hbox (196.0002pt too wide) in paragraph at lines 29--29
[]    \OT1/cmtt/m/n/12 forall i,j in set inds q & i < j => LessThan(q(i), q(j))
;[] 
 []


Overfull \hbox (16.92511pt too wide) in paragraph at lines 31--31
[]  \OT1/cmtt/m/n/12 LessThan : Item * Item +> bool[] 
 []

)
File: figures/queueClass.png Graphic file (type bmp)
 <figures/queueClass.png>
Overfull \hbox (57.81622pt too wide) in paragraph at lines 817--818
[][] 
 []


LaTeX Warning: Float too large for page by 4.644pt on input line 821.

[28] [29]
File: figures/refs.png Graphic file (type bmp)
 <figures/refs.png>
Overfull \hbox (83.08714pt too wide) in paragraph at lines 881--882
[][] 
 []

[30]
File: figures/multiRefs.png Graphic file (type bmp)
 <figures/multiRefs.png>
Overfull \hbox (83.08258pt too wide) in paragraph at lines 943--944
[][] 
 []


Overfull \hbox (4.5751pt too wide) in paragraph at lines 979--979
[]  \OT1/cmtt/m/n/12 qual_h: map nat to set of H;[] 
 []

File: figures/qualifiedAssociations.png Graphic file (type bmp)
<figures/qualifiedAssociations.png>
Overfull \hbox (18.49239pt too wide) in paragraph at lines 983--984
[][] 
 []


Overfull \hbox (10.7501pt too wide) in paragraph at lines 1008--1008
[]    \OT1/cmtt/m/n/12 is subclass responsibility;[] 
 []


Overfull \hbox (10.7501pt too wide) in paragraph at lines 1008--1008
[]\OT1/cmtt/m/n/12 class SubA is subclass of Super[] 
 []


Overfull \hbox (10.7501pt too wide) in paragraph at lines 1008--1008
[]\OT1/cmtt/m/n/12 class SubB is subclass of Super[] 
 []

File: figures/inheritance.png Graphic file (type bmp)
<figures/inheritance.png>

LaTeX Warning: `h' float specifier changed to `ht'.

[31]
Overfull \vbox (14.72237pt too high) has occurred while \output is active []


[32] [33] (./roselinkpp_a4J.bbl) [34]
File: figures/thisclass1.png Graphic file (type bmp)
 <figures/thisclass1.png>
File: figures/thisclass2.png Graphic file (type bmp)

<figures/thisclass2.png>
File: figures/thisclass3.png Graphic file (type bmp)
 <figures/thisclass3.png>
File: figures/thisclass4.png Graphic file (type bmp)
 <figures/thisclass4.png>
File: figures/thisclass5.png Graphic file (type bmp)

<figures/thisclass5.png>
File: figures/thisclass6.png Graphic file (type bmp)
 <figures/thisclass6.png>
File: figures/thisclass7.png Graphic file (type bmp)
 <figures/thisclass7.png>
Overfull \hbox (23.99998pt too wide) in paragraph at lines 1045--1065
 [] 
 []

[35] [36]
File: figures/noncompliance.png Graphic file (type bmp)
 <figures/noncompliance.png>
File: figures/warning.png Graphic file (type bmp)
 <figures/warning.png>
Package atveryend Info: Empty hook `BeforeClearDocument' on input line 1177.
 [37

] [38]
Package atveryend Info: Empty hook `AfterLastShipout' on input line 1177.

(./roselinkpp_a4J.aux)
Package atveryend Info: Empty hook `AtVeryEndDocument' on input line 1177.
Package atveryend Info: Empty hook `AtEndAfterFileList' on input line 1177.


LaTeX Font Warning: Some font shapes were not available, defaults substituted.


LaTeX Warning: There were multiply-defined labels.

Package atveryend Info: Empty hook `AtVeryVeryEnd' on input line 1177.
 ) 
Here is how much of TeX's memory you used:
 6811 strings out of 493777
 92754 string characters out of 6153458
 196912 words of memory out of 5000000
 10138 multiletter control sequences out of 15000+600000
 22851 words of font info for 84 fonts, out of 8000000 for 9000
 929 hyphenation exceptions out of 8191
 36i,17n,45p,415b,536s stack positions out of 5000i,500n,10000p,200000b,80000s

Output written on roselinkpp_a4J.dvi (42 pages, 151280 bytes).
