This is pdfeTeXk, Version 3.141592-1.21a-2.2 (Web2C 7.5.4) (format=pdflatex 2005.7.30)  5 JUL 2006 14:55
entering extended mode
 file:line:error style messages enabled.
 %&-line parsing enabled.
**concurCM.tex
(./concurCM.tex
LaTeX2e <2003/12/01>
Babel <v3.8d> and hyphenation patterns for american, french, german, ngerman, b
ahasa, basque, bulgarian, catalan, croatian, czech, danish, dutch, esperanto, e
stonian, finnish, greek, icelandic, irish, italian, latin, magyar, norsk, polis
h, portuges, romanian, russian, serbian, slovak, slovene, spanish, swedish, tur
kish, ukrainian, nohyphenation, loaded.
(/usr/share/texmf/tex/latex/base/article.cls
Document Class: article 2004/02/16 v1.4f Standard LaTeX document class
(/usr/share/texmf/tex/latex/base/size12.clo
File: size12.clo 2004/02/16 v1.4f Standard LaTeX file (size option)
)
\c@part=\count79
\c@section=\count80
\c@subsection=\count81
\c@subsubsection=\count82
\c@paragraph=\count83
\c@subparagraph=\count84
\c@figure=\count85
\c@table=\count86
\abovecaptionskip=\skip41
\belowcaptionskip=\skip42
\bibindent=\dimen102
)
(/usr/share/texmf/tex/latex/graphics/color.sty
Package: color 1999/02/16 v1.0i Standard LaTeX Color (DPC)

(/usr/share/texmf/tex/latex/graphics/color.cfg
File: color.cfg 2005/02/03 v1.3 color configuration of teTeX/TeXLive
)
Package color Info: Driver file: pdftex.def on input line 125.

(/usr/share/texmf/tex/latex/graphics/pdftex.def
File: pdftex.def 2002/06/19 v0.03k graphics/color for pdftex
\Gread@gobject=\count87
)) (./vdmsl-2e.sty
BSI VDM SL style option <96/05/07> version 1.1.35b for LaTeX2e
This version of the macros contains some changes
which are not backwards compatible with previous
versions. See sections 6.4.10, 12.4.1 and 12.4.2
of the user guide.
Also see sections 5.4.1, 5.5.1, 5.5.7 and 5.6.1
\symAMSa=\mathgroup4
\symAMSb=\mathgroup5
LaTeX Font Info:    Redeclaring math alphabet \mathit on input line 143.
LaTeX Font Info:    Overwriting math alphabet `\mathit' in version `normal'
(Font)                  OT1/cmr/m/it --> OT1/cmr/m/it on input line 143.
LaTeX Font Info:    Overwriting math alphabet `\mathit' in version `bold'
(Font)                  OT1/cmr/bx/it --> OT1/cmr/m/it on input line 143.
\w@Rindent=\dimen103
\c@module=\count88
\c@outer=\count89
\c@inner=\count90
\w@outer=\dimen104
\w@inner=\dimen105
\wi@ln=\dimen106
\w@small@indent=\dimen107
\w@Indent=\dimen108
\w@IIndent=\dimen109
\w@IIIndent=\dimen110
\w@DIndent=\dimen111
\wi@indent=\dimen112
\endMacroSkip=\skip43
\wi@id=\dimen113
\wi@blo=\dimen114
\wi@sep=\dimen115
\wi@old@indent=\dimen116
\wi@w@blo=\dimen117
\t@bl@one=\toks14
\tmp@box=\box26
\t@ModuleName=\toks15
\preModuleSkip=\skip44
\postModuleSkip=\skip45
\preInterfaceSkip=\skip46
\postInterfaceSkip=\skip47
\preFromSkip=\skip48
\preInstanceSkip=\skip49
\preModulesignatureSkip=\skip50
\preDefinitionsSkip=\skip51
\postDefinitionsSkip=\skip52
\preTypesdefSkip=\skip53
\postTypesdefSkip=\skip54
\preTypeSkip=\skip55
\postTypeSkip=\skip56
\preStatedefSkip=\skip57
\postStatedefSkip=\skip58
\preInvfnSkip=\skip59
\postInvfnSkip=\skip60
\preInitfnSkip=\skip61
\preValuesdefSkip=\skip62
\postValuesdefSkip=\skip63
\preValdefSkip=\skip64
\postValdefSkip=\skip65
\preValueSkip=\skip66
\postValueSkip=\skip67
\preFuncdefSkip=\skip68
\postFuncdefSkip=\skip69
\preFndefSkip=\skip70
\postFndefSkip=\skip71
\preFnSkip=\skip72
\postFnSkip=\skip73
\t@fnop@name=\toks16
\postSignatureSkip=\skip74
\prePrecondSkip=\skip75
\prePostcondSkip=\skip76
\preOperdefSkip=\skip77
\postOperdefSkip=\skip78
\preOpdefSkip=\skip79
\postOpdefSkip=\skip80
\preOpSkip=\skip81
\postOpSkip=\skip82
\wi@wr=\dimen118
\preExceptionsSkip=\skip83
\preStmtSkip=\skip84
\postStmtSkip=\skip85
\preExprSkip=\skip86
\postExprSkip=\skip87
\wi@q@expr=\dimen119
\car@out=\dimen120
\coun@car@out=\count91
\old@indent=\dimen121
\old@expr=\dimen122
\w@AnnIndent=\dimen123
\wi@ann=\dimen124
\wi@ainn=\dimen125
\AnnSkip=\skip88
\preAnnotationsSkip=\skip89
\postAnnotationsSkip=\skip90
\@expr@box=\box27
\wi@expr=\dimen126
\preProofSkip=\skip91
\postProofSkip=\skip92
\w@ProofIndent=\dimen127
\w@ProofNumber=\dimen128
\@indentLevel=\count92
\@indentCount=\count93
) (./vpp.sty
VDM++ style option <00/07/19> version 1.6
\@rbl=\dimen129
LaTeX Font Info:    External font `cmex10' loaded for size
(Font)              <12> on input line 87.
LaTeX Font Info:    External font `cmex10' loaded for size
(Font)              <8> on input line 87.
LaTeX Font Info:    External font `cmex10' loaded for size
(Font)              <6> on input line 87.
\preClassSkip=\skip93
\postClassSkip=\skip94
\preInhDefSkip=\skip95
\postInhDefSkip=\skip96
\preInstVarSkip=\skip97
\postInstVarSkip=\skip98
\preVarDclSkip=\skip99
\postVarDclSkip=\skip100
\preInstInitSkip=\skip101
\postInstInitSkip=\skip102
\preinstInvfnSkip=\skip103
\postinstInvfnSkip=\skip104
\preMethDefSkip=\skip105
\postMethDefSkip=\skip106
\preMethodSkip=\skip107
\postMethodSkip=\skip108
\t@fnop@name=\toks17
\@sbl=\dimen130
\@topology=\dimen131
\preSyncDefSkip=\skip109
\postSyncDefSkip=\skip110
\preThreadSkip=\skip111
\postThreadSkip=\skip112
\preThreadSkip=\skip113
\postThreadSkip=\skip114
\preTimePostSkip=\skip115
\postTimePostSkip=\skip116
\preTimeVarSkip=\skip117
\postTimeVarSkip=\skip118
\preTimeVarDclSkip=\skip119
\postTimeVarDclSkip=\skip120
\preAssumptionSkip=\skip121
\postAssumptionSkip=\skip122
\preEffectSkip=\skip123
\postEffectSkip=\skip124
) (/usr/share/texmf/tex/latex/tools/longtable.sty
Package: longtable 2004/02/01 v4.11 Multi-page Table package (DPC)
\LTleft=\skip125
\LTright=\skip126
\LTpre=\skip127
\LTpost=\skip128
\LTchunksize=\count94
\LTcapwidth=\dimen132
\LT@head=\box28
\LT@firsthead=\box29
\LT@foot=\box30
\LT@lastfoot=\box31
\LT@cols=\count95
\LT@rows=\count96
\c@LT@tables=\count97
\c@LT@chunks=\count98
\LT@p@ftn=\toks18
)
(/usr/share/texmf/tex/latex/base/alltt.sty
Package: alltt 1997/06/16 v2.0g defines alltt environment
)
(/usr/share/texmf/tex/latex/base/makeidx.sty
Package: makeidx 2000/03/29 v1.0m Standard LaTeX package
) (./concurCM.aux)
\openout1 = `concurCM.aux'.

LaTeX Font Info:    Checking defaults for OML/cmm/m/it on input line 51.
LaTeX Font Info:    ... okay on input line 51.
LaTeX Font Info:    Checking defaults for T1/cmr/m/n on input line 51.
LaTeX Font Info:    ... okay on input line 51.
LaTeX Font Info:    Checking defaults for OT1/cmr/m/n on input line 51.
LaTeX Font Info:    ... okay on input line 51.
LaTeX Font Info:    Checking defaults for OMS/cmsy/m/n on input line 51.
LaTeX Font Info:    ... okay on input line 51.
LaTeX Font Info:    Checking defaults for OMX/cmex/m/n on input line 51.
LaTeX Font Info:    ... okay on input line 51.
LaTeX Font Info:    Checking defaults for U/cmr/m/n on input line 51.
LaTeX Font Info:    ... okay on input line 51.

(/usr/share/texmf/tex/context/base/supp-pdf.tex
(/usr/share/texmf/tex/context/base/supp-mis.tex
loading : Context Support Macros / Miscellaneous (2004.10.26)
\protectiondepth=\count99
\scratchcounter=\count100
\scratchtoks=\toks19
\scratchdimen=\dimen133
\scratchskip=\skip129
\scratchmuskip=\muskip10
\scratchbox=\box32
\scratchread=\read1
\scratchwrite=\write3
\zeropoint=\dimen134
\onepoint=\dimen135
\onebasepoint=\dimen136
\minusone=\count101
\thousandpoint=\dimen137
\onerealpoint=\dimen138
\emptytoks=\toks20
\nextbox=\box33
\nextdepth=\dimen139
\everyline=\toks21
\!!counta=\count102
\!!countb=\count103
\recursecounter=\count104
)
loading : Context Support Macros / PDF (2004.03.26)
\nofMPsegments=\count105
\nofMParguments=\count106
\MPscratchCnt=\count107
\MPscratchDim=\dimen140
\MPnumerator=\count108
\everyMPtoPDFconversion=\toks22
)
LaTeX Font Info:    External font `cmex10' loaded for size
(Font)              <14.4> on input line 52.
LaTeX Font Info:    External font `cmex10' loaded for size
(Font)              <7> on input line 52.
 (./world.vpp.tex
Overfull \hbox (26.12921pt too wide) in paragraph at lines 19--20
[][] [][]$\OT1/cmr/m/n/12 () [] \OT1/cmr/m/it/12 FlareDispenser\OT1/cmr/m/n/12 
`\OT1/cmr/m/it/12 MagId [] []$ 
 []

LaTeX Font Info:    External font `cmex10' loaded for size
(Font)              <5> on input line 22.
[1

{/var/lib/texmf/fonts/map/pdftex/updmap/pdftex.map}]

Package longtable Warning: Column widths have changed
(longtable)                in table 1 on input line 81.

) (./sensor.vpp.tex [2]) (./sensorio.vpp.tex [3]

Package longtable Warning: Column widths have changed
(longtable)                in table 3 on input line 88.

) (./missiledetector.vpp.tex [4]) (./flarecontroller.vpp.tex [5]
Overfull \hbox (31.31795pt too wide) in paragraph at lines 30--38
[] [][]$[]\OT1/cmr/m/it/12 mag \OMS/cmsy/m/n/12 7! [][]\OT1/cmr/m/it/12 mag\OML
/cmm/m/it/12 ; \OT1/cmr/m/it/12 initTimerRef\OT1/cmr/m/n/12 ) \OMS/cmsy/m/n/12 
j
 []


Overfull \hbox (57.69899pt too wide) in paragraph at lines 39--40
[][] [][]$\OT1/cmr/m/n/12 () [] \OT1/cmr/m/it/12 FlareDispenser\OT1/cmr/m/n/12 
`\OT1/cmr/m/it/12 MagId [] []$ 
 []

[6]) (./flaredispenser.vpp.tex
Overfull \hbox (230.55167pt too wide) in paragraph at lines 28--32
[][] $[][][][][][][] \OMS/cmsy/m/n/12 7! \OT1/cmr/m/n/12 [[][][]\OML/cmm/m/it/1
2 ; \OT1/cmr/m/n/12 900)\OML/cmm/m/it/12 ; [][][]; \OT1/cmr/m/n/12 500)\OML/cmm
/m/it/12 ; [] 
 []


Overfull \hbox (167.71593pt too wide) in paragraph at lines 28--32
[] [][][]\OML/cmm/m/it/12 ; \OT1/cmr/m/n/12 100)\OML/cmm/m/it/12 ; [][][]; \OT1
/cmr/m/n/12 500)]\OML/cmm/m/it/12 ; [] 
 []


Overfull \hbox (234.89885pt too wide) in paragraph at lines 28--32
[] [] \OMS/cmsy/m/n/12 7! \OT1/cmr/m/n/12 [[][][]\OML/cmm/m/it/12 ; \OT1/cmr/m/
n/12 500)\OML/cmm/m/it/12 ; [][][]; \OT1/cmr/m/n/12 700)]\OML/cmm/m/it/12 ; [] 

 []


Overfull \hbox (234.84497pt too wide) in paragraph at lines 28--32
[] [] \OMS/cmsy/m/n/12 7! \OT1/cmr/m/n/12 [[][][]\OML/cmm/m/it/12 ; \OT1/cmr/m/
n/12 400)\OML/cmm/m/it/12 ; [][][]; \OT1/cmr/m/n/12 100)\OML/cmm/m/it/12 ; [] 
 []


Overfull \hbox (165.75603pt too wide) in paragraph at lines 28--32
[] [][][]\OML/cmm/m/it/12 ; \OT1/cmr/m/n/12 400)\OML/cmm/m/it/12 ; [][][]; \OT1
/cmr/m/n/12 500)]\OMS/cmsy/m/n/12 g[]\OT1/cmr/m/n/12 ;$[][] 
 []

[7]
Overfull \hbox (1.67117pt too wide) in paragraph at lines 41--43
[][] $[][][] \OMS/cmsy/m/n/12 j [] j [] j
 []


Overfull \hbox (3.63783pt too wide) in paragraph at lines 41--43
[] [] \OMS/cmsy/m/n/12 j [] j [] j
 []


Overfull \hbox (15.81772pt too wide) in paragraph at lines 41--43
[] [] \OMS/cmsy/m/n/12 j [] j []$ 
 []


Overfull \hbox (12.99773pt too wide) in paragraph at lines 46--59
[] $[][]\OT1/cmr/m/it/12 currentStep \OMS/cmsy/m/n/12 ^^@
 []

[8]
Overfull \hbox (26.53416pt too wide) in paragraph at lines 123--127
[] [][]$\OT1/cmr/m/it/12 outputSequence [] \OT1/cmr/m/n/12 [[][]\OT1/cmr/m/it/1
2 ft\OML/cmm/m/it/12 ; [][]\OT1/cmr/m/n/12 ))]$; 
 []


Overfull \hbox (72.69095pt too wide) in paragraph at lines 129--141
[] [][]  [][][]$[][]\OT1/cmr/m/it/12 currentStep\OT1/cmr/m/n/12 )$[] 
 []

[9]) (./timer.vpp.tex [10]) (./interrupt.vpp.tex [11]) (./io.vpp.tex [12])

Package longtable Warning: Table widths have changed. Rerun LaTeX.

[13] (./concurCM.aux) ) 
Here is how much of TeX's memory you used:
 2111 strings out of 94500
 21763 string characters out of 1176766
 79482 words of memory out of 1000000
 5278 multiletter control sequences out of 10000+50000
 14912 words of font info for 55 fonts, out of 500000 for 2000
 580 hyphenation exceptions out of 1000
 25i,8n,21p,288b,270s stack positions out of 1500i,500n,5000p,200000b,5000s
PDF statistics:
 81 PDF objects out of 300000
 0 named destinations out of 131072
 1 words of extra memory for PDF output out of 65536
</usr/share/texmf/fonts/type1/bluesky/cm/cmtt12.pfb></us
r/share/texmf/fonts/type1/bluesky/cm/cmr8.pfb></usr/share/texmf/fonts/type1/blu
esky/cm/cmcsc10.pfb></usr/share/texmf/fonts/type1/bluesky/cm/cmmi12.pfb></usr/s
hare/texmf/fonts/type1/bluesky/cm/cmsy8.pfb></usr/share/texmf/fonts/type1/blues
ky/symbols/msbm10.pfb></usr/share/texmf/fonts/type1/bluesky/cm/cmsy10.pfb></usr
/share/texmf/fonts/type1/bluesky/cm/cmti8.pfb></usr/share/texmf/fonts/type1/blu
esky/cm/cmti12.pfb></usr/share/texmf/fonts/type1/bluesky/cm/cmss10.pfb></usr/sh
are/texmf/fonts/type1/bluesky/cm/cmbx12.pfb></usr/share/texmf/fonts/type1/blues
ky/cm/cmr12.pfb></usr/share/texmf/fonts/type1/bluesky/cm/cmr17.pfb>
Output written on concurCM.pdf (13 pages, 101970 bytes).
