This is pdfeTeXk, Version 3.141592-1.21a-2.2 (Web2C 7.5.4) (format=pdflatex 2005.7.30)  5 AUG 2006 09:53
entering extended mode
 file:line:error style messages enabled.
 %&-line parsing enabled.
**seqCM.tex
(./seqCM.tex
LaTeX2e <2003/12/01>
Babel <v3.8d> and hyphenation patterns for american, french, german, ngerman, b
ahasa, basque, bulgarian, catalan, croatian, czech, danish, dutch, esperanto, e
stonian, finnish, greek, icelandic, irish, italian, latin, magyar, norsk, polis
h, portuges, romanian, russian, serbian, slovak, slovene, spanish, swedish, tur
kish, ukrainian, nohyphenation, loaded.
(/usr/share/texmf/tex/latex/base/article.cls
Document Class: article 2004/02/16 v1.4f Standard LaTeX document class
(/usr/share/texmf/tex/latex/base/size12.clo
File: size12.clo 2004/02/16 v1.4f Standard LaTeX file (size option)
)
\c@part=\count79
\c@section=\count80
\c@subsection=\count81
\c@subsubsection=\count82
\c@paragraph=\count83
\c@subparagraph=\count84
\c@figure=\count85
\c@table=\count86
\abovecaptionskip=\skip41
\belowcaptionskip=\skip42
\bibindent=\dimen102
)
(/usr/share/texmf/tex/latex/graphics/color.sty
Package: color 1999/02/16 v1.0i Standard LaTeX Color (DPC)

(/usr/share/texmf/tex/latex/graphics/color.cfg
File: color.cfg 2005/02/03 v1.3 color configuration of teTeX/TeXLive
)
Package color Info: Driver file: pdftex.def on input line 125.

(/usr/share/texmf/tex/latex/graphics/pdftex.def
File: pdftex.def 2002/06/19 v0.03k graphics/color for pdftex
\Gread@gobject=\count87
)) (./vdmsl-2e.sty
BSI VDM SL style option <96/05/07> version 1.1.35b for LaTeX2e
This version of the macros contains some changes
which are not backwards compatible with previous
versions. See sections 6.4.10, 12.4.1 and 12.4.2
of the user guide.
Also see sections 5.4.1, 5.5.1, 5.5.7 and 5.6.1
\symAMSa=\mathgroup4
\symAMSb=\mathgroup5
LaTeX Font Info:    Redeclaring math alphabet \mathit on input line 143.
LaTeX Font Info:    Overwriting math alphabet `\mathit' in version `normal'
(Font)                  OT1/cmr/m/it --> OT1/cmr/m/it on input line 143.
LaTeX Font Info:    Overwriting math alphabet `\mathit' in version `bold'
(Font)                  OT1/cmr/bx/it --> OT1/cmr/m/it on input line 143.
\w@Rindent=\dimen103
\c@module=\count88
\c@outer=\count89
\c@inner=\count90
\w@outer=\dimen104
\w@inner=\dimen105
\wi@ln=\dimen106
\w@small@indent=\dimen107
\w@Indent=\dimen108
\w@IIndent=\dimen109
\w@IIIndent=\dimen110
\w@DIndent=\dimen111
\wi@indent=\dimen112
\endMacroSkip=\skip43
\wi@id=\dimen113
\wi@blo=\dimen114
\wi@sep=\dimen115
\wi@old@indent=\dimen116
\wi@w@blo=\dimen117
\t@bl@one=\toks14
\tmp@box=\box26
\t@ModuleName=\toks15
\preModuleSkip=\skip44
\postModuleSkip=\skip45
\preInterfaceSkip=\skip46
\postInterfaceSkip=\skip47
\preFromSkip=\skip48
\preInstanceSkip=\skip49
\preModulesignatureSkip=\skip50
\preDefinitionsSkip=\skip51
\postDefinitionsSkip=\skip52
\preTypesdefSkip=\skip53
\postTypesdefSkip=\skip54
\preTypeSkip=\skip55
\postTypeSkip=\skip56
\preStatedefSkip=\skip57
\postStatedefSkip=\skip58
\preInvfnSkip=\skip59
\postInvfnSkip=\skip60
\preInitfnSkip=\skip61
\preValuesdefSkip=\skip62
\postValuesdefSkip=\skip63
\preValdefSkip=\skip64
\postValdefSkip=\skip65
\preValueSkip=\skip66
\postValueSkip=\skip67
\preFuncdefSkip=\skip68
\postFuncdefSkip=\skip69
\preFndefSkip=\skip70
\postFndefSkip=\skip71
\preFnSkip=\skip72
\postFnSkip=\skip73
\t@fnop@name=\toks16
\postSignatureSkip=\skip74
\prePrecondSkip=\skip75
\prePostcondSkip=\skip76
\preOperdefSkip=\skip77
\postOperdefSkip=\skip78
\preOpdefSkip=\skip79
\postOpdefSkip=\skip80
\preOpSkip=\skip81
\postOpSkip=\skip82
\wi@wr=\dimen118
\preExceptionsSkip=\skip83
\preStmtSkip=\skip84
\postStmtSkip=\skip85
\preExprSkip=\skip86
\postExprSkip=\skip87
\wi@q@expr=\dimen119
\car@out=\dimen120
\coun@car@out=\count91
\old@indent=\dimen121
\old@expr=\dimen122
\w@AnnIndent=\dimen123
\wi@ann=\dimen124
\wi@ainn=\dimen125
\AnnSkip=\skip88
\preAnnotationsSkip=\skip89
\postAnnotationsSkip=\skip90
\@expr@box=\box27
\wi@expr=\dimen126
\preProofSkip=\skip91
\postProofSkip=\skip92
\w@ProofIndent=\dimen127
\w@ProofNumber=\dimen128
\@indentLevel=\count92
\@indentCount=\count93
) (./vpp.sty
VDM++ style option <00/07/19> version 1.6
\@rbl=\dimen129
LaTeX Font Info:    External font `cmex10' loaded for size
(Font)              <12> on input line 87.
LaTeX Font Info:    External font `cmex10' loaded for size
(Font)              <8> on input line 87.
LaTeX Font Info:    External font `cmex10' loaded for size
(Font)              <6> on input line 87.
\preClassSkip=\skip93
\postClassSkip=\skip94
\preInhDefSkip=\skip95
\postInhDefSkip=\skip96
\preInstVarSkip=\skip97
\postInstVarSkip=\skip98
\preVarDclSkip=\skip99
\postVarDclSkip=\skip100
\preInstInitSkip=\skip101
\postInstInitSkip=\skip102
\preinstInvfnSkip=\skip103
\postinstInvfnSkip=\skip104
\preMethDefSkip=\skip105
\postMethDefSkip=\skip106
\preMethodSkip=\skip107
\postMethodSkip=\skip108
\t@fnop@name=\toks17
\@sbl=\dimen130
\@topology=\dimen131
\preSyncDefSkip=\skip109
\postSyncDefSkip=\skip110
\preThreadSkip=\skip111
\postThreadSkip=\skip112
\preThreadSkip=\skip113
\postThreadSkip=\skip114
\preTimePostSkip=\skip115
\postTimePostSkip=\skip116
\preTimeVarSkip=\skip117
\postTimeVarSkip=\skip118
\preTimeVarDclSkip=\skip119
\postTimeVarDclSkip=\skip120
\preAssumptionSkip=\skip121
\postAssumptionSkip=\skip122
\preEffectSkip=\skip123
\postEffectSkip=\skip124
) (/usr/share/texmf/tex/latex/tools/longtable.sty
Package: longtable 2004/02/01 v4.11 Multi-page Table package (DPC)
\LTleft=\skip125
\LTright=\skip126
\LTpre=\skip127
\LTpost=\skip128
\LTchunksize=\count94
\LTcapwidth=\dimen132
\LT@head=\box28
\LT@firsthead=\box29
\LT@foot=\box30
\LT@lastfoot=\box31
\LT@cols=\count95
\LT@rows=\count96
\c@LT@tables=\count97
\c@LT@chunks=\count98
\LT@p@ftn=\toks18
)
(/usr/share/texmf/tex/latex/base/alltt.sty
Package: alltt 1997/06/16 v2.0g defines alltt environment
)
(/usr/share/texmf/tex/latex/base/makeidx.sty
Package: makeidx 2000/03/29 v1.0m Standard LaTeX package
)
(/usr/share/texmf/tex/latex/graphics/graphics.sty
Package: graphics 2001/07/07 v1.0n Standard LaTeX Graphics (DPC,SPQR)

(/usr/share/texmf/tex/latex/graphics/trig.sty
Package: trig 1999/03/16 v1.09 sin cos tan (DPC)
)
(/usr/share/texmf/tex/latex/graphics/graphics.cfg
File: graphics.cfg 2005/02/03 v1.3 graphics configuration of teTeX/TeXLive
)
Package graphics Info: Driver file: pdftex.def on input line 80.
)
(/usr/share/texmf/tex/latex/subfigure/subfigure.sty
Package: subfigure 2002/07/30 v2.1.4 subfigure package
\subfigtopskip=\skip129
\subfigcapskip=\skip130
\subfigcaptopadj=\dimen133
\subfigbottomskip=\skip131
\subfigcapmargin=\dimen134
\subfiglabelskip=\skip132
\c@subfigure=\count99
\c@lofdepth=\count100
\c@subtable=\count101
\c@lotdepth=\count102

****************************************
* Local config file subfigure.cfg used *
****************************************
(/usr/share/texmf/tex/latex/subfigure/subfigure.cfg)
\subfig@top=\skip133
\subfig@bottom=\skip134
) (./seqCM.aux)
\openout1 = `seqCM.aux'.

LaTeX Font Info:    Checking defaults for OML/cmm/m/it on input line 53.
LaTeX Font Info:    ... okay on input line 53.
LaTeX Font Info:    Checking defaults for T1/cmr/m/n on input line 53.
LaTeX Font Info:    ... okay on input line 53.
LaTeX Font Info:    Checking defaults for OT1/cmr/m/n on input line 53.
LaTeX Font Info:    ... okay on input line 53.
LaTeX Font Info:    Checking defaults for OMS/cmsy/m/n on input line 53.
LaTeX Font Info:    ... okay on input line 53.
LaTeX Font Info:    Checking defaults for OMX/cmex/m/n on input line 53.
LaTeX Font Info:    ... okay on input line 53.
LaTeX Font Info:    Checking defaults for U/cmr/m/n on input line 53.
LaTeX Font Info:    ... okay on input line 53.

(/usr/share/texmf/tex/context/base/supp-pdf.tex
(/usr/share/texmf/tex/context/base/supp-mis.tex
loading : Context Support Macros / Miscellaneous (2004.10.26)
\protectiondepth=\count103
\scratchcounter=\count104
\scratchtoks=\toks19
\scratchdimen=\dimen135
\scratchskip=\skip135
\scratchmuskip=\muskip10
\scratchbox=\box32
\scratchread=\read1
\scratchwrite=\write3
\zeropoint=\dimen136
\onepoint=\dimen137
\onebasepoint=\dimen138
\minusone=\count105
\thousandpoint=\dimen139
\onerealpoint=\dimen140
\emptytoks=\toks20
\nextbox=\box33
\nextdepth=\dimen141
\everyline=\toks21
\!!counta=\count106
\!!countb=\count107
\recursecounter=\count108
)
loading : Context Support Macros / PDF (2004.03.26)
\nofMPsegments=\count109
\nofMParguments=\count110
\MPscratchCnt=\count111
\MPscratchDim=\dimen142
\MPnumerator=\count112
\everyMPtoPDFconversion=\toks22
)
LaTeX Font Info:    External font `cmex10' loaded for size
(Font)              <14.4> on input line 54.
LaTeX Font Info:    External font `cmex10' loaded for size
(Font)              <7> on input line 54.
 <seqCMclassdiag.png, id=1, 939.51pt x 544.0325pt>
File: seqCMclassdiag.png Graphic file (type png)
 <use seqCMclassdiag.png>
Overfull \hbox (549.5077pt too wide) in paragraph at lines 61--62
 [] 
 []


LaTeX Warning: `h' float specifier changed to `ht'.

[1

{/var/lib/texmf/fonts/map/pdftex/updmap/pdftex.map}] (./world.vpp.tex
LaTeX Font Info:    External font `cmex10' loaded for size
(Font)              <5> on input line 16.

Overfull \hbox (53.29652pt too wide) in paragraph at lines 14--39
[] \OT1/cmr/m/n/12 FighterAircraft`controller0.$\OT1/cmr/m/it/12 addDispenser[]
FighterAircraft\OT1/cmr/m/n/12 `\OT1/cmr/m/it/12 dispenser\OT1/cmr/m/n/12 0) $;
 
 []


Overfull \hbox (53.29652pt too wide) in paragraph at lines 14--39
[] \OT1/cmr/m/n/12 FighterAircraft`controller0.$\OT1/cmr/m/it/12 addDispenser[]
FighterAircraft\OT1/cmr/m/n/12 `\OT1/cmr/m/it/12 dispenser\OT1/cmr/m/n/12 1) $;
 
 []


Overfull \hbox (53.29652pt too wide) in paragraph at lines 14--39
[] \OT1/cmr/m/n/12 FighterAircraft`controller0.$\OT1/cmr/m/it/12 addDispenser[]
FighterAircraft\OT1/cmr/m/n/12 `\OT1/cmr/m/it/12 dispenser\OT1/cmr/m/n/12 2) $;
 
 []


Overfull \hbox (53.29652pt too wide) in paragraph at lines 14--39
[] \OT1/cmr/m/n/12 FighterAircraft`controller0.$\OT1/cmr/m/it/12 addDispenser[]
FighterAircraft\OT1/cmr/m/n/12 `\OT1/cmr/m/it/12 dispenser\OT1/cmr/m/n/12 3) $;
 
 []


Overfull \hbox (44.60632pt too wide) in paragraph at lines 14--39
[] \OT1/cmr/m/n/12 FighterAircraft`detector.$\OT1/cmr/m/it/12 addController[]Fi
ghterAircraft\OT1/cmr/m/n/12 `\OT1/cmr/m/it/12 controller\OT1/cmr/m/n/12 0) $; 

 []


Overfull \hbox (53.29652pt too wide) in paragraph at lines 14--39
[] \OT1/cmr/m/n/12 FighterAircraft`controller1.$\OT1/cmr/m/it/12 addDispenser[]
FighterAircraft\OT1/cmr/m/n/12 `\OT1/cmr/m/it/12 dispenser\OT1/cmr/m/n/12 4) $;
 
 []


Overfull \hbox (53.29652pt too wide) in paragraph at lines 14--39
[] \OT1/cmr/m/n/12 FighterAircraft`controller1.$\OT1/cmr/m/it/12 addDispenser[]
FighterAircraft\OT1/cmr/m/n/12 `\OT1/cmr/m/it/12 dispenser\OT1/cmr/m/n/12 5) $;
 
 []


Overfull \hbox (53.29652pt too wide) in paragraph at lines 14--39
[] \OT1/cmr/m/n/12 FighterAircraft`controller1.$\OT1/cmr/m/it/12 addDispenser[]
FighterAircraft\OT1/cmr/m/n/12 `\OT1/cmr/m/it/12 dispenser\OT1/cmr/m/n/12 6) $;
 
 []


Overfull \hbox (53.29652pt too wide) in paragraph at lines 14--39
[] \OT1/cmr/m/n/12 FighterAircraft`controller1.$\OT1/cmr/m/it/12 addDispenser[]
FighterAircraft\OT1/cmr/m/n/12 `\OT1/cmr/m/it/12 dispenser\OT1/cmr/m/n/12 7) $;
 
 []


Overfull \hbox (44.60632pt too wide) in paragraph at lines 14--39
[] \OT1/cmr/m/n/12 FighterAircraft`detector.$\OT1/cmr/m/it/12 addController[]Fi
ghterAircraft\OT1/cmr/m/n/12 `\OT1/cmr/m/it/12 controller\OT1/cmr/m/n/12 1) $; 

 []


Overfull \hbox (53.29652pt too wide) in paragraph at lines 14--39
[] \OT1/cmr/m/n/12 FighterAircraft`controller2.$\OT1/cmr/m/it/12 addDispenser[]
FighterAircraft\OT1/cmr/m/n/12 `\OT1/cmr/m/it/12 dispenser\OT1/cmr/m/n/12 8) $;
 
 []


Overfull \hbox (53.29652pt too wide) in paragraph at lines 14--39
[] \OT1/cmr/m/n/12 FighterAircraft`controller2.$\OT1/cmr/m/it/12 addDispenser[]
FighterAircraft\OT1/cmr/m/n/12 `\OT1/cmr/m/it/12 dispenser\OT1/cmr/m/n/12 9) $;
 
 []


Overfull \hbox (59.17146pt too wide) in paragraph at lines 14--39
[] \OT1/cmr/m/n/12 FighterAircraft`controller2.$\OT1/cmr/m/it/12 addDispenser[]
FighterAircraft\OT1/cmr/m/n/12 `\OT1/cmr/m/it/12 dispenser\OT1/cmr/m/n/12 10) $
; 
 []


Overfull \hbox (59.17146pt too wide) in paragraph at lines 14--39
[] \OT1/cmr/m/n/12 FighterAircraft`controller2.$\OT1/cmr/m/it/12 addDispenser[]
FighterAircraft\OT1/cmr/m/n/12 `\OT1/cmr/m/it/12 dispenser\OT1/cmr/m/n/12 11) $
; 
 []


Overfull \hbox (41.34247pt too wide) in paragraph at lines 14--39
[] \OT1/cmr/m/n/12 FighterAircraft`detector.$\OT1/cmr/m/it/12 addController[]Fi
ghterAircraft\OT1/cmr/m/n/12 `\OT1/cmr/m/it/12 controller\OT1/cmr/m/n/12 2) $ 
 []

[2]

Package longtable Warning: Column widths have changed
(longtable)                in table 1 on input line 111.

) (./fighteraircraft.vpp.tex
Overfull \hbox (10.06686pt too wide) in paragraph at lines 19--22
[][] [][][] $[][]\OT1/cmr/m/it/12 FlareController [] [][]\OT1/cmr/m/n/12 0)$; 
 []


Overfull \hbox (21.81674pt too wide) in paragraph at lines 22--25
[][] [][][] $[][]\OT1/cmr/m/it/12 FlareController [] [][]\OT1/cmr/m/n/12 120)$;
 
 []


Overfull \hbox (21.81674pt too wide) in paragraph at lines 25--28
[][] [][][] $[][]\OT1/cmr/m/it/12 FlareController [] [][]\OT1/cmr/m/n/12 240)$;
 
 []


Overfull \hbox (3.63918pt too wide) in paragraph at lines 28--31
[][] [][][] $[][]\OT1/cmr/m/it/12 FlareDispenser [] [][]\OT1/cmr/m/n/12 0)$; 
 []


Overfull \hbox (9.51411pt too wide) in paragraph at lines 31--34
[][] [][][] $[][]\OT1/cmr/m/it/12 FlareDispenser [] [][]\OT1/cmr/m/n/12 30)$; 
 []


Overfull \hbox (9.51411pt too wide) in paragraph at lines 34--37
[][] [][][] $[][]\OT1/cmr/m/it/12 FlareDispenser [] [][]\OT1/cmr/m/n/12 60)$; 
 []


Overfull \hbox (9.51411pt too wide) in paragraph at lines 37--40
[][] [][][] $[][]\OT1/cmr/m/it/12 FlareDispenser [] [][]\OT1/cmr/m/n/12 90)$; 
 []


Overfull \hbox (3.63918pt too wide) in paragraph at lines 40--43
[][] [][][] $[][]\OT1/cmr/m/it/12 FlareDispenser [] [][]\OT1/cmr/m/n/12 0)$; 
 []


Overfull \hbox (9.51411pt too wide) in paragraph at lines 43--46
[][] [][][] $[][]\OT1/cmr/m/it/12 FlareDispenser [] [][]\OT1/cmr/m/n/12 30)$; 
 []


Overfull \hbox (9.51411pt too wide) in paragraph at lines 46--49
[][] [][][] $[][]\OT1/cmr/m/it/12 FlareDispenser [] [][]\OT1/cmr/m/n/12 60)$; 
 []


Overfull \hbox (9.51411pt too wide) in paragraph at lines 49--52
[][] [][][] $[][]\OT1/cmr/m/it/12 FlareDispenser [] [][]\OT1/cmr/m/n/12 90)$; 
 []


Overfull \hbox (3.63918pt too wide) in paragraph at lines 52--55
[][] [][][] $[][]\OT1/cmr/m/it/12 FlareDispenser [] [][]\OT1/cmr/m/n/12 0)$; 
 []


Overfull \hbox (9.51411pt too wide) in paragraph at lines 55--58
[][] [][][] $[][]\OT1/cmr/m/it/12 FlareDispenser [] [][]\OT1/cmr/m/n/12 30)$; 
 []


Overfull \hbox (15.38905pt too wide) in paragraph at lines 58--61
[][] [][][] $[][]\OT1/cmr/m/it/12 FlareDispenser [] [][]\OT1/cmr/m/n/12 60)$; 
 []


Overfull \hbox (15.38905pt too wide) in paragraph at lines 61--64
[][] [][][] $[][]\OT1/cmr/m/it/12 FlareDispenser [] [][]\OT1/cmr/m/n/12 90)$; 
 []

) (./environment.vpp.tex [3]
Overfull \hbox (0.32576pt too wide) in paragraph at lines 49--55
[][] [] [] [][][]$\OT1/cmr/m/it/12 ranges [] []id \OMS/cmsy/m/n/12 7! [][]\OT1/
cmr/m/n/12 )\OMS/cmsy/m/n/12 g$[]\OT1/cmr/m/n/12 ; 
 []


Overfull \hbox (3.46693pt too wide) in paragraph at lines 57--61
[] []  []$\OMS/cmsy/m/n/12 : [][][]\OT1/cmr/m/n/12 ) \OMS/cmsy/m/n/12 ^ [][]\OT
1/cmr/m/n/12 ))$ 
 []

[4]
Overfull \hbox (21.58276pt too wide) in paragraph at lines 90--103
[][] [][][][]$[][]\OT1/cmr/m/it/12 id\OT1/cmr/m/n/12 )$
 []


Overfull \hbox (0.85019pt too wide) in paragraph at lines 90--103
[] []$[][]\OT1/cmr/m/it/12 pa\OML/cmm/m/it/12 ; \OT1/cmr/m/it/12 papplhs\OML/cm
m/m/it/12 ; \OT1/cmr/m/it/12 pappsize\OT1/cmr/m/n/12 )$ 
 []


Overfull \hbox (33.97583pt too wide) in paragraph at lines 90--103
[] [][]    []\OT1/cmr/m/n/12 id )  .$\OT1/cmr/m/it/12 trip[]eventid\OML/cmm/m/i
t/12 ; \OT1/cmr/m/it/12 pmt\OML/cmm/m/it/12 ; \OT1/cmr/m/it/12 pa\OT1/cmr/m/n/1
2 ) $; 
 []

[5]) (./global.vpp.tex
Overfull \hbox (10.11444pt too wide) in paragraph at lines 9--11
[][] $[][][] \OMS/cmsy/m/n/12 j [] j [] j
 []


Overfull \hbox (8.56445pt too wide) in paragraph at lines 9--11
[] [] \OMS/cmsy/m/n/12 j [] j [] j
 []


Overfull \hbox (5.71169pt too wide) in paragraph at lines 9--11
[] [] \OMS/cmsy/m/n/12 j [] j []\OT1/cmr/m/n/12 ;$ 
 []

[6]) (./sensor.vpp.tex [7]) (./missiledetector.vpp.tex
Overfull \hbox (2.22853pt too wide) in paragraph at lines 28--34
[][] [] [] [][][]$\OT1/cmr/m/it/12 ranges [] []nid \OMS/cmsy/m/n/12 7! [][]\OT1
/cmr/m/n/12 )\OMS/cmsy/m/n/12 g$[]\OT1/cmr/m/n/12 ; 
 []


Overfull \hbox (3.49286pt too wide) in paragraph at lines 45--56
[] [][]    []\OT1/cmr/m/n/12 id )  .$\OT1/cmr/m/it/12 addThreat[]evid\OML/cmm/m
/it/12 ; \OT1/cmr/m/it/12 pmt\OML/cmm/m/it/12 ; \OT1/cmr/m/it/12 pa\OML/cmm/m/i
t/12 ; \OT1/cmr/m/it/12 pt\OT1/cmr/m/n/12 ) $; 
 []

[8]) (./flarecontroller.vpp.tex [9]
Overfull \hbox (101.6026pt too wide) in paragraph at lines 40--46
[][] [] [] [][][]$\OT1/cmr/m/it/12 ranges [] []id \OMS/cmsy/m/n/12 7! [][]\OT1/
cmr/m/it/12 angle\OML/cmm/m/it/12 ; \OT1/cmr/m/it/12 DISPENSER\OT1/cmr/m/n/12 -
\OT1/cmr/m/it/12 APERATURE\OT1/cmr/m/n/12 )\OMS/cmsy/m/n/12 g$[]\OT1/cmr/m/n/12
 ; 
 []

[10]) (./flaredispenser.vpp.tex
Overfull \hbox (62.07582pt too wide) in paragraph at lines 4--13
[][] $[][][][][][] \OMS/cmsy/m/n/12 7! \OT1/cmr/m/n/12 [[][][]\OML/cmm/m/it/12 
; \OT1/cmr/m/n/12 900)\OML/cmm/m/it/12 ; [] 
 []


Overfull \hbox (63.67581pt too wide) in paragraph at lines 4--13
[] [] \OMS/cmsy/m/n/12 7! \OT1/cmr/m/n/12 [[][][]\OML/cmm/m/it/12 ; \OT1/cmr/m/
n/12 500)\OML/cmm/m/it/12 ; [] 
 []


Overfull \hbox (61.40916pt too wide) in paragraph at lines 4--13
[] [] \OMS/cmsy/m/n/12 7! \OT1/cmr/m/n/12 [[][][]\OML/cmm/m/it/12 ; \OT1/cmr/m/
n/12 400)\OML/cmm/m/it/12 ; [] 
 []

[11] [12]
Overfull \hbox (24.18541pt too wide) in paragraph at lines 99--115
[] $\OT1/cmr/m/it/12 releaseFlare[]evid\OML/cmm/m/it/12 ; \OT1/cmr/m/it/12 ^^Mt
p\OML/cmm/m/it/12 ; \OT1/cmr/m/it/12 ^^Mtime\OML/cmm/m/it/12 ; [][]\OT1/cmr/m/n
/12 )) $; 
 []

) (./timer.vpp.tex [13]) (./io.vpp.tex [14])

Package longtable Warning: Table widths have changed. Rerun LaTeX.

[15] [16 <./seqCMclassdiag.png>] (./seqCM.aux)

LaTeX Warning: Label(s) may have changed. Rerun to get cross-references right.

 ) 
Here is how much of TeX's memory you used:
 2385 strings out of 94500
 25357 string characters out of 1176766
 84394 words of memory out of 1000000
 5533 multiletter control sequences out of 10000+50000
 14912 words of font info for 55 fonts, out of 500000 for 2000
 580 hyphenation exceptions out of 1000
 25i,8n,24p,231b,346s stack positions out of 1500i,500n,5000p,200000b,5000s
PDF statistics:
 97 PDF objects out of 300000
 0 named destinations out of 131072
 6 words of extra memory for PDF output out of 65536
</usr/share/texmf/fonts/type1/bluesky/cm/cmr8.pfb></usr/share/texmf/fonts/typ
e1/bluesky/cm/cmcsc10.pfb></usr/share/texmf/fonts/type1/bluesky/cm/cmex10.pfb><
/usr/share/texmf/fonts/type1/bluesky/cm/cmr6.pfb></usr/share/texmf/fonts/type1/
bluesky/cm/cmsy8.pfb></usr/share/texmf/fonts/type1/bluesky/symbols/msbm10.pfb><
/usr/share/texmf/fonts/type1/bluesky/cm/cmmi12.pfb></usr/share/texmf/fonts/type
1/bluesky/cm/cmtt12.pfb></usr/share/texmf/fonts/type1/bluesky/cm/cmsy10.pfb></u
sr/share/texmf/fonts/type1/bluesky/cm/cmti8.pfb></usr/share/texmf/fonts/type1/b
luesky/cm/cmti12.pfb></usr/share/texmf/fonts/type1/bluesky/cm/cmss10.pfb></usr/
share/texmf/fonts/type1/bluesky/cm/cmbx12.pfb></usr/share/texmf/fonts/type1/blu
esky/cm/cmr12.pfb></usr/share/texmf/fonts/type1/bluesky/cm/cmr17.pfb>
Output written on seqCM.pdf (16 pages, 130456 bytes).
