This is e-pTeX, Version 3.14159265-p3.6-141210-2.6 (utf8.euc) (TeX Live 2015) (preloaded format=platex 2016.8.15)  4 OCT 2016 19:29
entering extended mode
 restricted \write18 enabled.
 %&-line parsing enabled.
**cgmanpp_a4J.tex
(./cgmanpp_a4J.tex
pLaTeX2e <2006/11/10> (based on LaTeX2e <2015/01/01> patch level 0)
Babel <3.9l> and hyphenation patterns for 79 languages loaded.
(/opt/texlive/2015/texmf-dist/tex/platex/base/jarticle.cls
Document Class: jarticle 2006/06/27 v1.6 Standard pLaTeX class
\c@@paper=\count81
(/opt/texlive/2015/texmf-dist/tex/platex/base/jsize12.clo
File: jsize12.clo 2006/06/27 v1.6 Standard pLaTeX file (size option)
)
\c@part=\count82
\c@section=\count83
\c@subsection=\count84
\c@subsubsection=\count85
\c@paragraph=\count86
\c@subparagraph=\count87
\c@figure=\count88
\c@table=\count89
\abovecaptionskip=\skip41
\belowcaptionskip=\skip42
\symmincho=\mathgroup4
LaTeX Font Info:    Overwriting symbol font `mincho' in version `bold'
(Font)                  JY1/mc/m/n --> JY1/gt/m/n on input line 601.
\toclineskip=\dimen118
\@lnumwidth=\dimen119
\bibindent=\dimen120
\heisei=\count90
)
(/opt/texlive/2015/texmf-dist/tex/latex/graphics/graphicx.sty
Package: graphicx 2014/10/28 v1.0g Enhanced LaTeX Graphics (DPC,SPQR)

(/opt/texlive/2015/texmf-dist/tex/latex/graphics/keyval.sty
Package: keyval 2014/10/28 v1.15 key=value parser (DPC)
\KV@toks@=\toks15
)
(/opt/texlive/2015/texmf-dist/tex/latex/graphics/graphics.sty
Package: graphics 2014/10/28 v1.0p Standard LaTeX Graphics (DPC,SPQR)

(/opt/texlive/2015/texmf-dist/tex/latex/graphics/trig.sty
Package: trig 1999/03/16 v1.09 sin cos tan (DPC)
)
(/opt/texlive/2015/texmf-dist/tex/latex/latexconfig/graphics.cfg
File: graphics.cfg 2010/04/23 v1.9 graphics configuration of TeX Live
)
Package graphics Info: Driver file: dvipdfmx.def on input line 94.

(/opt/texlive/2015/texmf-dist/tex/latex/dvipdfmx-def/dvipdfmx.def
File: dvipdfmx.def 2015/03/26 v4.04 LaTeX color/graphics driver for dvipdfmx (T
eX Live/ChoF)
))
\Gin@req@height=\dimen121
\Gin@req@width=\dimen122
)
(/opt/texlive/2015/texmf-dist/tex/latex/graphics/color.sty
Package: color 2014/10/28 v1.1a Standard LaTeX Color (DPC)

(/opt/texlive/2015/texmf-dist/tex/latex/latexconfig/color.cfg
File: color.cfg 2007/01/18 v1.5 color configuration of teTeX/TeXLive
)
Package color Info: Driver file: dvipdfmx.def on input line 142.

(/opt/texlive/2015/texmf-dist/tex/latex/graphics/dvipsnam.def
File: dvipsnam.def 2014/10/14 v3.0j Driver-dependent file (DPC,SPQR)
))
(/opt/texlive/2015/texmf-dist/tex/latex/hyperref/hyperref.sty
Package: hyperref 2012/11/06 v6.83m Hypertext links for LaTeX

(/opt/texlive/2015/texmf-dist/tex/generic/oberdiek/hobsub-hyperref.sty
Package: hobsub-hyperref 2012/05/28 v1.13 Bundle oberdiek, subset hyperref (HO)


(/opt/texlive/2015/texmf-dist/tex/generic/oberdiek/hobsub-generic.sty
Package: hobsub-generic 2012/05/28 v1.13 Bundle oberdiek, subset generic (HO)
Package: hobsub 2012/05/28 v1.13 Construct package bundles (HO)
Package: infwarerr 2010/04/08 v1.3 Providing info/warning/error messages (HO)
Package: ltxcmds 2011/11/09 v1.22 LaTeX kernel commands for general use (HO)
Package: ifluatex 2010/03/01 v1.3 Provides the ifluatex switch (HO)
Package ifluatex Info: LuaTeX not detected.
Package: ifvtex 2010/03/01 v1.5 Detect VTeX and its facilities (HO)
Package ifvtex Info: VTeX not detected.
Package: intcalc 2007/09/27 v1.1 Expandable calculations with integers (HO)
Package: ifpdf 2011/01/30 v2.3 Provides the ifpdf switch (HO)
Package ifpdf Info: pdfTeX in PDF mode is not detected.
Package: etexcmds 2011/02/16 v1.5 Avoid name clashes with e-TeX commands (HO)
Package etexcmds Info: Could not find \expanded.
(etexcmds)             That can mean that you are not using pdfTeX 1.50 or
(etexcmds)             that some package has redefined \expanded.
(etexcmds)             In the latter case, load this package earlier.
Package: kvsetkeys 2012/04/25 v1.16 Key value parser (HO)
Package: kvdefinekeys 2011/04/07 v1.3 Define keys (HO)
Package: pdftexcmds 2011/11/29 v0.20 Utility functions of pdfTeX for LuaTeX (HO
)
Package pdftexcmds Info: LuaTeX not detected.
Package pdftexcmds Info: pdfTeX >= 1.30 not detected.
Package pdftexcmds Info: \pdf@primitive is not available.
Package pdftexcmds Info: \pdf@ifprimitive is not available.
Package pdftexcmds Info: \pdfdraftmode not found.
Package: pdfescape 2011/11/25 v1.13 Implements pdfTeX's escape features (HO)
Package: bigintcalc 2012/04/08 v1.3 Expandable calculations on big integers (HO
)
Package: bitset 2011/01/30 v1.1 Handle bit-vector datatype (HO)
Package: uniquecounter 2011/01/30 v1.2 Provide unlimited unique counter (HO)
)
Package hobsub Info: Skipping package `hobsub' (already loaded).
Package: letltxmacro 2010/09/02 v1.4 Let assignment for LaTeX macros (HO)
Package: hopatch 2012/05/28 v1.2 Wrapper for package hooks (HO)
Package: xcolor-patch 2011/01/30 xcolor patch
Package: atveryend 2011/06/30 v1.8 Hooks at the very end of document (HO)
Package atveryend Info: \enddocument detected (standard20110627).
Package: atbegshi 2011/10/05 v1.16 At begin shipout hook (HO)
Package: refcount 2011/10/16 v3.4 Data extraction from label references (HO)
Package: hycolor 2011/01/30 v1.7 Color options for hyperref/bookmark (HO)
)
(/home/yomori/lib/tex/macros/ifxetex.sty
Package: ifxetex 2008/09/18 v0.4 Provides ifxetex conditional
)
(/opt/texlive/2015/texmf-dist/tex/latex/oberdiek/auxhook.sty
Package: auxhook 2011/03/04 v1.3 Hooks for auxiliary files (HO)
)
(/opt/texlive/2015/texmf-dist/tex/latex/oberdiek/kvoptions.sty
Package: kvoptions 2011/06/30 v3.11 Key value format for package options (HO)
)
\@linkdim=\dimen123
\Hy@linkcounter=\count91
\Hy@pagecounter=\count92

(/opt/texlive/2015/texmf-dist/tex/latex/hyperref/pd1enc.def
File: pd1enc.def 2012/11/06 v6.83m Hyperref: PDFDocEncoding definition (HO)
)
\Hy@SavedSpaceFactor=\count93

(/opt/texlive/2015/texmf-dist/tex/latex/latexconfig/hyperref.cfg
File: hyperref.cfg 2002/06/06 v1.2 hyperref configuration of TeXLive
)
Package hyperref Info: Option `bookmarks' set `true' on input line 4319.
Package hyperref Info: Option `bookmarksnumbered' set `true' on input line 4319
.
Package hyperref Info: Option `colorlinks' set `true' on input line 4319.
Package hyperref Info: Option `plainpages' set `true' on input line 4319.
Package hyperref Info: Hyper figures OFF on input line 4443.
Package hyperref Info: Link nesting OFF on input line 4448.
Package hyperref Info: Hyper index ON on input line 4451.
Package hyperref Info: Plain pages ON on input line 4456.
Package hyperref Info: Backreferencing OFF on input line 4463.
Package hyperref Info: Implicit mode ON; LaTeX internals redefined.
Package hyperref Info: Bookmarks ON on input line 4688.
\c@Hy@tempcnt=\count94

(/opt/texlive/2015/texmf-dist/tex/latex/url/url.sty
\Urlmuskip=\muskip10
Package: url 2013/09/16  ver 3.4  Verb mode for urls, etc.
)
LaTeX Info: Redefining \url on input line 5041.
\XeTeXLinkMargin=\dimen124
\Fld@menulength=\count95
\Field@Width=\dimen125
\Fld@charsize=\dimen126
Package hyperref Info: Hyper figures OFF on input line 6295.
Package hyperref Info: Link nesting OFF on input line 6300.
Package hyperref Info: Hyper index ON on input line 6303.
Package hyperref Info: backreferencing OFF on input line 6310.
Package hyperref Info: Link coloring ON on input line 6313.
Package hyperref Info: Link coloring with OCG OFF on input line 6320.
Package hyperref Info: PDF/A mode OFF on input line 6325.
LaTeX Info: Redefining \ref on input line 6365.
LaTeX Info: Redefining \pageref on input line 6369.
\Hy@abspage=\count96
\c@Item=\count97
\c@Hfootnote=\count98
)

Package hyperref Message: Driver: hdvipdfm.

(/opt/texlive/2015/texmf-dist/tex/latex/hyperref/hdvipdfm.def
File: hdvipdfm.def 2012/11/06 v6.83m Hyperref driver for dvipdfm
\pdfm@box=\box41
\c@Hy@AnnotLevel=\count99
\HyField@AnnotCount=\count100
\Fld@listcount=\count101
\c@bookmark@seq@number=\count102

(/opt/texlive/2015/texmf-dist/tex/latex/oberdiek/rerunfilecheck.sty
Package: rerunfilecheck 2011/04/15 v1.7 Rerun checks for auxiliary files (HO)
Package rerunfilecheck Info: Feature \pdfmdfivesum is not available
(rerunfilecheck)             (e.g. pdfTeX or LuaTeX with package `pdftexcmds').

(rerunfilecheck)             Therefore file contents cannot be checked efficien
tly
(rerunfilecheck)             and the loading of the package is aborted.
)
\Hy@SectionHShift=\skip43
)
(./toolbox.sty
Package: toolbox 1998/10/05 Toolbox Style. V1.2
 (/opt/texlive/2015/texmf-dist/tex/latex/fancyhdr/fancyhdr.sty
\fancy@headwidth=\skip44
\f@ncyO@elh=\skip45
\f@ncyO@erh=\skip46
\f@ncyO@olh=\skip47
\f@ncyO@orh=\skip48
\f@ncyO@elf=\skip49
\f@ncyO@erf=\skip50
\f@ncyO@olf=\skip51
\f@ncyO@orf=\skip52
)
(/opt/texlive/2015/texmf-dist/tex/latex/psnfss/pifont.sty
Package: pifont 2005/04/12 PSNFSS-v9.2a Pi font support (SPQR) 

(I search kanjifont definition file: . . ) (I search font definition file: . .
. . . . . . )
LaTeX Font Info:    Try loading font information for U+pzd on input line 63.
 (/opt/texlive/2015/texmf-dist/tex/latex/psnfss/upzd.fd
File: upzd.fd 2001/06/04 font definitions for U/pzd.
)
(I search kanjifont definition file: . . ) (I search font definition file: . .
. . . . . . )
LaTeX Font Info:    Try loading font information for U+psy on input line 64.
 (/opt/texlive/2015/texmf-dist/tex/latex/psnfss/upsy.fd
File: upsy.fd 2001/06/04 font definitions for U/psy.
))
(/opt/texlive/2015/texmf-dist/tex/latex/rotating/rotating.sty
Package: rotating 2009/03/28 v2.16a rotated objects in LaTeX

(/opt/texlive/2015/texmf-dist/tex/latex/base/ifthen.sty
Package: ifthen 2014/09/29 v1.1c Standard LaTeX ifthen package (DPC)
)
\c@r@tfl@t=\count103
\rotFPtop=\skip53
\rotFPbot=\skip54
\rot@float@box=\box42
\rot@mess@toks=\toks16
)
\ToolboxLogo=\box43
File: QU-logo.eps Graphic file (type eps)
 <QU-logo.eps>
\aabox=\box44
)
(./vdmsl-2e.sty
BSI VDM SL style option <96/05/07> version 1.1.35b for LaTeX2e
This version of the macros contains some changes
which are not backwards compatible with previous
versions. See sections 6.4.10, 12.4.1 and 12.4.2
of the user guide.
Also see sections 5.4.1, 5.5.1, 5.5.7 and 5.6.1
\symAMSa=\mathgroup5
\symAMSb=\mathgroup6
LaTeX Font Info:    Redeclaring math alphabet \mathit on input line 114.
LaTeX Font Info:    Overwriting math alphabet `\mathit' in version `normal'
(Font)                  OT1/cmr/m/it --> OT1/cmr/m/it on input line 114.
LaTeX Font Info:    Overwriting math alphabet `\mathit' in version `bold'
(Font)                  OT1/cmr/bx/it --> OT1/cmr/m/it on input line 114.
\w@Rindent=\dimen127
\c@module=\count104
\c@outer=\count105
\c@inner=\count106
\w@outer=\dimen128
\w@inner=\dimen129
\wi@ln=\dimen130
\w@small@indent=\dimen131
\w@Indent=\dimen132
\w@IIndent=\dimen133
\w@IIIndent=\dimen134
\w@DIndent=\dimen135
\wi@indent=\dimen136
\endMacroSkip=\skip55
\wi@id=\dimen137
\wi@blo=\dimen138
\wi@sep=\dimen139
\wi@old@indent=\dimen140
\wi@w@blo=\dimen141
\t@bl@one=\toks17
\tmp@box=\box45
\t@ModuleName=\toks18
\preModuleSkip=\skip56
\postModuleSkip=\skip57
\preInterfaceSkip=\skip58
\postInterfaceSkip=\skip59
\preFromSkip=\skip60
\preInstanceSkip=\skip61
\preModulesignatureSkip=\skip62
\preDefinitionsSkip=\skip63
\postDefinitionsSkip=\skip64
\preTypesdefSkip=\skip65
\postTypesdefSkip=\skip66
\preTypeSkip=\skip67
\postTypeSkip=\skip68
\preStatedefSkip=\skip69
\postStatedefSkip=\skip70
\preInvfnSkip=\skip71
\postInvfnSkip=\skip72
\preInitfnSkip=\skip73
\preValuesdefSkip=\skip74
\postValuesdefSkip=\skip75
\preValdefSkip=\skip76
\postValdefSkip=\skip77
\preValueSkip=\skip78
\postValueSkip=\skip79
\preFuncdefSkip=\skip80
\postFuncdefSkip=\skip81
\preFndefSkip=\skip82
\postFndefSkip=\skip83
\preFnSkip=\skip84
\postFnSkip=\skip85
\t@fnop@name=\toks19
\postSignatureSkip=\skip86
\prePrecondSkip=\skip87
\prePostcondSkip=\skip88
\preOperdefSkip=\skip89
\postOperdefSkip=\skip90
\preOpdefSkip=\skip91
\postOpdefSkip=\skip92
\preOpSkip=\skip93
\postOpSkip=\skip94
\wi@wr=\dimen142
\preExceptionsSkip=\skip95
\preStmtSkip=\skip96
\postStmtSkip=\skip97
\preExprSkip=\skip98
\postExprSkip=\skip99
\wi@q@expr=\dimen143
\car@out=\dimen144
\coun@car@out=\count107
\old@indent=\dimen145
\old@expr=\dimen146
\w@AnnIndent=\dimen147
\wi@ann=\dimen148
\wi@ainn=\dimen149
\AnnSkip=\skip100
\preAnnotationsSkip=\skip101
\postAnnotationsSkip=\skip102
\@expr@box=\box46
\wi@expr=\dimen150
\preProofSkip=\skip103
\postProofSkip=\skip104
\w@ProofIndent=\dimen151
\w@ProofNumber=\dimen152
\@indentLevel=\count108
\@indentCount=\count109
) (/opt/texlive/2015/texmf-dist/tex/latex/base/makeidx.sty
Package: makeidx 2014/09/29 v1.0m Standard LaTeX package
)
(/opt/texlive/2015/texmf-dist/tex/latex/base/alltt.sty
Package: alltt 1997/06/16 v2.0g defines alltt environment
) (./verbatimfiles.sty
\c@lineno=\count110
)
(/opt/texlive/2015/texmf-dist/tex/latex/tools/longtable.sty
Package: longtable 2014/10/28 v4.11 Multi-page Table package (DPC)
\LTleft=\skip105
\LTright=\skip106
\LTpre=\skip107
\LTpost=\skip108
\LTchunksize=\count111
\LTcapwidth=\dimen153
\LT@head=\box47
\LT@firsthead=\box48
\LT@foot=\box49
\LT@lastfoot=\box50
\LT@cols=\count112
\LT@rows=\count113
\c@LT@tables=\count114
\c@LT@chunks=\count115
\LT@p@ftn=\toks20
)
(/home/yomori/lib/tex/macros/here.sty)
(/opt/texlive/2015/texmf-dist/tex/latex/float/float.sty
Package: float 2001/11/08 v1.3d Float enhancements (AL)
\c@float@type=\count116
\float@exts=\toks21
\float@box=\box51
\@float@everytoks=\toks22
\@floatcapt=\box52
)
\@indexfile=\write3
\openout3 = `cgmanpp_a4J.idx'.


Writing index file cgmanpp_a4J.idx
(./cgmanpp_a4J.aux)
\openout1 = `cgmanpp_a4J.aux'.

LaTeX Font Info:    Checking defaults for OML/cmm/m/it on input line 95.
LaTeX Font Info:    ... okay on input line 95.
LaTeX Font Info:    Checking defaults for T1/cmr/m/n on input line 95.
LaTeX Font Info:    ... okay on input line 95.
LaTeX Font Info:    Checking defaults for OT1/cmr/m/n on input line 95.
LaTeX Font Info:    ... okay on input line 95.
LaTeX Font Info:    Checking defaults for OMS/cmsy/m/n on input line 95.
LaTeX Font Info:    ... okay on input line 95.
LaTeX Font Info:    Checking defaults for OMX/cmex/m/n on input line 95.
LaTeX Font Info:    ... okay on input line 95.
LaTeX Font Info:    Checking defaults for U/cmr/m/n on input line 95.
LaTeX Font Info:    ... okay on input line 95.
LaTeX Font Info:    Checking defaults for JY1/mc/m/n on input line 95.
LaTeX Font Info:    ... okay on input line 95.
LaTeX Font Info:    Checking defaults for JT1/mc/m/n on input line 95.
LaTeX Font Info:    ... okay on input line 95.
LaTeX Font Info:    Checking defaults for PD1/pdf/m/n on input line 95.
LaTeX Font Info:    ... okay on input line 95.
\AtBeginShipoutBox=\box53
Package hyperref Info: Link coloring ON on input line 95.

(/opt/texlive/2015/texmf-dist/tex/latex/hyperref/nameref.sty
Package: nameref 2012/10/27 v2.43 Cross-referencing by name of section

(/opt/texlive/2015/texmf-dist/tex/generic/oberdiek/gettitlestring.sty
Package: gettitlestring 2010/12/03 v1.4 Cleanup title references (HO)
)
\c@section@level=\count117
)
LaTeX Info: Redefining \ref on input line 95.
LaTeX Info: Redefining \pageref on input line 95.
LaTeX Info: Redefining \nameref on input line 95.

(./cgmanpp_a4J.out) (./cgmanpp_a4J.out)
\@outlinefile=\write4
\openout4 = `cgmanpp_a4J.out'.

 (I search kanjifont definition file: .
. ) (I search font definition file: . . . . . . . . )
LaTeX Font Info:    Font shape `JT1/mc/bx/n' in size <52> not available
(Font)              Font shape `JT1/gt/m/n' tried instead on input line 97.
LaTeX Font Info:    Font shape `JY1/mc/bx/n' in size <52> not available
(Font)              Font shape `JY1/gt/m/n' tried instead on input line 97.
LaTeX Font Info:    Try loading font information for OT1+phv on input line 97.

(/opt/texlive/2015/texmf-dist/tex/latex/psnfss/ot1phv.fd
File: ot1phv.fd 2001/06/04 scalable font definitions for OT1/phv.
)
LaTeX Font Info:    Font shape `OT1/phv/bx/n' in size <52> not available
(Font)              Font shape `OT1/phv/b/n' tried instead on input line 97.
LaTeX Font Info:    Font shape `JT1/mc/bx/n' in size <22> not available
(Font)              Font shape `JT1/gt/m/n' tried instead on input line 97.
LaTeX Font Info:    Font shape `JY1/mc/bx/n' in size <22> not available
(Font)              Font shape `JY1/gt/m/n' tried instead on input line 97.
LaTeX Font Info:    Font shape `OT1/phv/bx/n' in size <22> not available
(Font)              Font shape `OT1/phv/b/n' tried instead on input line 97.
LaTeX Font Info:    External font `cmex10' loaded for size
(Font)              <12> on input line 97.
LaTeX Font Info:    External font `cmex10' loaded for size
(Font)              <8> on input line 97.
LaTeX Font Info:    External font `cmex10' loaded for size
(Font)              <6> on input line 97.
File: QUcover-logo.eps Graphic file (type eps)
 <QUcover-logo.eps>
LaTeX Font Info:    Font shape `JT1/mc/bx/n' in size <12> not available
(Font)              Font shape `JT1/gt/m/n' tried instead on input line 97.
LaTeX Font Info:    Font shape `JY1/mc/bx/n' in size <12> not available
(Font)              Font shape `JY1/gt/m/n' tried instead on input line 97.
LaTeX Font Info:    Font shape `OT1/phv/bx/n' in size <12> not available
(Font)              Font shape `OT1/phv/b/n' tried instead on input line 97.
File: vdmtools-logo.eps Graphic file (type eps)

<vdmtools-logo.eps> [1

]

LaTeX Font Warning: Font shape `JT1/mc/m/sl' undefined
(Font)              using `JT1/mc/m/n' instead on input line 97.


LaTeX Font Warning: Font shape `JY1/mc/m/sl' undefined
(Font)              using `JY1/mc/m/n' instead on input line 97.


Overfull \hbox (16.44855pt too wide) in paragraph at lines 97--97
[][] 
 []


LaTeX Font Warning: Font shape `JT1/mc/m/it' undefined
(Font)              using `JT1/mc/m/n' instead on input line 97.


LaTeX Font Warning: Font shape `JY1/mc/m/it' undefined
(Font)              using `JY1/mc/m/n' instead on input line 97.

LaTeX Font Info:    Try loading font information for OMS+cmr on input line 97.
(/opt/texlive/2015/texmf-dist/tex/latex/base/omscmr.fd
File: omscmr.fd 2014/09/29 v2.5h Standard LaTeX font definitions
)
LaTeX Font Info:    Font shape `OMS/cmr/m/n' in size <14.4> not available
(Font)              Font shape `OMS/cmsy/m/n' tried instead on input line 97.

Overfull \hbox (9.3202pt too wide) in paragraph at lines 97--97
[][] 
 []

[2]
LaTeX Font Info:    Font shape `JT1/mc/bx/n' in size <17.28> not available
(Font)              Font shape `JT1/gt/m/n' tried instead on input line 97.
LaTeX Font Info:    Font shape `JY1/mc/bx/n' in size <17.28> not available
(Font)              Font shape `JY1/gt/m/n' tried instead on input line 97.
 (./cgmanpp_a4J.toc [1])
\tf@toc=\write5
\openout5 = `cgmanpp_a4J.toc'.

 [2]

LaTeX Font Warning: Font shape `JT1/gt/m/it' undefined
(Font)              using `JT1/gt/m/n' instead on input line 122.


LaTeX Font Warning: Font shape `JY1/gt/m/it' undefined
(Font)              using `JY1/gt/m/n' instead on input line 122.

[1]
LaTeX Font Info:    Font shape `JT1/mc/bx/n' in size <14.4> not available
(Font)              Font shape `JT1/gt/m/n' tried instead on input line 168.
LaTeX Font Info:    Font shape `JY1/mc/bx/n' in size <14.4> not available
(Font)              Font shape `JY1/gt/m/n' tried instead on input line 168.
LaTeX Font Info:    External font `cmex10' loaded for size
(Font)              <7> on input line 175.
LaTeX Font Info:    External font `cmex10' loaded for size
(Font)              <5> on input line 175.
 [2]
File: figures/cplusplus.png Graphic file (type bmp)
 <figures/cplusplus.png>
File: figures/cgpp1.png Graphic file (type bmp)
 <figures/cgpp1.png> [3]
File: figures/cgpp2.png Graphic file (type bmp)
 <figures/cgpp2.png>
File: figures/cgpp3.png Graphic file (type bmp)

<figures/cgpp3.png>
File: figures/cgpp4.png Graphic file (type bmp)
 <figures/cgpp4.png> [4] [5]
LaTeX Font Info:    Font shape `OMS/cmr/m/n' in size <12> not available
(Font)              Font shape `OMS/cmsy/m/n' tried instead on input line 297.
 [6] [7] [8] [9] [10] [11]
Underfull \hbox (badness 10000) in paragraph at lines 559--559
[]\OT1/cmtt/m/n/12 <Classname>.h
 []


Underfull \hbox (badness 10000) in paragraph at lines 559--559
\OT1/cmtt/m/n/12 <Classname>.cc
 []


Underfull \hbox (badness 10000) in paragraph at lines 559--559
\OT1/cmtt/m/n/12 <Classname>[]anonym.h
 []


Underfull \hbox (badness 10000) in paragraph at lines 566--566
[]\OT1/cmtt/m/n/12 <Classname>[]userdef.h
 []

[12] [13] [14] [15]
Overfull \hbox (12.00993pt too wide) in paragraph at lines 774--774
 []\OT1/cmtt/m/n/12 type_ref_SortMachine smach (ObjectRef (new vdm_SortMachine 
()));[] 
 []

[16] [17] [18]
Overfull \hbox (13.72081pt too wide) in paragraph at lines 902--907
[]\JY1/mc/m/it/12 生成コ ード関数を手書き関数と置き換えるために 、 この関数は $
\OT1/cmtt/m/n/12 MergeSort _ userimpl .
 []


Overfull \hbox (5.83493pt too wide) in paragraph at lines 918--918
 []   \OT1/cmtt/m/n/12 // implemented file is a presumption and this line shoul
d be[] 
 []


Overfull \hbox (5.83493pt too wide) in paragraph at lines 918--918
 []   \OT1/cmtt/m/n/12 //  the MergeSorter function in class MergeSort is handc
oded[] 
 []

[19] [20] [21] [22] [23] [24] [25] [26] [27] [28] [29] [30] [31]
Overfull \hbox (22.70927pt too wide) in paragraph at lines 1506--1510
[]\JY1/mc/m/it/12 最初の問題は 、 $\OT1/cmtt/m/n/12 <[]Class$ $Name >[] _anonym
$$<[]Class$ $Name >[] _anonym . h$$<[]ClassName >[] _anonym .
 []

[32] [33] [34] [35]
Overfull \hbox (6.9846pt too wide) in paragraph at lines 1710--1710
 []\OT1/cmtt/m/n/12 Real TYPE_M_A::get_c() const { return (Real) GetField(1); }
[] 
 []

[36]
Overfull \hbox (0.8096pt too wide) in paragraph at lines 1741--1741
 []  \OT1/cmtt/m/n/12 const char * GetTypeName() const { return "type_ir2P"; }[
] 
 []

[37]
Overfull \hbox (3.10284pt too wide) in paragraph at lines 1913--1914
[]\OT1/cmr/m/n/12 VDM++ \JY1/mc/m/it/12 と \OT1/cmr/m/n/12 C++ \JY1/mc/m/it/12 
の型システムは 、  \OT1/cmr/m/n/12 C++ \JY1/mc/m/it/12 が名前等価を用いるのに対
して \OT1/cmr/m/n/12 VDM++
 []

[38]
Underfull \hbox (badness 1320) in paragraph at lines 2042--2042
[]|\OT1/cmtt/m/n/12 int * char * sequence of real \JY1/mc/m/it/12 は
 []


Underfull \vbox (badness 10000) detected at line 2051
 []

[39] [40]
Overfull \hbox (20.59526pt too wide) in paragraph at lines 2101--2102
[]\OT1/cmr/m/n/12 VDM++ \JY1/mc/m/it/12 クラス $\OT1/cmtt/m/n/12 ExplSort$ \JY1
/mc/m/it/12 内の操作定義 $\OT1/cmtt/m/n/12 Sort$ \JY1/mc/m/it/12 は明示的であり
、 結果として $\OT1/cmtt/m/n/12 ExplSort .
 []

[41] [42] [43] [44] [45] [46]
Overfull \hbox (12.19255pt too wide) in paragraph at lines 2303--2305
\JY1/mc/m/it/12 変数の初期化は 、 生成され \OT1/cmr/m/n/12 ".cc" \JY1/mc/m/it/1
2 フ ァ イル内で初期化された \OT1/cmr/m/n/12 C++ $\OT1/cmtt/m/n/12 Init _ <[]Cl
assName>[]$
 []

[47] [48] [49] (./cgmanpp_a4J.bbl) [50] (./lib/cg.h [51]) (./lib/cg_aux.h
[52]) (./sort-expp/DoSort_userdef.h) (./sort-expp/ExplSort_userdef.h)
(./sort-expp/ImplSort_userdef.h) (./sort-expp/MergeSort_userdef.h)
(./sort-expp/SortMachine_userdef.h [53]) (./sort-expp/Sorter_userdef.h)
(./sort-expp/ImplSort_userimpl.cc [54]) (./sort-expp/sort_pp.cc [55]
Overfull \hbox (186.41034pt too wide) in paragraph at lines 27--27
[]  \OT1/cmtt/m/n/12 type_iL arr1 (mk_sequence(Int(3), Int(5), Int(2), Int(23),
 Int(1), Int(42), Int(98), Int(31)));[] 
 []


Overfull \hbox (1.16025pt too wide) in paragraph at lines 38--38
[]  \OT1/cmtt/m/n/12 wcout << L"Evaluating DoSort(" << arr1.ascii () << L"):" <
< endl;[] 
 []


Overfull \hbox (13.51025pt too wide) in paragraph at lines 45--45
[]  \OT1/cmtt/m/n/12 wcout << L"Evaluating ExplSort(" << arr2.ascii () << L"):"
 << endl;[] 
 []


Overfull \hbox (1.16025pt too wide) in paragraph at lines 47--47
[]  \OT1/cmtt/m/n/12 res = ObjGet_vdm_SortMachine(smach)->vdm_SetAndSort (expls
,arr2);[] 
 []

[56]
Overfull \hbox (13.51025pt too wide) in paragraph at lines 54--54
[]  \OT1/cmtt/m/n/12 wcout << L"Evaluating ImplSort(" << arr2.ascii () << L"):"
 << endl;[] 
 []


Overfull \hbox (19.68526pt too wide) in paragraph at lines 60--60
[]  \OT1/cmtt/m/n/12 Bool p = ObjGet_vdm_ImplSort(imps)->vdm_post_ImplSorter (a
rr2, res);[] 
 []


Overfull \hbox (124.66031pt too wide) in paragraph at lines 61--61
[]  \OT1/cmtt/m/n/12 wcout << L"post_ImplSort(" << arr2.ascii () << L"," << res
.ascii () << L"):" << endl;[] 
 []


Overfull \hbox (19.68526pt too wide) in paragraph at lines 70--70
[]  \OT1/cmtt/m/n/12 wcout << L"Evaluating MergeSort(" << arr2.ascii () << L"):
" << endl;[] 
 []

) [57] (./sort-expp/Makefile
Overfull \hbox (32.03526pt too wide) in paragraph at lines 10--10
[]\OT1/cmtt/m/n/12 # REMEMBER to change the variable TBDIR to fit your director
y structure.[] 
 []

[58] [59]
Overfull \hbox (1.16025pt too wide) in paragraph at lines 74--74
[]\OT1/cmtt/m/n/12 LIB     = -L$(TBDIR)/cg/lib -lCG -lvdm -lm -L/usr/local/lib 
-liconv[] 
 []


Overfull \hbox (44.38527pt too wide) in paragraph at lines 94--94
[]             \OT1/cmtt/m/n/12 ExplSort.cc ExplSort.h ExplSort_anonym.cc ExplS
ort_anonym.h \[] 
 []


Overfull \hbox (44.38527pt too wide) in paragraph at lines 95--95
[]             \OT1/cmtt/m/n/12 ImplSort.cc ImplSort.h ImplSort_anonym.cc ImplS
ort_anonym.h \[] 
 []


Overfull \hbox (69.08528pt too wide) in paragraph at lines 96--96
[]             \OT1/cmtt/m/n/12 MergeSort.cc MergeSort.h MergeSort_anonym.cc Me
rgeSort_anonym.h \[] 
 []


Overfull \hbox (69.08528pt too wide) in paragraph at lines 98--98
[]     \OT1/cmtt/m/n/12 SortMachine.cc SortMachine.h SortMachine_anonym.cc Sort
Machine_anonym.h \[] 
 []

[60]
Overfull \hbox (1.16025pt too wide) in paragraph at lines 111--111
[]        \OT1/cmtt/m/n/12 ImplSort_anonym.cc CGBase.h Sorter.h ImplSort_userim
pl.cc \[] 
 []


Overfull \hbox (87.61029pt too wide) in paragraph at lines 125--125
[]\OT1/cmtt/m/n/12 javac -J-Dfile.encoding=UTF-8 -encoding UTF8 -classpath ../.
./javacg/VDM.jar:. $<[] 
 []

[61] [62]) (./sort-expp/Makefile.winnt
Overfull \hbox (87.61029pt too wide) in paragraph at lines 21--21
[]\OT1/cmtt/m/n/12 LDFLAGS = /nologo "$(WTBDIR)/cg/lib/CG.lib" "$(WTBDIR)/cg/li
b/vdm.lib" user32.lib[] 
 []

[63]
Overfull \hbox (1.16025pt too wide) in paragraph at lines 25--25
[]\OT1/cmtt/m/n/12 CGSOURCES = DoSort.cpp DoSort.h DoSort_anonym.cpp DoSort_ano
nym.h \[] 
 []


Overfull \hbox (56.73528pt too wide) in paragraph at lines 26--26
[]             \OT1/cmtt/m/n/12 ExplSort.cpp ExplSort.h ExplSort_anonym.cpp Exp
lSort_anonym.h \[] 
 []


Overfull \hbox (56.73528pt too wide) in paragraph at lines 27--27
[]             \OT1/cmtt/m/n/12 ImplSort.cpp ImplSort.h ImplSort_anonym.cpp Imp
lSort_anonym.h \[] 
 []


Overfull \hbox (25.86026pt too wide) in paragraph at lines 29--29
[]             \OT1/cmtt/m/n/12 MergeSort_anonym.h Sorter.cpp Sorter.h Sorter_a
nonym.cpp \[] 
 []


Overfull \hbox (56.73528pt too wide) in paragraph at lines 31--31
[]             \OT1/cmtt/m/n/12 SortMachine_anonym.cpp SortMachine_anonym.h CGB
ase.cpp CGBase.h[] 
 []


Overfull \hbox (1.16025pt too wide) in paragraph at lines 42--42
[]\OT1/cmtt/m/n/12 DoSort.obj: DoSort.cpp DoSort.h DoSort_anonym.h DoSort_anony
m.cpp \[] 
 []

[64] [65])
Package atveryend Info: Empty hook `BeforeClearDocument' on input line 2604.
 [66]
Package atveryend Info: Empty hook `AfterLastShipout' on input line 2604.
 (./cgmanpp_a4J.aux)
Package atveryend Info: Empty hook `AtVeryEndDocument' on input line 2604.
Package atveryend Info: Empty hook `AtEndAfterFileList' on input line 2604.


LaTeX Font Warning: Some font shapes were not available, defaults substituted.

Package atveryend Info: Empty hook `AtVeryVeryEnd' on input line 2604.
 ) 
Here is how much of TeX's memory you used:
 6595 strings out of 493777
 90016 string characters out of 6153458
 201234 words of memory out of 5000000
 9916 multiletter control sequences out of 15000+600000
 25138 words of font info for 94 fonts, out of 8000000 for 9000
 929 hyphenation exceptions out of 8191
 36i,17n,45p,322b,611s stack positions out of 5000i,500n,10000p,200000b,80000s

Output written on cgmanpp_a4J.dvi (70 pages, 215076 bytes).
