This is pdfTeX, Version 3.14159265-2.6-1.40.16 (TeX Live 2015) (preloaded format=pdflatex 2016.8.15)  16 AUG 2016 19:35
entering extended mode
 restricted \write18 enabled.
 %&-line parsing enabled.
**langmanpp_a4E.tex
(./langmanpp_a4E.tex
LaTeX2e <2015/01/01>
Babel <3.9l> and hyphenation patterns for 79 languages loaded.
(/opt/texlive/2015/texmf-dist/tex/latex/base/article.cls
Document Class: article 2014/09/29 v1.4h Standard LaTeX document class
(/opt/texlive/2015/texmf-dist/tex/latex/base/size12.clo
File: size12.clo 2014/09/29 v1.4h Standard LaTeX file (size option)
)
\c@part=\count79
\c@section=\count80
\c@subsection=\count81
\c@subsubsection=\count82
\c@paragraph=\count83
\c@subparagraph=\count84
\c@figure=\count85
\c@table=\count86
\abovecaptionskip=\skip41
\belowcaptionskip=\skip42
\bibindent=\dimen102
) (./toolbox.sty
Package: toolbox 1998/10/05 Toolbox Style. V1.2

(/opt/texlive/2015/texmf-dist/tex/latex/fancyhdr/fancyhdr.sty
\fancy@headwidth=\skip43
\f@ncyO@elh=\skip44
\f@ncyO@erh=\skip45
\f@ncyO@olh=\skip46
\f@ncyO@orh=\skip47
\f@ncyO@elf=\skip48
\f@ncyO@erf=\skip49
\f@ncyO@olf=\skip50
\f@ncyO@orf=\skip51
)
(/opt/texlive/2015/texmf-dist/tex/latex/graphics/graphicx.sty
Package: graphicx 2014/10/28 v1.0g Enhanced LaTeX Graphics (DPC,SPQR)

(/opt/texlive/2015/texmf-dist/tex/latex/graphics/keyval.sty
Package: keyval 2014/10/28 v1.15 key=value parser (DPC)
\KV@toks@=\toks14
)
(/opt/texlive/2015/texmf-dist/tex/latex/graphics/graphics.sty
Package: graphics 2014/10/28 v1.0p Standard LaTeX Graphics (DPC,SPQR)

(/opt/texlive/2015/texmf-dist/tex/latex/graphics/trig.sty
Package: trig 1999/03/16 v1.09 sin cos tan (DPC)
)
(/opt/texlive/2015/texmf-dist/tex/latex/latexconfig/graphics.cfg
File: graphics.cfg 2010/04/23 v1.9 graphics configuration of TeX Live
)
Package graphics Info: Driver file: pdftex.def on input line 94.

(/opt/texlive/2015/texmf-dist/tex/latex/pdftex-def/pdftex.def
File: pdftex.def 2011/05/27 v0.06d Graphics/color for pdfTeX

(/opt/texlive/2015/texmf-dist/tex/generic/oberdiek/infwarerr.sty
Package: infwarerr 2010/04/08 v1.3 Providing info/warning/error messages (HO)
)
(/opt/texlive/2015/texmf-dist/tex/generic/oberdiek/ltxcmds.sty
Package: ltxcmds 2011/11/09 v1.22 LaTeX kernel commands for general use (HO)
)
\Gread@gobject=\count87
))
\Gin@req@height=\dimen103
\Gin@req@width=\dimen104
)
(/opt/texlive/2015/texmf-dist/tex/latex/graphics/color.sty
Package: color 2014/10/28 v1.1a Standard LaTeX Color (DPC)

(/opt/texlive/2015/texmf-dist/tex/latex/latexconfig/color.cfg
File: color.cfg 2007/01/18 v1.5 color configuration of teTeX/TeXLive
)
Package color Info: Driver file: pdftex.def on input line 142.
)
(/opt/texlive/2015/texmf-dist/tex/latex/psnfss/pifont.sty
Package: pifont 2005/04/12 PSNFSS-v9.2a Pi font support (SPQR) 
LaTeX Font Info:    Try loading font information for U+pzd on input line 63.

(/opt/texlive/2015/texmf-dist/tex/latex/psnfss/upzd.fd
File: upzd.fd 2001/06/04 font definitions for U/pzd.
)
LaTeX Font Info:    Try loading font information for U+psy on input line 64.

(/opt/texlive/2015/texmf-dist/tex/latex/psnfss/upsy.fd
File: upsy.fd 2001/06/04 font definitions for U/psy.
))
(/opt/texlive/2015/texmf-dist/tex/latex/rotating/rotating.sty
Package: rotating 2009/03/28 v2.16a rotated objects in LaTeX

(/opt/texlive/2015/texmf-dist/tex/latex/base/ifthen.sty
Package: ifthen 2014/09/29 v1.1c Standard LaTeX ifthen package (DPC)
)
\c@r@tfl@t=\count88
\rotFPtop=\skip52
\rotFPbot=\skip53
\rot@float@box=\box26
\rot@mess@toks=\toks15
)
\ToolboxLogo=\box27

<QU-logo.jpg, id=1, 347.2975pt x 62.2325pt>
File: QU-logo.jpg Graphic file (type jpg)
 <use QU-logo.jpg>
Package pdftex.def Info: QU-logo.jpg used on input line 81.
(pdftex.def)             Requested size: 347.29665pt x 62.23235pt.
\aabox=\box28
)
(../../doc/latex/vdmsl-2e.sty
BSI VDM SL style option <96/05/07> version 1.1.35b for LaTeX2e
This version of the macros contains some changes
which are not backwards compatible with previous
versions. See sections 6.4.10, 12.4.1 and 12.4.2
of the user guide.
Also see sections 5.4.1, 5.5.1, 5.5.7 and 5.6.1
\symAMSa=\mathgroup4
\symAMSb=\mathgroup5
LaTeX Font Info:    Redeclaring math alphabet \mathit on input line 114.
LaTeX Font Info:    Overwriting math alphabet `\mathit' in version `normal'
(Font)                  OT1/cmr/m/it --> OT1/cmr/m/it on input line 114.
LaTeX Font Info:    Overwriting math alphabet `\mathit' in version `bold'
(Font)                  OT1/cmr/bx/it --> OT1/cmr/m/it on input line 114.
\w@Rindent=\dimen105
\c@module=\count89
\c@outer=\count90
\c@inner=\count91
\w@outer=\dimen106
\w@inner=\dimen107
\wi@ln=\dimen108
\w@small@indent=\dimen109
\w@Indent=\dimen110
\w@IIndent=\dimen111
\w@IIIndent=\dimen112
\w@DIndent=\dimen113
\wi@indent=\dimen114
\endMacroSkip=\skip54
\wi@id=\dimen115
\wi@blo=\dimen116
\wi@sep=\dimen117
\wi@old@indent=\dimen118
\wi@w@blo=\dimen119
\t@bl@one=\toks16
\tmp@box=\box29
\t@ModuleName=\toks17
\preModuleSkip=\skip55
\postModuleSkip=\skip56
\preInterfaceSkip=\skip57
\postInterfaceSkip=\skip58
\preFromSkip=\skip59
\preInstanceSkip=\skip60
\preModulesignatureSkip=\skip61
\preDefinitionsSkip=\skip62
\postDefinitionsSkip=\skip63
\preTypesdefSkip=\skip64
\postTypesdefSkip=\skip65
\preTypeSkip=\skip66
\postTypeSkip=\skip67
\preStatedefSkip=\skip68
\postStatedefSkip=\skip69
\preInvfnSkip=\skip70
\postInvfnSkip=\skip71
\preInitfnSkip=\skip72
\preValuesdefSkip=\skip73
\postValuesdefSkip=\skip74
\preValdefSkip=\skip75
\postValdefSkip=\skip76
\preValueSkip=\skip77
\postValueSkip=\skip78
\preFuncdefSkip=\skip79
\postFuncdefSkip=\skip80
\preFndefSkip=\skip81
\postFndefSkip=\skip82
\preFnSkip=\skip83
\postFnSkip=\skip84
\t@fnop@name=\toks18
\postSignatureSkip=\skip85
\prePrecondSkip=\skip86
\prePostcondSkip=\skip87
\preOperdefSkip=\skip88
\postOperdefSkip=\skip89
\preOpdefSkip=\skip90
\postOpdefSkip=\skip91
\preOpSkip=\skip92
\postOpSkip=\skip93
\wi@wr=\dimen120
\preExceptionsSkip=\skip94
\preStmtSkip=\skip95
\postStmtSkip=\skip96
\preExprSkip=\skip97
\postExprSkip=\skip98
\wi@q@expr=\dimen121
\car@out=\dimen122
\coun@car@out=\count92
\old@indent=\dimen123
\old@expr=\dimen124
\w@AnnIndent=\dimen125
\wi@ann=\dimen126
\wi@ainn=\dimen127
\AnnSkip=\skip99
\preAnnotationsSkip=\skip100
\postAnnotationsSkip=\skip101
\@expr@box=\box30
\wi@expr=\dimen128
\preProofSkip=\skip102
\postProofSkip=\skip103
\w@ProofIndent=\dimen129
\w@ProofNumber=\dimen130
\@indentLevel=\count93
\@indentCount=\count94
) (/opt/texlive/2015/texmf-dist/tex/latex/base/makeidx.sty
Package: makeidx 2014/09/29 v1.0m Standard LaTeX package
)
(/opt/texlive/2015/texmf-dist/tex/latex/base/alltt.sty
Package: alltt 1997/06/16 v2.0g defines alltt environment
)
(/home/yomori/lib/tex/macros/here.sty)
(/opt/texlive/2015/texmf-dist/tex/latex/float/float.sty
Package: float 2001/11/08 v1.3d Float enhancements (AL)
\c@float@type=\count95
\float@exts=\toks19
\float@box=\box31
\@float@everytoks=\toks20
\@floatcapt=\box32
)
(/opt/texlive/2015/texmf-dist/tex/latex/tools/array.sty
Package: array 2014/10/28 v2.4c Tabular extension package (FMi)
\col@sep=\dimen131
\extrarowheight=\dimen132
\NC@list=\toks21
\extratabsurround=\skip104
\backup@length=\skip105
)
(/opt/texlive/2015/texmf-dist/tex/latex/tools/longtable.sty
Package: longtable 2014/10/28 v4.11 Multi-page Table package (DPC)
\LTleft=\skip106
\LTright=\skip107
\LTpre=\skip108
\LTpost=\skip109
\LTchunksize=\count96
\LTcapwidth=\dimen133
\LT@head=\box33
\LT@firsthead=\box34
\LT@foot=\box35
\LT@lastfoot=\box36
\LT@cols=\count97
\LT@rows=\count98
\c@LT@tables=\count99
\c@LT@chunks=\count100
\LT@p@ftn=\toks22
)
(/opt/texlive/2015/texmf-dist/tex/latex/hyperref/hyperref.sty
Package: hyperref 2012/11/06 v6.83m Hypertext links for LaTeX

(/opt/texlive/2015/texmf-dist/tex/generic/oberdiek/hobsub-hyperref.sty
Package: hobsub-hyperref 2012/05/28 v1.13 Bundle oberdiek, subset hyperref (HO)


(/opt/texlive/2015/texmf-dist/tex/generic/oberdiek/hobsub-generic.sty
Package: hobsub-generic 2012/05/28 v1.13 Bundle oberdiek, subset generic (HO)
Package: hobsub 2012/05/28 v1.13 Construct package bundles (HO)
Package hobsub Info: Skipping package `infwarerr' (already loaded).
Package hobsub Info: Skipping package `ltxcmds' (already loaded).
Package: ifluatex 2010/03/01 v1.3 Provides the ifluatex switch (HO)
Package ifluatex Info: LuaTeX not detected.
Package: ifvtex 2010/03/01 v1.5 Detect VTeX and its facilities (HO)
Package ifvtex Info: VTeX not detected.
Package: intcalc 2007/09/27 v1.1 Expandable calculations with integers (HO)
Package: ifpdf 2011/01/30 v2.3 Provides the ifpdf switch (HO)
Package ifpdf Info: pdfTeX in PDF mode is detected.
Package: etexcmds 2011/02/16 v1.5 Avoid name clashes with e-TeX commands (HO)
Package etexcmds Info: Could not find \expanded.
(etexcmds)             That can mean that you are not using pdfTeX 1.50 or
(etexcmds)             that some package has redefined \expanded.
(etexcmds)             In the latter case, load this package earlier.
Package: kvsetkeys 2012/04/25 v1.16 Key value parser (HO)
Package: kvdefinekeys 2011/04/07 v1.3 Define keys (HO)
Package: pdftexcmds 2011/11/29 v0.20 Utility functions of pdfTeX for LuaTeX (HO
)
Package pdftexcmds Info: LuaTeX not detected.
Package pdftexcmds Info: \pdf@primitive is available.
Package pdftexcmds Info: \pdf@ifprimitive is available.
Package pdftexcmds Info: \pdfdraftmode found.
Package: pdfescape 2011/11/25 v1.13 Implements pdfTeX's escape features (HO)
Package: bigintcalc 2012/04/08 v1.3 Expandable calculations on big integers (HO
)
Package: bitset 2011/01/30 v1.1 Handle bit-vector datatype (HO)
Package: uniquecounter 2011/01/30 v1.2 Provide unlimited unique counter (HO)
)
Package hobsub Info: Skipping package `hobsub' (already loaded).
Package: letltxmacro 2010/09/02 v1.4 Let assignment for LaTeX macros (HO)
Package: hopatch 2012/05/28 v1.2 Wrapper for package hooks (HO)
Package: xcolor-patch 2011/01/30 xcolor patch
Package: atveryend 2011/06/30 v1.8 Hooks at the very end of document (HO)
Package atveryend Info: \enddocument detected (standard20110627).
Package: atbegshi 2011/10/05 v1.16 At begin shipout hook (HO)
Package: refcount 2011/10/16 v3.4 Data extraction from label references (HO)
Package: hycolor 2011/01/30 v1.7 Color options for hyperref/bookmark (HO)
)
(/home/yomori/lib/tex/macros/ifxetex.sty
Package: ifxetex 2008/09/18 v0.4 Provides ifxetex conditional
)
(/opt/texlive/2015/texmf-dist/tex/latex/oberdiek/auxhook.sty
Package: auxhook 2011/03/04 v1.3 Hooks for auxiliary files (HO)
)
(/opt/texlive/2015/texmf-dist/tex/latex/oberdiek/kvoptions.sty
Package: kvoptions 2011/06/30 v3.11 Key value format for package options (HO)
)
\@linkdim=\dimen134
\Hy@linkcounter=\count101
\Hy@pagecounter=\count102

(/opt/texlive/2015/texmf-dist/tex/latex/hyperref/pd1enc.def
File: pd1enc.def 2012/11/06 v6.83m Hyperref: PDFDocEncoding definition (HO)
)
\Hy@SavedSpaceFactor=\count103

(/opt/texlive/2015/texmf-dist/tex/latex/latexconfig/hyperref.cfg
File: hyperref.cfg 2002/06/06 v1.2 hyperref configuration of TeXLive
)
Package hyperref Info: Option `bookmarks' set `true' on input line 4319.
Package hyperref Info: Option `bookmarksnumbered' set `true' on input line 4319
.
Package hyperref Info: Option `colorlinks' set `true' on input line 4319.
Package hyperref Info: Option `plainpages' set `true' on input line 4319.
Package hyperref Info: Hyper figures OFF on input line 4443.
Package hyperref Info: Link nesting OFF on input line 4448.
Package hyperref Info: Hyper index ON on input line 4451.
Package hyperref Info: Plain pages ON on input line 4456.
Package hyperref Info: Backreferencing OFF on input line 4463.
Package hyperref Info: Implicit mode ON; LaTeX internals redefined.
Package hyperref Info: Bookmarks ON on input line 4688.
\c@Hy@tempcnt=\count104

(/opt/texlive/2015/texmf-dist/tex/latex/url/url.sty
\Urlmuskip=\muskip10
Package: url 2013/09/16  ver 3.4  Verb mode for urls, etc.
)
LaTeX Info: Redefining \url on input line 5041.
\XeTeXLinkMargin=\dimen135
\Fld@menulength=\count105
\Field@Width=\dimen136
\Fld@charsize=\dimen137
Package hyperref Info: Hyper figures OFF on input line 6295.
Package hyperref Info: Link nesting OFF on input line 6300.
Package hyperref Info: Hyper index ON on input line 6303.
Package hyperref Info: backreferencing OFF on input line 6310.
Package hyperref Info: Link coloring ON on input line 6313.
Package hyperref Info: Link coloring with OCG OFF on input line 6320.
Package hyperref Info: PDF/A mode OFF on input line 6325.
LaTeX Info: Redefining \ref on input line 6365.
LaTeX Info: Redefining \pageref on input line 6369.
\Hy@abspage=\count106
\c@Item=\count107
\c@Hfootnote=\count108
)

Package hyperref Message: Driver: hpdftex.

(/opt/texlive/2015/texmf-dist/tex/latex/hyperref/hpdftex.def
File: hpdftex.def 2012/11/06 v6.83m Hyperref driver for pdfTeX
\Fld@listcount=\count109
\c@bookmark@seq@number=\count110

(/opt/texlive/2015/texmf-dist/tex/latex/oberdiek/rerunfilecheck.sty
Package: rerunfilecheck 2011/04/15 v1.7 Rerun checks for auxiliary files (HO)
Package uniquecounter Info: New unique counter `rerunfilecheck' on input line 2
82.
)
\Hy@SectionHShift=\skip110
)
(../../doc/latex/vpp.sty
VDM++ style option <13/03/13> version 2.0
\@rbl=\dimen138
LaTeX Font Info:    External font `cmex10' loaded for size
(Font)              <12> on input line 91.
LaTeX Font Info:    External font `cmex10' loaded for size
(Font)              <8> on input line 91.
LaTeX Font Info:    External font `cmex10' loaded for size
(Font)              <6> on input line 91.
\preClassSkip=\skip111
\postClassSkip=\skip112
\preInhDefSkip=\skip113
\postInhDefSkip=\skip114
\preInstVarSkip=\skip115
\postInstVarSkip=\skip116
\preVarDclSkip=\skip117
\postVarDclSkip=\skip118
\preInstInitSkip=\skip119
\postInstInitSkip=\skip120
\preinstInvfnSkip=\skip121
\postinstInvfnSkip=\skip122
\preMethDefSkip=\skip123
\postMethDefSkip=\skip124
\preMethodSkip=\skip125
\postMethodSkip=\skip126
\t@fnop@name=\toks23
\@sbl=\dimen139
\@topology=\dimen140
\preSyncDefSkip=\skip127
\postSyncDefSkip=\skip128
\preThreadSkip=\skip129
\postThreadSkip=\skip130
\preThreadSkip=\skip131
\postThreadSkip=\skip132
\preTimePostSkip=\skip133
\postTimePostSkip=\skip134
\preTimeVarSkip=\skip135
\postTimeVarSkip=\skip136
\preTimeVarDclSkip=\skip137
\postTimeVarDclSkip=\skip138
\preAssumptionSkip=\skip139
\postAssumptionSkip=\skip140
\preEffectSkip=\skip141
\postEffectSkip=\skip142
)
\@indexfile=\write3
\openout3 = `langmanpp_a4E.idx'.


Writing index file langmanpp_a4E.idx
\nonstandlen=\skip143
(./langmanpp_a4E.aux)
\openout1 = `langmanpp_a4E.aux'.

LaTeX Font Info:    Checking defaults for OML/cmm/m/it on input line 181.
LaTeX Font Info:    ... okay on input line 181.
LaTeX Font Info:    Checking defaults for T1/cmr/m/n on input line 181.
LaTeX Font Info:    ... okay on input line 181.
LaTeX Font Info:    Checking defaults for OT1/cmr/m/n on input line 181.
LaTeX Font Info:    ... okay on input line 181.
LaTeX Font Info:    Checking defaults for OMS/cmsy/m/n on input line 181.
LaTeX Font Info:    ... okay on input line 181.
LaTeX Font Info:    Checking defaults for OMX/cmex/m/n on input line 181.
LaTeX Font Info:    ... okay on input line 181.
LaTeX Font Info:    Checking defaults for U/cmr/m/n on input line 181.
LaTeX Font Info:    ... okay on input line 181.
LaTeX Font Info:    Checking defaults for PD1/pdf/m/n on input line 181.
LaTeX Font Info:    ... okay on input line 181.

(/opt/texlive/2015/texmf-dist/tex/context/base/supp-pdf.mkii
[Loading MPS to PDF converter (version 2006.09.02).]
\scratchcounter=\count111
\scratchdimen=\dimen141
\scratchbox=\box37
\nofMPsegments=\count112
\nofMParguments=\count113
\everyMPshowfont=\toks24
\MPscratchCnt=\count114
\MPscratchDim=\dimen142
\MPnumerator=\count115
\makeMPintoPDFobject=\count116
\everyMPtoPDFconversion=\toks25
) (/opt/texlive/2015/texmf-dist/tex/latex/oberdiek/epstopdf-base.sty
Package: epstopdf-base 2010/02/09 v2.5 Base part for package epstopdf

(/opt/texlive/2015/texmf-dist/tex/latex/oberdiek/grfext.sty
Package: grfext 2010/08/19 v1.1 Manage graphics extensions (HO)
)
Package grfext Info: Graphics extension search list:
(grfext)             [.png,.pdf,.eps]
(grfext)             \AppendGraphicsExtensions on input line 452.

(/opt/texlive/2015/texmf-dist/tex/latex/latexconfig/epstopdf-sys.cfg
File: epstopdf-sys.cfg 2010/07/13 v1.3 Configuration of (r)epstopdf for TeX Liv
e
))
\AtBeginShipoutBox=\box38
Package hyperref Info: Link coloring ON on input line 181.

(/opt/texlive/2015/texmf-dist/tex/latex/hyperref/nameref.sty
Package: nameref 2012/10/27 v2.43 Cross-referencing by name of section

(/opt/texlive/2015/texmf-dist/tex/generic/oberdiek/gettitlestring.sty
Package: gettitlestring 2010/12/03 v1.4 Cleanup title references (HO)
)
\c@section@level=\count117
)
LaTeX Info: Redefining \ref on input line 181.
LaTeX Info: Redefining \pageref on input line 181.
LaTeX Info: Redefining \nameref on input line 181.

(./langmanpp_a4E.out) (./langmanpp_a4E.out)
\@outlinefile=\write4
\openout4 = `langmanpp_a4E.out'.

LaTeX Font Info:    Try loading font information for OT1+phv on input line 188.


(/opt/texlive/2015/texmf-dist/tex/latex/psnfss/ot1phv.fd
File: ot1phv.fd 2001/06/04 scalable font definitions for OT1/phv.
)
LaTeX Font Info:    Font shape `OT1/phv/bx/n' in size <52> not available
(Font)              Font shape `OT1/phv/b/n' tried instead on input line 188.
LaTeX Font Info:    Font shape `OT1/phv/bx/n' in size <22> not available
(Font)              Font shape `OT1/phv/b/n' tried instead on input line 188.

<QUcover-logo.jpg, id=679, 150.5625pt x 156.585pt>
File: QUcover-logo.jpg Graphic file (type jpg)
 <use QUcover-logo.jpg>
Package pdftex.def Info: QUcover-logo.jpg used on input line 188.
(pdftex.def)             Requested size: 150.56212pt x 156.58461pt.
LaTeX Font Info:    Font shape `OT1/phv/bx/n' in size <12> not available
(Font)              Font shape `OT1/phv/b/n' tried instead on input line 188.

<vdmtools-logo.png, id=680, 634.37pt x 634.37pt>
File: vdmtools-logo.png Graphic file (type png)
 <use vdmtools-logo.png>
Package pdftex.def Info: vdmtools-logo.png used on input line 188.
(pdftex.def)             Requested size: 634.36844pt x 634.36844pt.

[1{/home/yomori/.texlive2015/texmf-var/fonts/map/pdftex/updmap/pdftex.map}

 <./QUcover-logo.jpg> <./vdmtools-logo.png>]
Overfull \hbox (22.52678pt too wide) in paragraph at lines 188--188
[][] 
 []

LaTeX Font Info:    Try loading font information for OMS+cmr on input line 188.

(/opt/texlive/2015/texmf-dist/tex/latex/base/omscmr.fd
File: omscmr.fd 2014/09/29 v2.5h Standard LaTeX font definitions
)
LaTeX Font Info:    Font shape `OMS/cmr/m/n' in size <14.4> not available
(Font)              Font shape `OMS/cmsy/m/n' tried instead on input line 188.

Overfull \hbox (15.39844pt too wide) in paragraph at lines 188--188
[][] 
 []

[2] (./langmanpp_a4E.toc
File: QU-logo.jpg Graphic file (type jpg)
 <use QU-logo.jpg>
Package pdftex.def Info: QU-logo.jpg used on input line 36.
(pdftex.def)             Requested size: 347.29665pt x 62.23235pt.
pdfTeX warning (ext4): destination with the same identifier (name{page.1}) has 
been already used, duplicate ignored
<to be read again> 
                   \relax 
l.36 ...}Sequence Expressions}{53}{subsection.7.8}
                                                   [1 <./QU-logo.jpg>]
File: QU-logo.jpg Graphic file (type jpg)

<use QU-logo.jpg>
Package pdftex.def Info: QU-logo.jpg used on input line 72.
(pdftex.def)             Requested size: 347.29665pt x 62.23235pt.
pdfTeX warning (ext4): destination with the same identifier (name{page.2}) has 
been already used, duplicate ignored
<to be read again> 
                   \relax 
l.72 ...andling Statements}{106}{subsection.13.11}
                                                   [2]
File: QU-logo.jpg Graphic file (type jpg)
 <use QU-logo.jpg>
Package pdftex.def Info: QU-logo.jpg used on input line 107.
(pdftex.def)             Requested size: 347.29665pt x 62.23235pt.

[3]
File: QU-logo.jpg Graphic file (type jpg)
 <use QU-logo.jpg>
Package pdftex.def Info: QU-logo.jpg used on input line 148.
(pdftex.def)             Requested size: 347.29665pt x 62.23235pt.
 [4])
\tf@toc=\write5
\openout5 = `langmanpp_a4E.toc'.

File: QU-logo.jpg Graphic file (type jpg)
 <use QU-logo.jpg>
Package pdftex.def Info: QU-logo.jpg used on input line 188.
(pdftex.def)             Requested size: 347.29665pt x 62.23235pt.
 [5]
File: QU-logo.jpg Graphic file (type jpg)
 <use QU-logo.jpg>
Package pdftex.def Info: QU-logo.jpg used on input line 188.
(pdftex.def)             Requested size: 347.29665pt x 62.23235pt.
 [6]
\kwlen=\skip144
LaTeX Font Info:    External font `cmex10' loaded for size
(Font)              <7> on input line 271.
LaTeX Font Info:    External font `cmex10' loaded for size
(Font)              <5> on input line 271.
File: QU-logo.jpg Graphic file (type jpg)

<use QU-logo.jpg>
Package pdftex.def Info: QU-logo.jpg used on input line 292.
(pdftex.def)             Requested size: 347.29665pt x 62.23235pt.
pdfTeX warning (ext4): destination with the same identifier (name{page.1}) has 
been already used, duplicate ignored
<to be read again> 
                   \relax 
l.292 
       [1]
Overfull \hbox (10.1265pt too wide) in paragraph at lines 295--315
\OT1/cmr/m/n/12 Section [][]2[][] in-di-cates how the lan-guage pre-sented here
 and the cor-re-spond-ing VDM++
 []

File: QU-logo.jpg Graphic file (type jpg)
<use QU-logo.jpg>
Package pdftex.def Info: QU-logo.jpg used on input line 348.
(pdftex.def)             Requested size: 347.29665pt x 62.23235pt.
pdfTeX warning (ext4): destination with the same identifier (name{page.2}) has 
been already used, duplicate ignored
<to be read again> 
                   \relax 
l.348 
       [2]
LaTeX Font Info:    Font shape `OMS/cmr/m/n' in size <12> not available
(Font)              Font shape `OMS/cmsy/m/n' tried instead on input line 375.
File: QU-logo.jpg Graphic file (type jpg)
 <use QU-logo.jpg>
Package pdftex.def Info: QU-logo.jpg used on input line 387.
(pdftex.def)             Requested size: 347.29665pt x 62.23235pt.
pdfTeX warning (ext4): destination with the same identifier (name{page.3}) has 
been already used, duplicate ignored
<to be read again> 
                   \relax 
l.387 \section
              {Data Type Definitions} [3]
File: QU-logo.jpg Graphic file (type jpg)
 <use QU-logo.jpg>
Package pdftex.def Info: QU-logo.jpg used on input line 419.
(pdftex.def)             Requested size: 347.29665pt x 62.23235pt.
pdfTeX warning (ext4): destination with the same identifier (name{page.4}) has 
been already used, duplicate ignored
<to be read again> 
                   \relax 
l.419 \item N
             ame of the construct. [4]
File: QU-logo.jpg Graphic file (type jpg)
 <use QU-logo.jpg>
Package pdftex.def Info: QU-logo.jpg used on input line 462.
(pdftex.def)             Requested size: 347.29665pt x 62.23235pt.
pdfTeX warning (ext4): destination with the same identifier (name{page.5}) has 
been already used, duplicate ignored
<to be read again> 
                   \relax 
l.462 \item[Name:]
                   \Index{Boolean} [5]
File: QU-logo.jpg Graphic file (type jpg)
 <use QU-logo.jpg>
Package pdftex.def Info: QU-logo.jpg used on input line 535.
(pdftex.def)             Requested size: 347.29665pt x 62.23235pt.
pdfTeX warning (ext4): destination with the same identifier (name{page.6}) has 
been already used, duplicate ignored
<to be read again> 
                   \relax 
l.535 \item[Examples:]
                       [6]
File: QU-logo.jpg Graphic file (type jpg)
 <use QU-logo.jpg>
Package pdftex.def Info: QU-logo.jpg used on input line 562.
(pdftex.def)             Requested size: 347.29665pt x 62.23235pt.
 [7]
File: QU-logo.jpg Graphic file (type jpg)
 <use QU-logo.jpg>
Package pdftex.def Info: QU-logo.jpg used on input line 642.
(pdftex.def)             Requested size: 347.29665pt x 62.23235pt.
 [8]
(./sem-numtypes.tex
File: QU-logo.jpg Graphic file (type jpg)
 <use QU-logo.jpg>
Package pdftex.def Info: QU-logo.jpg used on input line 29.
(pdftex.def)             Requested size: 347.29665pt x 62.23235pt.
 [9])
File: QU-logo.jpg Graphic file (type jpg)
 <use QU-logo.jpg>
Package pdftex.def Info: QU-logo.jpg used on input line 676.
(pdftex.def)             Requested size: 347.29665pt x 62.23235pt.
 [10]
File: QU-logo.jpg Graphic file (type jpg)

<use QU-logo.jpg>
Package pdftex.def Info: QU-logo.jpg used on input line 727.
(pdftex.def)             Requested size: 347.29665pt x 62.23235pt.
 [11]
LaTeX Font Info:    Try loading font information for OMS+cmtt on input line 773
.
LaTeX Font Info:    No file OMScmtt.fd. on input line 773.


LaTeX Font Warning: Font shape `OMS/cmtt/m/n' undefined
(Font)              using `OMS/cmsy/m/n' instead
(Font)              for symbol `textbraceleft' on input line 773.

File: QU-logo.jpg Graphic file (type jpg)
<use QU-logo.jpg>
Package pdftex.def Info: QU-logo.jpg used on input line 794.
(pdftex.def)             Requested size: 347.29665pt x 62.23235pt.
 [12]
File: QU-logo.jpg Graphic file (type jpg)
 <use QU-logo.jpg>
Package pdftex.def Info: QU-logo.jpg used on input line 838.
(pdftex.def)             Requested size: 347.29665pt x 62.23235pt.
 [13]
File: QU-logo.jpg Graphic file (type jpg)
 <use QU-logo.jpg>
Package pdftex.def Info: QU-logo.jpg used on input line 900.
(pdftex.def)             Requested size: 347.29665pt x 62.23235pt.
 [14]
(./sem-settypes.tex
Underfull \hbox (badness 10000) in paragraph at lines 32--32
[]|\OT1/cmr/m/n/12 Distributes in-ter-
 []

File: QU-logo.jpg Graphic file (type jpg)
<use QU-logo.jpg>
Package pdftex.def Info: QU-logo.jpg used on input line 39.
(pdftex.def)             Requested size: 347.29665pt x 62.23235pt.
 [15])
Overfull \hbox (3.52661pt too wide) in paragraph at lines 910--912
[]\OT1/cmr/m/n/12 Let \OT1/cmtt/m/n/12 s1 = \OMS/cmtt/m/n/12 f\OT1/cmtt/m/n/12 
<France>,<Denmark>,<SouthAfrica>,<SaudiArabia>\OMS/cmtt/m/n/12 g\OT1/cmr/m/n/12
 ,
 []

File: QU-logo.jpg Graphic file (type jpg)
<use QU-logo.jpg>
Package pdftex.def Info: QU-logo.jpg used on input line 960.
(pdftex.def)             Requested size: 347.29665pt x 62.23235pt.
 [16]
Overfull \hbox (1.53334pt too wide) in paragraph at lines 983--989
[]\OT1/cmtt/m/n/12 [e | id \OT1/cmss/m/n/12 in set \OT1/cmtt/m/n/12 S & P] \OT1
/cmr/m/n/12 con-structs a se-quence
 []


Overfull \hbox (18.66905pt too wide) in paragraph at lines 997--1019
[][][][][][][][][][][][][][][][][][][][][][][][] 
 []

(./sem-seqtypes.tex
Underfull \hbox (badness 2005) in paragraph at lines 14--15
[]|\OT1/cmr/m/n/12 yields the set of in-dexes of \OT1/cmtt/m/n/12 l\OT1/cmr/m/n
/12 , i.e. the set
 []


Underfull \hbox (badness 10000) in paragraph at lines 21--21
[]|\OT1/cmr/m/n/12 Distributed con-
 []


Underfull \hbox (badness 10000) in paragraph at lines 29--29
[]|\OT1/cmr/m/n/12 Sequence ap-pli-ca-
 []

File: QU-logo.jpg Graphic file (type jpg)
<use QU-logo.jpg>
Package pdftex.def Info: QU-logo.jpg used on input line 31.
(pdftex.def)             Requested size: 347.29665pt x 62.23235pt.
 [17])
Overfull \hbox (25.424pt too wide) in alignment at lines 1034--1057
 [] [] [] 
 []

File: QU-logo.jpg Graphic file (type jpg)
<use QU-logo.jpg>
Package pdftex.def Info: QU-logo.jpg used on input line 1073.
(pdftex.def)             Requested size: 347.29665pt x 62.23235pt.
 [18]
Overfull \hbox (20.58704pt too wide) in paragraph at lines 1107--1110
[]\OMS/cmtt/m/n/12 f\OT1/cmtt/m/n/12 a1 |-> b1, a2 |-> b2, ..., an |-> bn\OMS/c
mtt/m/n/12 g \OT1/cmr/m/n/12 con-structs
 []

File: QU-logo.jpg Graphic file (type jpg)
<use QU-logo.jpg>
Package pdftex.def Info: QU-logo.jpg used on input line 1122.
(pdftex.def)             Requested size: 347.29665pt x 62.23235pt.
 [19]
Overfull \hbox (49.64958pt too wide) in paragraph at lines 1124--1151
[][][][][][][][][][][][][][][][][][][][][][][][][][][][][][][][] 
 []

(./sem-maptypes.tex
Underfull \hbox (badness 4543) in paragraph at lines 26--26
[]|\OT1/cmr/m/n/12 Domain re-stricted
 []


Underfull \hbox (badness 4543) in paragraph at lines 29--29
[]|\OT1/cmr/m/n/12 Domain re-stricted
 []

File: QU-logo.jpg Graphic file (type jpg)
<use QU-logo.jpg>
Package pdftex.def Info: QU-logo.jpg used on input line 58.
(pdftex.def)             Requested size: 347.29665pt x 62.23235pt.
 [20])
Underfull \hbox (badness 10000) in paragraph at lines 1170--1170
\OT1/cmtt/m/n/12 <SouthAfrica>,
 []


Underfull \hbox (badness 10000) in paragraph at lines 1193--1193
\OT1/cmtt/m/n/12 <SouthAfrica> |-> 2,
 []

File: QU-logo.jpg Graphic file (type jpg)
<use QU-logo.jpg>
Package pdftex.def Info: QU-logo.jpg used on input line 1247.
(pdftex.def)             Requested size: 347.29665pt x 62.23235pt.
 [21]
File: QU-logo.jpg Graphic file (type jpg)
 <use QU-logo.jpg>
Package pdftex.def Info: QU-logo.jpg used on input line 1259.
(pdftex.def)             Requested size: 347.29665pt x 62.23235pt.
 [22]
File: QU-logo.jpg Graphic file (type jpg)
 <use QU-logo.jpg>
Package pdftex.def Info: QU-logo.jpg used on input line 1319.
(pdftex.def)             Requested size: 347.29665pt x 62.23235pt.
 [23]
File: QU-logo.jpg Graphic file (type jpg)

<use QU-logo.jpg>
Package pdftex.def Info: QU-logo.jpg used on input line 1387.
(pdftex.def)             Requested size: 347.29665pt x 62.23235pt.
 [24] (./sem-comtypes.tex
File: QU-logo.jpg Graphic file (type jpg)
 <use QU-logo.jpg>
Package pdftex.def Info: QU-logo.jpg used on input line 7.
(pdftex.def)             Requested size: 347.29665pt x 62.23235pt.
 [25])
File: QU-logo.jpg Graphic file (type jpg)

<use QU-logo.jpg>
Package pdftex.def Info: QU-logo.jpg used on input line 1497.
(pdftex.def)             Requested size: 347.29665pt x 62.23235pt.
 [26]
File: QU-logo.jpg Graphic file (type jpg)
 <use QU-logo.jpg>
Package pdftex.def Info: QU-logo.jpg used on input line 1554.
(pdftex.def)             Requested size: 347.29665pt x 62.23235pt.
 [27]
File: QU-logo.jpg Graphic file (type jpg)
 <use QU-logo.jpg>
Package pdftex.def Info: QU-logo.jpg used on input line 1634.
(pdftex.def)             Requested size: 347.29665pt x 62.23235pt.
 [28]
File: QU-logo.jpg Graphic file (type jpg)

<use QU-logo.jpg>
Package pdftex.def Info: QU-logo.jpg used on input line 1678.
(pdftex.def)             Requested size: 347.29665pt x 62.23235pt.
 [29]
File: QU-logo.jpg Graphic file (type jpg)
 <use QU-logo.jpg>
Package pdftex.def Info: QU-logo.jpg used on input line 1749.
(pdftex.def)             Requested size: 347.29665pt x 62.23235pt.
 [30]
Overfull \hbox (9.5391pt too wide) in paragraph at lines 1754--1767
[][][][][][][][][][][][] 
 []

(./sem-functypes.tex
Underfull \hbox (badness 1694) in paragraph at lines 8--8
[]|\OT1/cmr/m/n/12 Function com-po-si-
 []

)
File: QU-logo.jpg Graphic file (type jpg)
 <use QU-logo.jpg>
Package pdftex.def Info: QU-logo.jpg used on input line 1783.
(pdftex.def)             Requested size: 347.29665pt x 62.23235pt.
 [31]
File: QU-logo.jpg Graphic file (type jpg)
 <use QU-logo.jpg>
Package pdftex.def Info: QU-logo.jpg used on input line 1915.
(pdftex.def)             Requested size: 347.29665pt x 62.23235pt.
 [32]
File: QU-logo.jpg Graphic file (type jpg)
 <use QU-logo.jpg>
Package pdftex.def Info: QU-logo.jpg used on input line 1971.
(pdftex.def)             Requested size: 347.29665pt x 62.23235pt.
 [33]
File: QU-logo.jpg Graphic file (type jpg)

<use QU-logo.jpg>
Package pdftex.def Info: QU-logo.jpg used on input line 2029.
(pdftex.def)             Requested size: 347.29665pt x 62.23235pt.
 [34]
File: QU-logo.jpg Graphic file (type jpg)
 <use QU-logo.jpg>
Package pdftex.def Info: QU-logo.jpg used on input line 2094.
(pdftex.def)             Requested size: 347.29665pt x 62.23235pt.
 [35]
File: QU-logo.jpg Graphic file (type jpg)
 <use QU-logo.jpg>
Package pdftex.def Info: QU-logo.jpg used on input line 2133.
(pdftex.def)             Requested size: 347.29665pt x 62.23235pt.
 [36]
File: QU-logo.jpg Graphic file (type jpg)

<use QU-logo.jpg>
Package pdftex.def Info: QU-logo.jpg used on input line 2181.
(pdftex.def)             Requested size: 347.29665pt x 62.23235pt.
 [37]
Overfull \hbox (6.73283pt too wide) in paragraph at lines 2213--2216
\OT1/cmr/m/n/12 Before we can use the above func-tion, we have to in-stan-ti-at
e the func-tion \OT1/cmtt/m/n/12 empty[]bag
 []

File: QU-logo.jpg Graphic file (type jpg)
<use QU-logo.jpg>
Package pdftex.def Info: QU-logo.jpg used on input line 2221.
(pdftex.def)             Requested size: 347.29665pt x 62.23235pt.
 [38]
Overfull \hbox (7.0728pt too wide) in paragraph at lines 2228--2228
[]  \OT1/cmtt/m/n/12 plus_bag[@elem] : @elem * (\OT1/cmss/m/n/12 map \OT1/cmtt/
m/n/12 @elem \OT1/cmss/m/n/12 to nat1\OT1/cmtt/m/n/12 ) +> (\OT1/cmss/m/n/12 ma
p \OT1/cmtt/m/n/12 @elem \OT1/cmss/m/n/12 to nat1\OT1/cmtt/m/n/12 )[] 
 []

File: QU-logo.jpg Graphic file (type jpg)
<use QU-logo.jpg>
Package pdftex.def Info: QU-logo.jpg used on input line 2264.
(pdftex.def)             Requested size: 347.29665pt x 62.23235pt.
 [39]
File: QU-logo.jpg Graphic file (type jpg)
 <use QU-logo.jpg>
Package pdftex.def Info: QU-logo.jpg used on input line 2310.
(pdftex.def)             Requested size: 347.29665pt x 62.23235pt.
 [40]
File: QU-logo.jpg Graphic file (type jpg)
 <use QU-logo.jpg>
Package pdftex.def Info: QU-logo.jpg used on input line 2372.
(pdftex.def)             Requested size: 347.29665pt x 62.23235pt.
 [41]
Overfull \hbox (0.88776pt too wide) in paragraph at lines 2397--2402
[]\OT1/cmr/m/it/12 Let-be-such-that ex-pres-sions \OT1/cmr/m/n/12 are use-ful f
or ab-stract-ing away the non-essential
 []

File: QU-logo.jpg Graphic file (type jpg)
<use QU-logo.jpg>
Package pdftex.def Info: QU-logo.jpg used on input line 2416.
(pdftex.def)             Requested size: 347.29665pt x 62.23235pt.
 [42]
File: QU-logo.jpg Graphic file (type jpg)
 <use QU-logo.jpg>
Package pdftex.def Info: QU-logo.jpg used on input line 2469.
(pdftex.def)             Requested size: 347.29665pt x 62.23235pt.
 [43]
File: QU-logo.jpg Graphic file (type jpg)
 <use QU-logo.jpg>
Package pdftex.def Info: QU-logo.jpg used on input line 2521.
(pdftex.def)             Requested size: 347.29665pt x 62.23235pt.
 [44]
File: QU-logo.jpg Graphic file (type jpg)

<use QU-logo.jpg>
Package pdftex.def Info: QU-logo.jpg used on input line 2581.
(pdftex.def)             Requested size: 347.29665pt x 62.23235pt.
 [45]
File: QU-logo.jpg Graphic file (type jpg)
 <use QU-logo.jpg>
Package pdftex.def Info: QU-logo.jpg used on input line 2644.
(pdftex.def)             Requested size: 347.29665pt x 62.23235pt.
 [46]
File: QU-logo.jpg Graphic file (type jpg)
 <use QU-logo.jpg>
Package pdftex.def Info: QU-logo.jpg used on input line 2679.
(pdftex.def)             Requested size: 347.29665pt x 62.23235pt.
 [47]
Overfull \hbox (1.05553pt too wide) in paragraph at lines 2680--2680
 []      \OT1/cmss/m/n/12 mk[]\OT1/cmtt/m/n/12 Infix(\OT1/cmss/m/n/12 mk[]\OT1/
cmtt/m/n/12 (e1,op,e2)) -> "Infix of"[]^print_Expr(e1)^","[] 
 []

File: QU-logo.jpg Graphic file (type jpg)
<use QU-logo.jpg>
Package pdftex.def Info: QU-logo.jpg used on input line 2736.
(pdftex.def)             Requested size: 347.29665pt x 62.23235pt.
 [48]
File: QU-logo.jpg Graphic file (type jpg)
 <use QU-logo.jpg>
Package pdftex.def Info: QU-logo.jpg used on input line 2783.
(pdftex.def)             Requested size: 347.29665pt x 62.23235pt.
 [49]
File: QU-logo.jpg Graphic file (type jpg)
 <use QU-logo.jpg>
Package pdftex.def Info: QU-logo.jpg used on input line 2833.
(pdftex.def)             Requested size: 347.29665pt x 62.23235pt.
 [50]
File: QU-logo.jpg Graphic file (type jpg)

<use QU-logo.jpg>
Package pdftex.def Info: QU-logo.jpg used on input line 2889.
(pdftex.def)             Requested size: 347.29665pt x 62.23235pt.
 [51]
Overfull \hbox (15.45233pt too wide) in paragraph at lines 2920--2923
[]\OT1/cmr/m/n/12 Using the val-ues \OT1/cmtt/m/n/12 Europe=\OMS/cmtt/m/n/12 f\
OT1/cmtt/m/n/12 <France>,<England>,<Denmark>,<Spain>\OMS/cmtt/m/n/12 g
 []


Overfull \hbox (9.60081pt too wide) in paragraph at lines 2924--2948
[][] 
 []

File: QU-logo.jpg Graphic file (type jpg)
<use QU-logo.jpg>
Package pdftex.def Info: QU-logo.jpg used on input line 2948.
(pdftex.def)             Requested size: 347.29665pt x 62.23235pt.
 [52]
File: QU-logo.jpg Graphic file (type jpg)
 <use QU-logo.jpg>
Package pdftex.def Info: QU-logo.jpg used on input line 2999.
(pdftex.def)             Requested size: 347.29665pt x 62.23235pt.
 [53]
Overfull \hbox (53.61186pt too wide) in paragraph at lines 3053--3053
[]\OT1/cmss/m/n/12 mk[]\OT1/cmtt/m/n/12 Score(<Brazil>,2,0,1,6), 
 []


Overfull \hbox (53.61186pt too wide) in paragraph at lines 3053--3053
\OT1/cmss/m/n/12 mk[]\OT1/cmtt/m/n/12 Score(<Norway>,1,2,0,5)] 
 []


Overfull \hbox (8.8489pt too wide) in paragraph at lines 3034--3060
[][] 
 []

File: QU-logo.jpg Graphic file (type jpg)
<use QU-logo.jpg>
Package pdftex.def Info: QU-logo.jpg used on input line 3069.
(pdftex.def)             Requested size: 347.29665pt x 62.23235pt.
 [54]
Overfull \hbox (38.02896pt too wide) in paragraph at lines 3110--3129
[][] 
 []

File: QU-logo.jpg Graphic file (type jpg)
<use QU-logo.jpg>
Package pdftex.def Info: QU-logo.jpg used on input line 3129.
(pdftex.def)             Requested size: 347.29665pt x 62.23235pt.
 [55]
File: QU-logo.jpg Graphic file (type jpg)
 <use QU-logo.jpg>
Package pdftex.def Info: QU-logo.jpg used on input line 3185.
(pdftex.def)             Requested size: 347.29665pt x 62.23235pt.
 [56]
File: QU-logo.jpg Graphic file (type jpg)
 <use QU-logo.jpg>
Package pdftex.def Info: QU-logo.jpg used on input line 3240.
(pdftex.def)             Requested size: 347.29665pt x 62.23235pt.
 [57]
File: QU-logo.jpg Graphic file (type jpg)

<use QU-logo.jpg>
Package pdftex.def Info: QU-logo.jpg used on input line 3295.
(pdftex.def)             Requested size: 347.29665pt x 62.23235pt.
 [58]
File: QU-logo.jpg Graphic file (type jpg)
 <use QU-logo.jpg>
Package pdftex.def Info: QU-logo.jpg used on input line 3355.
(pdftex.def)             Requested size: 347.29665pt x 62.23235pt.
 [59]
File: QU-logo.jpg Graphic file (type jpg)
 <use QU-logo.jpg>
Package pdftex.def Info: QU-logo.jpg used on input line 3413.
(pdftex.def)             Requested size: 347.29665pt x 62.23235pt.
 [60]
File: QU-logo.jpg Graphic file (type jpg)

<use QU-logo.jpg>
Package pdftex.def Info: QU-logo.jpg used on input line 3462.
(pdftex.def)             Requested size: 347.29665pt x 62.23235pt.
 [61]
File: QU-logo.jpg Graphic file (type jpg)
 <use QU-logo.jpg>
Package pdftex.def Info: QU-logo.jpg used on input line 3510.
(pdftex.def)             Requested size: 347.29665pt x 62.23235pt.
 [62]
File: QU-logo.jpg Graphic file (type jpg)
 <use QU-logo.jpg>
Package pdftex.def Info: QU-logo.jpg used on input line 3556.
(pdftex.def)             Requested size: 347.29665pt x 62.23235pt.
 [63]
File: QU-logo.jpg Graphic file (type jpg)

<use QU-logo.jpg>
Package pdftex.def Info: QU-logo.jpg used on input line 3601.
(pdftex.def)             Requested size: 347.29665pt x 62.23235pt.
 [64]
File: QU-logo.jpg Graphic file (type jpg)
 <use QU-logo.jpg>
Package pdftex.def Info: QU-logo.jpg used on input line 3642.
(pdftex.def)             Requested size: 347.29665pt x 62.23235pt.
 [65]
File: QU-logo.jpg Graphic file (type jpg)
 <use QU-logo.jpg>
Package pdftex.def Info: QU-logo.jpg used on input line 3725.
(pdftex.def)             Requested size: 347.29665pt x 62.23235pt.
 [66]
File: QU-logo.jpg Graphic file (type jpg)

<use QU-logo.jpg>
Package pdftex.def Info: QU-logo.jpg used on input line 3780.
(pdftex.def)             Requested size: 347.29665pt x 62.23235pt.
 [67]
Overfull \hbox (14.89218pt too wide) in paragraph at lines 3785--3790
[]\OT1/cmr/m/n/12 The func-tion \OT1/cmtt/m/n/10.95 isofclass \OT1/cmr/m/n/12 w
hen ap-plied to an ob-ject ref-er-ence \OT1/cmtt/m/n/10.95 expression
 []

File: QU-logo.jpg Graphic file (type jpg)
<use QU-logo.jpg>
Package pdftex.def Info: QU-logo.jpg used on input line 3843.
(pdftex.def)             Requested size: 347.29665pt x 62.23235pt.
 [68]
Overfull \hbox (2.60127pt too wide) in paragraph at lines 3861--3866
[]\OT1/cmr/m/n/12 The func-tion \OT1/cmtt/m/n/10.95 sameclass \OT1/cmr/m/n/12 w
hen ap-plied to ob-ject ref-er-ences \OT1/cmtt/m/n/12 expressi-
 []

File: QU-logo.jpg Graphic file (type jpg)
<use QU-logo.jpg>
Package pdftex.def Info: QU-logo.jpg used on input line 3901.
(pdftex.def)             Requested size: 347.29665pt x 62.23235pt.
 [69]
Package epstopdf Info: Source file: <history.eps>
(epstopdf)                    date: 2016-08-16 16:21:25
(epstopdf)                    size: 7151 bytes
(epstopdf)             Output file: <history-eps-converted-to.pdf>
(epstopdf)                    date: 2016-08-16 17:34:03
(epstopdf)                    size: 6125 bytes
(epstopdf)             Command: <repstopdf --outfile=history-eps-converted-to.p
df history.eps>
(epstopdf)             \includegraphics on input line 3945.
Package epstopdf Info: Output file is already uptodate.

<history-eps-converted-to.pdf, id=1674, 363.3575pt x 74.2775pt>
File: history-eps-converted-to.pdf Graphic file (type pdf)

<use history-eps-converted-to.pdf>
Package pdftex.def Info: history-eps-converted-to.pdf used on input line 3945.
(pdftex.def)             Requested size: 398.33858pt x 81.43008pt.
File: QU-logo.jpg Graphic file (type jpg)
 <use QU-logo.jpg>
Package pdftex.def Info: QU-logo.jpg used on input line 3946.
(pdftex.def)             Requested size: 347.29665pt x 62.23235pt.
 [70]
LaTeX Font Info:    External font `cmex10' loaded for size
(Font)              <10.95> on input line 3956.

Overfull \hbox (3.35112pt too wide) in paragraph at lines 3956--3968
 [] 
 []

File: QU-logo.jpg Graphic file (type jpg)
<use QU-logo.jpg>
Package pdftex.def Info: QU-logo.jpg used on input line 4013.
(pdftex.def)             Requested size: 347.29665pt x 62.23235pt.
 [71 <./history-eps-converted-to.pdf>]
Overfull \hbox (7.64671pt too wide) in paragraph at lines 4050--4057
[]\OT1/cmr/m/n/12 For a sim-ple ex-am-ple of class names, sup-pose that a func-
tion called \OT1/cmtt/m/n/12 build[]rel
 []

File: QU-logo.jpg Graphic file (type jpg)
<use QU-logo.jpg>
Package pdftex.def Info: QU-logo.jpg used on input line 4060.
(pdftex.def)             Requested size: 347.29665pt x 62.23235pt.
 [72]
File: QU-logo.jpg Graphic file (type jpg)
 <use QU-logo.jpg>
Package pdftex.def Info: QU-logo.jpg used on input line 4115.
(pdftex.def)             Requested size: 347.29665pt x 62.23235pt.
 [73]
File: QU-logo.jpg Graphic file (type jpg)
 <use QU-logo.jpg>
Package pdftex.def Info: QU-logo.jpg used on input line 4191.
(pdftex.def)             Requested size: 347.29665pt x 62.23235pt.
 [74]
File: QU-logo.jpg Graphic file (type jpg)

<use QU-logo.jpg>
Package pdftex.def Info: QU-logo.jpg used on input line 4255.
(pdftex.def)             Requested size: 347.29665pt x 62.23235pt.
 [75]
File: QU-logo.jpg Graphic file (type jpg)
 <use QU-logo.jpg>
Package pdftex.def Info: QU-logo.jpg used on input line 4300.
(pdftex.def)             Requested size: 347.29665pt x 62.23235pt.
 [76]
Overfull \hbox (10.99986pt too wide) in paragraph at lines 4322--4322
 []             \OT1/cmss/m/n/12 oth-ers    \OT1/cmtt/m/n/12 -> "Neither France
 nor Brazil are winners"[] 
 []

File: QU-logo.jpg Graphic file (type jpg)
<use QU-logo.jpg>
Package pdftex.def Info: QU-logo.jpg used on input line 4350.
(pdftex.def)             Requested size: 347.29665pt x 62.23235pt.
 [77]
File: QU-logo.jpg Graphic file (type jpg)
 <use QU-logo.jpg>
Package pdftex.def Info: QU-logo.jpg used on input line 4398.
(pdftex.def)             Requested size: 347.29665pt x 62.23235pt.
 [78]
Overfull \hbox (35.67334pt too wide) in paragraph at lines 4416--4416
 []    \OT1/cmtt/m/n/12 m1 \OT1/cmss/m/n/12 mu-nion \OT1/cmtt/m/n/12 m2 -> map2
seq[@T1, @T2] (m1) ^  map2seq[@T1, @T2] (m2)[] 
 []

File: QU-logo.jpg Graphic file (type jpg)
<use QU-logo.jpg>
Package pdftex.def Info: QU-logo.jpg used on input line 4457.
(pdftex.def)             Requested size: 347.29665pt x 62.23235pt.
 [79]
File: QU-logo.jpg Graphic file (type jpg)
 <use QU-logo.jpg>
Package pdftex.def Info: QU-logo.jpg used on input line 4512.
(pdftex.def)             Requested size: 347.29665pt x 62.23235pt.
 [80]
File: QU-logo.jpg Graphic file (type jpg)
 <use QU-logo.jpg>
Package pdftex.def Info: QU-logo.jpg used on input line 4572.
(pdftex.def)             Requested size: 347.29665pt x 62.23235pt.
 [81]
Overfull \hbox (5.83493pt too wide) in paragraph at lines 4580--4580
 []     \OT1/cmtt/m/n/12 protected e3 : Expert = mk_Expert(eid2,  <Mech>, <Chem
> );[] 
 []

File: QU-logo.jpg Graphic file (type jpg)
<use QU-logo.jpg>
Package pdftex.def Info: QU-logo.jpg used on input line 4638.
(pdftex.def)             Requested size: 347.29665pt x 62.23235pt.
 [82]
File: QU-logo.jpg Graphic file (type jpg)
 <use QU-logo.jpg>
Package pdftex.def Info: QU-logo.jpg used on input line 4685.
(pdftex.def)             Requested size: 347.29665pt x 62.23235pt.
 [83]
File: QU-logo.jpg Graphic file (type jpg)
 <use QU-logo.jpg>
Package pdftex.def Info: QU-logo.jpg used on input line 4826.
(pdftex.def)             Requested size: 347.29665pt x 62.23235pt.
 [84]
File: QU-logo.jpg Graphic file (type jpg)

<use QU-logo.jpg>
Package pdftex.def Info: QU-logo.jpg used on input line 4896.
(pdftex.def)             Requested size: 347.29665pt x 62.23235pt.
 [85]
File: QU-logo.jpg Graphic file (type jpg)
 <use QU-logo.jpg>
Package pdftex.def Info: QU-logo.jpg used on input line 4948.
(pdftex.def)             Requested size: 347.29665pt x 62.23235pt.
 [86]
File: QU-logo.jpg Graphic file (type jpg)
 <use QU-logo.jpg>
Package pdftex.def Info: QU-logo.jpg used on input line 4997.
(pdftex.def)             Requested size: 347.29665pt x 62.23235pt.
 [87]
File: QU-logo.jpg Graphic file (type jpg)

<use QU-logo.jpg>
Package pdftex.def Info: QU-logo.jpg used on input line 5085.
(pdftex.def)             Requested size: 347.29665pt x 62.23235pt.
 [88]
File: QU-logo.jpg Graphic file (type jpg)
 <use QU-logo.jpg>
Package pdftex.def Info: QU-logo.jpg used on input line 5138.
(pdftex.def)             Requested size: 347.29665pt x 62.23235pt.
 [89]
File: QU-logo.jpg Graphic file (type jpg)
 <use QU-logo.jpg>
Package pdftex.def Info: QU-logo.jpg used on input line 5189.
(pdftex.def)             Requested size: 347.29665pt x 62.23235pt.
 [90]
Overfull \hbox (5.26212pt too wide) in paragraph at lines 5220--5220
 []     \OT1/cmtt/m/n/12 runners_up = \OMS/cmtt/m/n/12 f \OT1/cmtt/m/n/12 gp |-
> GroupRunnerUp(gp) | gp \OT1/cmss/m/n/12 in set dom \OT1/cmtt/m/n/12 gps\OMS/c
mtt/m/n/12 g[] 
 []

File: QU-logo.jpg Graphic file (type jpg)
<use QU-logo.jpg>
Package pdftex.def Info: QU-logo.jpg used on input line 5240.
(pdftex.def)             Requested size: 347.29665pt x 62.23235pt.
 [91]
File: QU-logo.jpg Graphic file (type jpg)
 <use QU-logo.jpg>
Package pdftex.def Info: QU-logo.jpg used on input line 5294.
(pdftex.def)             Requested size: 347.29665pt x 62.23235pt.
 [92]
File: QU-logo.jpg Graphic file (type jpg)
 <use QU-logo.jpg>
Package pdftex.def Info: QU-logo.jpg used on input line 5372.
(pdftex.def)             Requested size: 347.29665pt x 62.23235pt.
 [93]
File: QU-logo.jpg Graphic file (type jpg)

<use QU-logo.jpg>
Package pdftex.def Info: QU-logo.jpg used on input line 5418.
(pdftex.def)             Requested size: 347.29665pt x 62.23235pt.
 [94]
File: QU-logo.jpg Graphic file (type jpg)
 <use QU-logo.jpg>
Package pdftex.def Info: QU-logo.jpg used on input line 5460.
(pdftex.def)             Requested size: 347.29665pt x 62.23235pt.
 [95]
File: QU-logo.jpg Graphic file (type jpg)
 <use QU-logo.jpg>
Package pdftex.def Info: QU-logo.jpg used on input line 5523.
(pdftex.def)             Requested size: 347.29665pt x 62.23235pt.
 [96]
File: QU-logo.jpg Graphic file (type jpg)

<use QU-logo.jpg>
Package pdftex.def Info: QU-logo.jpg used on input line 5560.
(pdftex.def)             Requested size: 347.29665pt x 62.23235pt.
 [97]
File: QU-logo.jpg Graphic file (type jpg)
 <use QU-logo.jpg>
Package pdftex.def Info: QU-logo.jpg used on input line 5620.
(pdftex.def)             Requested size: 347.29665pt x 62.23235pt.
 [98]
File: QU-logo.jpg Graphic file (type jpg)
 <use QU-logo.jpg>
Package pdftex.def Info: QU-logo.jpg used on input line 5661.
(pdftex.def)             Requested size: 347.29665pt x 62.23235pt.
 [99]
File: QU-logo.jpg Graphic file (type jpg)

<use QU-logo.jpg>
Package pdftex.def Info: QU-logo.jpg used on input line 5709.
(pdftex.def)             Requested size: 347.29665pt x 62.23235pt.
 [100]
File: QU-logo.jpg Graphic file (type jpg)
 <use QU-logo.jpg>
Package pdftex.def Info: QU-logo.jpg used on input line 5758.
(pdftex.def)             Requested size: 347.29665pt x 62.23235pt.
 [101]
Overfull \hbox (12.4069pt too wide) in paragraph at lines 5770--5778
\OT1/cmr/m/n/12 Here \OT1/cmtt/m/n/12 BubbleMin \OT1/cmr/m/n/12 ``bub-bles'' th
e min-i-mum value in the sub-se-quence \OT1/cmtt/m/n/12 l(x,...,y)
 []

File: QU-logo.jpg Graphic file (type jpg)
<use QU-logo.jpg>
Package pdftex.def Info: QU-logo.jpg used on input line 5801.
(pdftex.def)             Requested size: 347.29665pt x 62.23235pt.
 [102]
File: QU-logo.jpg Graphic file (type jpg)
 <use QU-logo.jpg>
Package pdftex.def Info: QU-logo.jpg used on input line 5859.
(pdftex.def)             Requested size: 347.29665pt x 62.23235pt.
 [103]
File: QU-logo.jpg Graphic file (type jpg)
 <use QU-logo.jpg>
Package pdftex.def Info: QU-logo.jpg used on input line 5902.
(pdftex.def)             Requested size: 347.29665pt x 62.23235pt.
 [104]
Overfull \hbox (1.95724pt too wide) in paragraph at lines 5947--5951
[]\OT1/cmr/m/n/12 In the fol-low-ing ex-am-ple \OT1/cmtt/m/n/12 OpCall \OT1/cmr
/m/n/12 is an op-er-a-tion call whereas \OT1/cmtt/m/n/12 FunCall
 []

File: QU-logo.jpg Graphic file (type jpg)
<use QU-logo.jpg>
Package pdftex.def Info: QU-logo.jpg used on input line 5952.
(pdftex.def)             Requested size: 347.29665pt x 62.23235pt.
 [105]
File: QU-logo.jpg Graphic file (type jpg)
 <use QU-logo.jpg>
Package pdftex.def Info: QU-logo.jpg used on input line 6009.
(pdftex.def)             Requested size: 347.29665pt x 62.23235pt.
 [106]
File: QU-logo.jpg Graphic file (type jpg)
 <use QU-logo.jpg>
Package pdftex.def Info: QU-logo.jpg used on input line 6063.
(pdftex.def)             Requested size: 347.29665pt x 62.23235pt.
 [107]
File: QU-logo.jpg Graphic file (type jpg)

<use QU-logo.jpg>
Package pdftex.def Info: QU-logo.jpg used on input line 6096.
(pdftex.def)             Requested size: 347.29665pt x 62.23235pt.
 [108]
File: QU-logo.jpg Graphic file (type jpg)
 <use QU-logo.jpg>
Package pdftex.def Info: QU-logo.jpg used on input line 6148.
(pdftex.def)             Requested size: 347.29665pt x 62.23235pt.
 [109]
File: QU-logo.jpg Graphic file (type jpg)
 <use QU-logo.jpg>
Package pdftex.def Info: QU-logo.jpg used on input line 6198.
(pdftex.def)             Requested size: 347.29665pt x 62.23235pt.
 [110]
File: QU-logo.jpg Graphic file (type jpg)

<use QU-logo.jpg>
Package pdftex.def Info: QU-logo.jpg used on input line 6255.
(pdftex.def)             Requested size: 347.29665pt x 62.23235pt.
 [111]
File: QU-logo.jpg Graphic file (type jpg)
 <use QU-logo.jpg>
Package pdftex.def Info: QU-logo.jpg used on input line 6310.
(pdftex.def)             Requested size: 347.29665pt x 62.23235pt.
 [112]
File: QU-logo.jpg Graphic file (type jpg)
 <use QU-logo.jpg>
Package pdftex.def Info: QU-logo.jpg used on input line 6356.
(pdftex.def)             Requested size: 347.29665pt x 62.23235pt.
 [113]
File: QU-logo.jpg Graphic file (type jpg)

<use QU-logo.jpg>
Package pdftex.def Info: QU-logo.jpg used on input line 6417.
(pdftex.def)             Requested size: 347.29665pt x 62.23235pt.
 [114]
File: QU-logo.jpg Graphic file (type jpg)
 <use QU-logo.jpg>
Package pdftex.def Info: QU-logo.jpg used on input line 6472.
(pdftex.def)             Requested size: 347.29665pt x 62.23235pt.
 [115]
File: QU-logo.jpg Graphic file (type jpg)
 <use QU-logo.jpg>
Package pdftex.def Info: QU-logo.jpg used on input line 6510.
(pdftex.def)             Requested size: 347.29665pt x 62.23235pt.
 [116]
File: QU-logo.jpg Graphic file (type jpg)

<use QU-logo.jpg>
Package pdftex.def Info: QU-logo.jpg used on input line 6549.
(pdftex.def)             Requested size: 347.29665pt x 62.23235pt.
 [117]
File: QU-logo.jpg Graphic file (type jpg)
 <use QU-logo.jpg>
Package pdftex.def Info: QU-logo.jpg used on input line 6598.
(pdftex.def)             Requested size: 347.29665pt x 62.23235pt.
 [118]
File: QU-logo.jpg Graphic file (type jpg)
 <use QU-logo.jpg>
Package pdftex.def Info: QU-logo.jpg used on input line 6656.
(pdftex.def)             Requested size: 347.29665pt x 62.23235pt.
 [119]
File: QU-logo.jpg Graphic file (type jpg)

<use QU-logo.jpg>
Package pdftex.def Info: QU-logo.jpg used on input line 6715.
(pdftex.def)             Requested size: 347.29665pt x 62.23235pt.
 [120]
File: QU-logo.jpg Graphic file (type jpg)
 <use QU-logo.jpg>
Package pdftex.def Info: QU-logo.jpg used on input line 6745.
(pdftex.def)             Requested size: 347.29665pt x 62.23235pt.
 [121]
Overfull \hbox (18.18494pt too wide) in paragraph at lines 6777--6777
 []       \OT1/cmtt/m/n/12 b.BInit();           --illegal since BInit is (by de
fault)[] 
 []


Overfull \hbox (30.53494pt too wide) in paragraph at lines 6783--6783
 []                            \OT1/cmtt/m/n/12 --OK since compare is a public 
instance[] 
 []


Overfull \hbox (24.35994pt too wide) in paragraph at lines 6784--6784
 []                            \OT1/cmtt/m/n/12 --attribute and Avalue is publi
c class[] 
 []

File: QU-logo.jpg Graphic file (type jpg)
<use QU-logo.jpg>
Package pdftex.def Info: QU-logo.jpg used on input line 6786.
(pdftex.def)             Requested size: 347.29665pt x 62.23235pt.
 [122]
File: QU-logo.jpg Graphic file (type jpg)
 <use QU-logo.jpg>
Package pdftex.def Info: QU-logo.jpg used on input line 6837.
(pdftex.def)             Requested size: 347.29665pt x 62.23235pt.
 [123]
File: QU-logo.jpg Graphic file (type jpg)
 <use QU-logo.jpg>
Package pdftex.def Info: QU-logo.jpg used on input line 6905.
(pdftex.def)             Requested size: 347.29665pt x 62.23235pt.
 [124]
File: QU-logo.jpg Graphic file (type jpg)

<use QU-logo.jpg>
Package pdftex.def Info: QU-logo.jpg used on input line 6960.
(pdftex.def)             Requested size: 347.29665pt x 62.23235pt.
 [125]
Overfull \hbox (11.76497pt too wide) in paragraph at lines 6986--6993
[][] 
 []

File: QU-logo.jpg Graphic file (type jpg)
<use QU-logo.jpg>
Package pdftex.def Info: QU-logo.jpg used on input line 7017.
(pdftex.def)             Requested size: 347.29665pt x 62.23235pt.
 [126]
File: QU-logo.jpg Graphic file (type jpg)
 <use QU-logo.jpg>
Package pdftex.def Info: QU-logo.jpg used on input line 7073.
(pdftex.def)             Requested size: 347.29665pt x 62.23235pt.
 [127]
File: QU-logo.jpg Graphic file (type jpg)
 <use QU-logo.jpg>
Package pdftex.def Info: QU-logo.jpg used on input line 7128.
(pdftex.def)             Requested size: 347.29665pt x 62.23235pt.
 [128]
Overfull \hbox (1.94046pt too wide) in paragraph at lines 7155--7164
[]\OT1/cmr/m/n/12 Inheritance of mu-tex con-straints is com-pletely anal-o-gous
 to the in-her-i-tance scheme
 []

File: QU-logo.jpg Graphic file (type jpg)
<use QU-logo.jpg>
Package pdftex.def Info: QU-logo.jpg used on input line 7173.
(pdftex.def)             Requested size: 347.29665pt x 62.23235pt.
 [129]
File: QU-logo.jpg Graphic file (type jpg)
 <use QU-logo.jpg>
Package pdftex.def Info: QU-logo.jpg used on input line 7225.
(pdftex.def)             Requested size: 347.29665pt x 62.23235pt.
 [130]
File: QU-logo.jpg Graphic file (type jpg)
 <use QU-logo.jpg>
Package pdftex.def Info: QU-logo.jpg used on input line 7398.
(pdftex.def)             Requested size: 347.29665pt x 62.23235pt.
 [131]
File: QU-logo.jpg Graphic file (type jpg)

<use QU-logo.jpg>
Package pdftex.def Info: QU-logo.jpg used on input line 7437.
(pdftex.def)             Requested size: 347.29665pt x 62.23235pt.
 [132]
File: QU-logo.jpg Graphic file (type jpg)
 <use QU-logo.jpg>
Package pdftex.def Info: QU-logo.jpg used on input line 8131.
(pdftex.def)             Requested size: 347.29665pt x 62.23235pt.
 [133]
File: QU-logo.jpg Graphic file (type jpg)
 <use QU-logo.jpg>
Package pdftex.def Info: QU-logo.jpg used on input line 8207.
(pdftex.def)             Requested size: 347.29665pt x 62.23235pt.
 [134]
Underfull \hbox (badness 10000) in paragraph at lines 8214--8218

 []

File: QU-logo.jpg Graphic file (type jpg)
<use QU-logo.jpg>
Package pdftex.def Info: QU-logo.jpg used on input line 8244.
(pdftex.def)             Requested size: 347.29665pt x 62.23235pt.
 [135]
Overfull \hbox (2.4774pt too wide) in paragraph at lines 8255--8255
 []  \OT1/cmtt/m/n/12 PushBeforePop : s.Reset(); (\OT1/cmss/m/n/12 let \OT1/cmt
t/m/n/12 x \OT1/cmss/m/n/12 in set \OT1/cmtt/m/n/12 1,2 \OT1/cmss/m/n/12 in \OT
1/cmtt/m/n/12 s.Push(x))\OMS/cmtt/m/n/12 f\OT1/cmtt/m/n/12 1,4\OMS/cmtt/m/n/12 
g\OT1/cmtt/m/n/12 ;[] 
 []


Overfull \hbox (16.65079pt too wide) in paragraph at lines 8263--8263
[]\OT1/cmr/bx/n/17.28 Differences be-tween VDM++ and ISO /VDM-
 []


Underfull \hbox (badness 10000) in paragraph at lines 8284--8285

 []

File: QU-logo.jpg Graphic file (type jpg)
<use QU-logo.jpg>
Package pdftex.def Info: QU-logo.jpg used on input line 8296.
(pdftex.def)             Requested size: 347.29665pt x 62.23235pt.
 [136]
Underfull \hbox (badness 10000) in paragraph at lines 8355--8356

 []

File: QU-logo.jpg Graphic file (type jpg)
<use QU-logo.jpg>
Package pdftex.def Info: QU-logo.jpg used on input line 8356.
(pdftex.def)             Requested size: 347.29665pt x 62.23235pt.
 [137]
File: QU-logo.jpg Graphic file (type jpg)
 <use QU-logo.jpg>
Package pdftex.def Info: QU-logo.jpg used on input line 8416.
(pdftex.def)             Requested size: 347.29665pt x 62.23235pt.
 [138]
File: QU-logo.jpg Graphic file (type jpg)
 <use QU-logo.jpg>
Package pdftex.def Info: QU-logo.jpg used on input line 8460.
(pdftex.def)             Requested size: 347.29665pt x 62.23235pt.
 [139]
File: QU-logo.jpg Graphic file (type jpg)

<use QU-logo.jpg>
Package pdftex.def Info: QU-logo.jpg used on input line 8467.
(pdftex.def)             Requested size: 347.29665pt x 62.23235pt.
 [140] (./langmanpp_a4E.bbl)
File: QU-logo.jpg Graphic file (type jpg)
 <use QU-logo.jpg>
Package pdftex.def Info: QU-logo.jpg used on input line 8473.
(pdftex.def)             Requested size: 347.29665pt x 62.23235pt.
 [141]
File: QU-logo.jpg Graphic file (type jpg)

<use QU-logo.jpg>
Package pdftex.def Info: QU-logo.jpg used on input line 8549.
(pdftex.def)             Requested size: 347.29665pt x 62.23235pt.
 [142]
File: QU-logo.jpg Graphic file (type jpg)
 <use QU-logo.jpg>
Package pdftex.def Info: QU-logo.jpg used on input line 8618.
(pdftex.def)             Requested size: 347.29665pt x 62.23235pt.
 [143]
File: QU-logo.jpg Graphic file (type jpg)
 <use QU-logo.jpg>
Package pdftex.def Info: QU-logo.jpg used on input line 8693.
(pdftex.def)             Requested size: 347.29665pt x 62.23235pt.
 [144]
File: QU-logo.jpg Graphic file (type jpg)

<use QU-logo.jpg>
Package pdftex.def Info: QU-logo.jpg used on input line 8763.
(pdftex.def)             Requested size: 347.29665pt x 62.23235pt.
 [145]
File: QU-logo.jpg Graphic file (type jpg)
 <use QU-logo.jpg>
Package pdftex.def Info: QU-logo.jpg used on input line 8827.
(pdftex.def)             Requested size: 347.29665pt x 62.23235pt.
 [146]
File: QU-logo.jpg Graphic file (type jpg)
 <use QU-logo.jpg>
Package pdftex.def Info: QU-logo.jpg used on input line 8887.
(pdftex.def)             Requested size: 347.29665pt x 62.23235pt.
 [147]pdfTeX warning (ext4): destination with the same identifier (name{rule:th
read\040definitions}) has been already used, duplicate ignored
<to be read again> 
                   \relax 
l.9000     \OptPt{\Ruleref{thread definition}} }
                                                
File: QU-logo.jpg Graphic file (type jpg)
 <use QU-logo.jpg>
Package pdftex.def Info: QU-logo.jpg used on input line 9000.
(pdftex.def)             Requested size: 347.29665pt x 62.23235pt.
 [148]pdfTeX warning (ext4): destination with the same identifier (name{rule:pr
ocedural\040thread\040definition}) has been already used, duplicate ignored
<to be read again> 
                   \relax 
l.9007       \Ruleref{statement}}
                                 
File: QU-logo.jpg Graphic file (type jpg)
 <use QU-logo.jpg>
Package pdftex.def Info: QU-logo.jpg used on input line 9070.
(pdftex.def)             Requested size: 347.29665pt x 62.23235pt.
 [149]
File: QU-logo.jpg Graphic file (type jpg)
 <use QU-logo.jpg>
Package pdftex.def Info: QU-logo.jpg used on input line 9123.
(pdftex.def)             Requested size: 347.29665pt x 62.23235pt.

[150]
File: QU-logo.jpg Graphic file (type jpg)
 <use QU-logo.jpg>
Package pdftex.def Info: QU-logo.jpg used on input line 9171.
(pdftex.def)             Requested size: 347.29665pt x 62.23235pt.
 [151]
File: QU-logo.jpg Graphic file (type jpg)
 <use QU-logo.jpg>
Package pdftex.def Info: QU-logo.jpg used on input line 9228.
(pdftex.def)             Requested size: 347.29665pt x 62.23235pt.
 [152]
File: QU-logo.jpg Graphic file (type jpg)
 <use QU-logo.jpg>
Package pdftex.def Info: QU-logo.jpg used on input line 9334.
(pdftex.def)             Requested size: 347.29665pt x 62.23235pt.

[153]
File: QU-logo.jpg Graphic file (type jpg)
 <use QU-logo.jpg>
Package pdftex.def Info: QU-logo.jpg used on input line 9346.
(pdftex.def)             Requested size: 347.29665pt x 62.23235pt.
 [154]
File: QU-logo.jpg Graphic file (type jpg)
 <use QU-logo.jpg>
Package pdftex.def Info: QU-logo.jpg used on input line 9431.
(pdftex.def)             Requested size: 347.29665pt x 62.23235pt.
 [155]
File: QU-logo.jpg Graphic file (type jpg)
 <use QU-logo.jpg>
Package pdftex.def Info: QU-logo.jpg used on input line 9497.
(pdftex.def)             Requested size: 347.29665pt x 62.23235pt.

[156]
File: QU-logo.jpg Graphic file (type jpg)
 <use QU-logo.jpg>
Package pdftex.def Info: QU-logo.jpg used on input line 9563.
(pdftex.def)             Requested size: 347.29665pt x 62.23235pt.
 [157]
File: QU-logo.jpg Graphic file (type jpg)
 <use QU-logo.jpg>
Package pdftex.def Info: QU-logo.jpg used on input line 9620.
(pdftex.def)             Requested size: 347.29665pt x 62.23235pt.
 [158]
File: QU-logo.jpg Graphic file (type jpg)
 <use QU-logo.jpg>
Package pdftex.def Info: QU-logo.jpg used on input line 9668.
(pdftex.def)             Requested size: 347.29665pt x 62.23235pt.

[159]
File: QU-logo.jpg Graphic file (type jpg)
 <use QU-logo.jpg>
Package pdftex.def Info: QU-logo.jpg used on input line 9721.
(pdftex.def)             Requested size: 347.29665pt x 62.23235pt.
 [160]
File: QU-logo.jpg Graphic file (type jpg)
 <use QU-logo.jpg>
Package pdftex.def Info: QU-logo.jpg used on input line 9773.
(pdftex.def)             Requested size: 347.29665pt x 62.23235pt.
 [161]
File: QU-logo.jpg Graphic file (type jpg)
 <use QU-logo.jpg>
Package pdftex.def Info: QU-logo.jpg used on input line 9848.
(pdftex.def)             Requested size: 347.29665pt x 62.23235pt.

[162]
File: QU-logo.jpg Graphic file (type jpg)
 <use QU-logo.jpg>
Package pdftex.def Info: QU-logo.jpg used on input line 9906.
(pdftex.def)             Requested size: 347.29665pt x 62.23235pt.
 [163]
File: QU-logo.jpg Graphic file (type jpg)
 <use QU-logo.jpg>
Package pdftex.def Info: QU-logo.jpg used on input line 9982.
(pdftex.def)             Requested size: 347.29665pt x 62.23235pt.
 [164]
File: QU-logo.jpg Graphic file (type jpg)
 <use QU-logo.jpg>
Package pdftex.def Info: QU-logo.jpg used on input line 10036.
(pdftex.def)             Requested size: 347.29665pt x 62.23235pt.

[165]
File: QU-logo.jpg Graphic file (type jpg)
 <use QU-logo.jpg>
Package pdftex.def Info: QU-logo.jpg used on input line 10108.
(pdftex.def)             Requested size: 347.29665pt x 62.23235pt.
 [166pdfTeX warning (ext4): destination with the same identifier (name{rule:tup
le\040pattern}) has been already used, duplicate ignored

\AtBegShi@Output ...ipout \box \AtBeginShipoutBox 
                                                  \fi \fi 
l.10108   }
           ]
Overfull \hbox (5.69052pt too wide) in paragraph at lines 10239--10248
[][] 
 []

File: QU-logo.jpg Graphic file (type jpg)
<use QU-logo.jpg>
Package pdftex.def Info: QU-logo.jpg used on input line 10253.
(pdftex.def)             Requested size: 347.29665pt x 62.23235pt.
 [167]
File: QU-logo.jpg Graphic file (type jpg)
 <use QU-logo.jpg>
Package pdftex.def Info: QU-logo.jpg used on input line 10255.
(pdftex.def)             Requested size: 347.29665pt x 62.23235pt.
 [168]
File: QU-logo.jpg Graphic file (type jpg)
 <use QU-logo.jpg>
Package pdftex.def Info: QU-logo.jpg used on input line 10255.
(pdftex.def)             Requested size: 347.29665pt x 62.23235pt.
 [169]
File: QU-logo.jpg Graphic file (type jpg)

<use QU-logo.jpg>
Package pdftex.def Info: QU-logo.jpg used on input line 10436.
(pdftex.def)             Requested size: 347.29665pt x 62.23235pt.
 [170

]
File: QU-logo.jpg Graphic file (type jpg)
 <use QU-logo.jpg>
Package pdftex.def Info: QU-logo.jpg used on input line 10537.
(pdftex.def)             Requested size: 347.29665pt x 62.23235pt.
 [171]
File: QU-logo.jpg Graphic file (type jpg)
 <use QU-logo.jpg>
Package pdftex.def Info: QU-logo.jpg used on input line 10569.
(pdftex.def)             Requested size: 347.29665pt x 62.23235pt.
 [172]
File: QU-logo.jpg Graphic file (type jpg)

<use QU-logo.jpg>
Package pdftex.def Info: QU-logo.jpg used on input line 10627.
(pdftex.def)             Requested size: 347.29665pt x 62.23235pt.
 [173]pdfTeX warning (ext4): destination with the same identifier (name{rule:it
erate}) has been already used, duplicate ignored
<to be read again> 
                   \relax 
l.10631   }
           pdfTeX warning (ext4): destination with the same identifier (name{ru
le:composition}) has been already used, duplicate ignored
<to be read again> 
                   \relax 
l.10635   }
           
File: QU-logo.jpg Graphic file (type jpg)
 <use QU-logo.jpg>
Package pdftex.def Info: QU-logo.jpg used on input line 10694.
(pdftex.def)             Requested size: 347.29665pt x 62.23235pt.
 [174]
File: QU-logo.jpg Graphic file (type jpg)
 <use QU-logo.jpg>
Package pdftex.def Info: QU-logo.jpg used on input line 10778.
(pdftex.def)             Requested size: 347.29665pt x 62.23235pt.
 [175]
File: QU-logo.jpg Graphic file (type jpg)
 <use QU-logo.jpg>
Package pdftex.def Info: QU-logo.jpg used on input line 10830.
(pdftex.def)             Requested size: 347.29665pt x 62.23235pt.

[176]
File: QU-logo.jpg Graphic file (type jpg)
 <use QU-logo.jpg>
Package pdftex.def Info: QU-logo.jpg used on input line 10888.
(pdftex.def)             Requested size: 347.29665pt x 62.23235pt.
 [177]
Underfull \hbox (badness 10000) in paragraph at lines 10909--10913

 []

File: QU-logo.jpg Graphic file (type jpg)
<use QU-logo.jpg>
Package pdftex.def Info: QU-logo.jpg used on input line 10959.
(pdftex.def)             Requested size: 347.29665pt x 62.23235pt.
 [178]
File: QU-logo.jpg Graphic file (type jpg)
 <use QU-logo.jpg>
Package pdftex.def Info: QU-logo.jpg used on input line 10975.
(pdftex.def)             Requested size: 347.29665pt x 62.23235pt.
 [179]
File: QU-logo.jpg Graphic file (type jpg)
 <use QU-logo.jpg>
Package pdftex.def Info: QU-logo.jpg used on input line 11028.
(pdftex.def)             Requested size: 347.29665pt x 62.23235pt.
 [180]
LaTeX Font Info:    Font shape `OT1/cmtt/bx/n' in size <12> not available
(Font)              Font shape `OT1/cmtt/m/n' tried instead on input line 11071
.
File: QU-logo.jpg Graphic file (type jpg)

<use QU-logo.jpg>
Package pdftex.def Info: QU-logo.jpg used on input line 11075.
(pdftex.def)             Requested size: 347.29665pt x 62.23235pt.
 [181]
File: QU-logo.jpg Graphic file (type jpg)
 <use QU-logo.jpg>
Package pdftex.def Info: QU-logo.jpg used on input line 11119.
(pdftex.def)             Requested size: 347.29665pt x 62.23235pt.
 [182]
Overfull \hbox (28.35036pt too wide) in paragraph at lines 11131--11131
[]        \OT1/cmtt/m/n/12 (\OT1/cmss/m/n/12 def \OT1/cmtt/m/n/12 - = io.fecho(
logfilename, URLtoString(url)^[]"\n", <append>);[] 
 []


Overfull \hbox (46.8022pt too wide) in paragraph at lines 11156--11160
[]
 []

File: QU-logo.jpg Graphic file (type jpg)
<use QU-logo.jpg>
Package pdftex.def Info: QU-logo.jpg used on input line 11162.
(pdftex.def)             Requested size: 347.29665pt x 62.23235pt.
 [183]
Overfull \hbox (19.68526pt too wide) in paragraph at lines 11172--11172
[]\OT1/cmtt/m/n/12 -- Standard library for the VDMTools Interpreter. When the i
nterpreter[] 
 []


Overfull \hbox (19.68526pt too wide) in paragraph at lines 11174--11174
[]\OT1/cmtt/m/n/12 -- corresponding internal functions is called instead of iss
uing a run[] 
 []


Overfull \hbox (1.16025pt too wide) in paragraph at lines 11175--11175
[]\OT1/cmtt/m/n/12 -- time error. Signatures should not be changed, as well as 
name of[] 
 []


Overfull \hbox (19.68526pt too wide) in paragraph at lines 11181--11181
[]\OT1/cmtt/m/n/12 -- Converts a set argument into a sequence in non-determinis
tic order.[] 
 []


Overfull \hbox (0.64972pt too wide) in paragraph at lines 11189--11189
[]\OT1/cmtt/m/n/12 get_file_pos : () +> [ \OT1/cmss/m/n/12 seq of char \OT1/cmt
t/m/n/12 * \OT1/cmss/m/n/12 nat \OT1/cmtt/m/n/12 * \OT1/cmss/m/n/12 nat \OT1/cm
tt/m/n/12 * \OT1/cmss/m/n/12 seq of char \OT1/cmtt/m/n/12 * \OT1/cmss/m/n/12 se
q of char \OT1/cmtt/m/n/12 ][] 
 []

File: QU-logo.jpg Graphic file (type jpg)
<use QU-logo.jpg>
Package pdftex.def Info: QU-logo.jpg used on input line 11201.
(pdftex.def)             Requested size: 347.29665pt x 62.23235pt.
 [184]
File: QU-logo.jpg Graphic file (type jpg)
 <use QU-logo.jpg>
Package pdftex.def Info: QU-logo.jpg used on input line 11207.
(pdftex.def)             Requested size: 347.29665pt x 62.23235pt.
 [185] (./langmanpp_a4E.ind
File: QU-logo.jpg Graphic file (type jpg)

<use QU-logo.jpg>
Package pdftex.def Info: QU-logo.jpg used on input line 80.
(pdftex.def)             Requested size: 347.29665pt x 62.23235pt.
 [186

]
File: QU-logo.jpg Graphic file (type jpg)
 <use QU-logo.jpg>
Package pdftex.def Info: QU-logo.jpg used on input line 168.
(pdftex.def)             Requested size: 347.29665pt x 62.23235pt.
 [187]
File: QU-logo.jpg Graphic file (type jpg)
 <use QU-logo.jpg>
Package pdftex.def Info: QU-logo.jpg used on input line 259.
(pdftex.def)             Requested size: 347.29665pt x 62.23235pt.
 [188]
Overfull \hbox (1.66403pt too wide) in paragraph at lines 274--276
[]\OT1/cmr/m/n/12 extended ex-plicit func-tion def-i-ni-tion, [][]35[][],
 []

File: QU-logo.jpg Graphic file (type jpg)
<use QU-logo.jpg>
Package pdftex.def Info: QU-logo.jpg used on input line 354.
(pdftex.def)             Requested size: 347.29665pt x 62.23235pt.
 [189]
File: QU-logo.jpg Graphic file (type jpg)
 <use QU-logo.jpg>
Package pdftex.def Info: QU-logo.jpg used on input line 447.
(pdftex.def)             Requested size: 347.29665pt x 62.23235pt.
 [190]
File: QU-logo.jpg Graphic file (type jpg)
 <use QU-logo.jpg>
Package pdftex.def Info: QU-logo.jpg used on input line 542.
(pdftex.def)             Requested size: 347.29665pt x 62.23235pt.
 [191]
File: QU-logo.jpg Graphic file (type jpg)

<use QU-logo.jpg>
Package pdftex.def Info: QU-logo.jpg used on input line 640.
(pdftex.def)             Requested size: 347.29665pt x 62.23235pt.
 [192])
Package atveryend Info: Empty hook `BeforeClearDocument' on input line 11211.
Package atveryend Info: Empty hook `AfterLastShipout' on input line 11211.
 (./langmanpp_a4E.aux)
Package atveryend Info: Executing hook `AtVeryEndDocument' on input line 11211.

Package atveryend Info: Executing hook `AtEndAfterFileList' on input line 11211
.
Package rerunfilecheck Info: File `langmanpp_a4E.out' has not changed.
(rerunfilecheck)             Checksum: 9C851145C51F0C7755A5DC7AB7B75E9B;12977.


LaTeX Font Warning: Some font shapes were not available, defaults substituted.

Package atveryend Info: Empty hook `AtVeryVeryEnd' on input line 11211.
 ) 
Here is how much of TeX's memory you used:
 8111 strings out of 493089
 112994 string characters out of 6137536
 212619 words of memory out of 5000000
 10724 multiletter control sequences out of 15000+600000
 24586 words of font info for 79 fonts, out of 8000000 for 9000
 1141 hyphenation exceptions out of 8191
 36i,20n,51p,269b,578s stack positions out of 5000i,500n,10000p,200000b,80000s
pdfTeX warning (dest): name{rule:local\040definitions} has been referenced bu
t does not exist, replaced by a fixed one

pdfTeX warning (dest): name{rule:thread\040definition} has been referenced but 
does not exist, replaced by a fixed one

pdfTeX warning (dest): name{rule:access\040assignment\040definition} has been r
eferenced but does not exist, replaced by a fixed one

pdfTeX warning (dest): name{rule:access\040value\040definition} has been refere
nced but does not exist, replaced by a fixed one

pdfTeX warning (dest): name{rule:precondition\040expression} has been reference
d but does not exist, replaced by a fixed one

pdfTeX warning (dest): name{rule:access\040function\040definition} has been ref
erenced but does not exist, replaced by a fixed one

{/opt/texlive/2015/texmf-dist/fonts/enc/dvips/base/8r.enc}</opt/texlive/2015/te
xmf-dist/fonts/type1/public/amsfonts/cm/cmbx10.pfb></opt/texlive/2015/texmf-dis
t/fonts/type1/public/amsfonts/cm/cmbx12.pfb></opt/texlive/2015/texmf-dist/fonts
/type1/public/amsfonts/cm/cmex10.pfb></opt/texlive/2015/texmf-dist/fonts/type1/
public/amsfonts/cm/cmmi12.pfb></opt/texlive/2015/texmf-dist/fonts/type1/public/
amsfonts/cm/cmmi8.pfb></opt/texlive/2015/texmf-dist/fonts/type1/public/amsfonts
/cm/cmr10.pfb></opt/texlive/2015/texmf-dist/fonts/type1/public/amsfonts/cm/cmr1
2.pfb></opt/texlive/2015/texmf-dist/fonts/type1/public/amsfonts/cm/cmr6.pfb></o
pt/texlive/2015/texmf-dist/fonts/type1/public/amsfonts/cm/cmr7.pfb></opt/texliv
e/2015/texmf-dist/fonts/type1/public/amsfonts/cm/cmr8.pfb></opt/texlive/2015/te
xmf-dist/fonts/type1/public/amsfonts/cm/cmsl12.pfb></opt/texlive/2015/texmf-dis
t/fonts/type1/public/amsfonts/cm/cmss10.pfb></opt/texlive/2015/texmf-dist/fonts
/type1/public/amsfonts/cm/cmss12.pfb></opt/texlive/2015/texmf-dist/fonts/type1/
public/amsfonts/cm/cmssbx10.pfb></opt/texlive/2015/texmf-dist/fonts/type1/publi
c/amsfonts/cm/cmsy10.pfb></opt/texlive/2015/texmf-dist/fonts/type1/public/amsfo
nts/cm/cmsy8.pfb></opt/texlive/2015/texmf-dist/fonts/type1/public/amsfonts/cm/c
mti12.pfb></opt/texlive/2015/texmf-dist/fonts/type1/public/amsfonts/cm/cmti8.pf
b></opt/texlive/2015/texmf-dist/fonts/type1/public/amsfonts/cm/cmtt10.pfb></opt
/texlive/2015/texmf-dist/fonts/type1/public/amsfonts/cm/cmtt12.pfb></opt/texliv
e/2015/texmf-dist/fonts/type1/public/amsfonts/symbols/msam10.pfb></opt/texlive/
2015/texmf-dist/fonts/type1/public/amsfonts/symbols/msbm10.pfb></opt/texlive/20
15/texmf-dist/fonts/type1/urw/helvetic/uhvb8a.pfb>
Output written on langmanpp_a4E.pdf (200 pages, 825730 bytes).
PDF statistics:
 4566 PDF objects out of 5155 (max. 8388607)
 4292 compressed objects within 43 object streams
 734 named destinations out of 1000 (max. 500000)
 1365 words of extra memory for PDF output out of 10000 (max. 10000000)

